#
# There is insufficient memory for the Java Runtime Environment to continue.
# Native memory allocation (malloc) failed to allocate 1211376 bytes for Chunk::new
# Possible reasons:
#   The system is out of physical RAM or swap space
#   The process is running with CompressedOops enabled, and the Java Heap may be blocking the growth of the native heap
# Possible solutions:
#   Reduce memory load on the system
#   Increase physical memory or swap space
#   Check if swap backing store is full
#   Decrease Java heap size (-Xmx/-Xms)
#   Decrease number of Java threads
#   Decrease Java thread stack sizes (-Xss)
#   Set larger code cache with -XX:ReservedCodeCacheSize=
#   JVM is running with Unscaled Compressed Oops mode in which the Java heap is
#     placed in the first 4GB address space. The Java Heap base address is the
#     maximum limit for the native heap growth. Please use -XX:HeapBaseMinAddress
#     to set the Java Heap base and to place the Java Heap above 4GB virtual address.
# This output file may be truncated or incomplete.
#
#  Out of Memory Error (./src/hotspot/share/memory/arena.cpp:197), pid=10680, tid=8052
#
# JRE version: OpenJDK Runtime Environment (11.0.12+7) (build 11.0.12+7-b1504.28-7817840)
# Java VM: OpenJDK 64-Bit Server VM (11.0.12+7-b1504.28-7817840, mixed mode, tiered, compressed oops, g1 gc, windows-amd64)
# No core dump will be written. Minidumps are not enabled by default on client versions of Windows
#

---------------  S U M M A R Y ------------

Command Line: --add-opens=java.base/java.util=ALL-UNNAMED --add-opens=java.base/java.lang=ALL-UNNAMED --add-opens=java.base/java.lang.invoke=ALL-UNNAMED --add-opens=java.base/java.util=ALL-UNNAMED --add-opens=java.prefs/java.util.prefs=ALL-UNNAMED --add-opens=java.prefs/java.util.prefs=ALL-UNNAMED --add-opens=java.base/java.nio.charset=ALL-UNNAMED --add-opens=java.base/java.net=ALL-UNNAMED --add-opens=java.base/java.util.concurrent.atomic=ALL-UNNAMED -Xmx2048m -Dfile.encoding=UTF-8 -Duser.country=US -Duser.language=en -Duser.variant org.gradle.launcher.daemon.bootstrap.GradleDaemon 7.3.3

Host: Intel(R) Core(TM) i7-6600U CPU @ 2.60GHz, 4 cores, 7G,  Windows 10 , 64 bit Build 22000 (10.0.22000.434)
Time: Fri Aug 12 22:58:08 2022 Egypt Standard Time elapsed time: 3.690078 seconds (0d 0h 0m 3s)

---------------  T H R E A D  ---------------

Current thread (0x000001e5fcf05000):  JavaThread "C2 CompilerThread0" daemon [_thread_in_native, id=8052, stack(0x00000019ab200000,0x00000019ab300000)]


Current CompileTask:
C2:   3690 1995   !   4       java.lang.ClassLoader::loadClass (122 bytes)

Stack: [0x00000019ab200000,0x00000019ab300000]
Native frames: (J=compiled Java code, j=interpreted, Vv=VM code, C=native code)
V  [jvm.dll+0x5fbcea]
V  [jvm.dll+0x731905]
V  [jvm.dll+0x732f1d]
V  [jvm.dll+0x7335d3]
V  [jvm.dll+0x247bf8]
V  [jvm.dll+0xc018c]
V  [jvm.dll+0xc06cc]
V  [jvm.dll+0x35b2db]
V  [jvm.dll+0x19cebc]
V  [jvm.dll+0x20070e]
V  [jvm.dll+0x1ff794]
V  [jvm.dll+0x18868c]
V  [jvm.dll+0x20e0d7]
V  [jvm.dll+0x20c901]
V  [jvm.dll+0x6f9b7f]
V  [jvm.dll+0x6f26a5]
V  [jvm.dll+0x5fabf6]
C  [ucrtbase.dll+0x26c0c]
C  [KERNEL32.DLL+0x154e0]
C  [ntdll.dll+0x485b]


---------------  P R O C E S S  ---------------

Threads class SMR info:
_java_thread_list=0x000001e580e491a0, length=23, elements={
0x000001e5e32f2800, 0x000001e5fcee0000, 0x000001e5fcee3800, 0x000001e5fd872800,
0x000001e5fcf00800, 0x000001e5fcf02000, 0x000001e5fcf05000, 0x000001e5fcf06800,
0x000001e5fcf0e000, 0x000001e5fd99f800, 0x000001e580689800, 0x000001e580f9d000,
0x000001e5808d9000, 0x000001e581050000, 0x000001e580241800, 0x000001e580255000,
0x000001e580bc5000, 0x000001e580e5c800, 0x000001e580865800, 0x000001e58081a000,
0x000001e580817800, 0x000001e580818000, 0x000001e58081b800
}

Java Threads: ( => current thread )
  0x000001e5e32f2800 JavaThread "main" [_thread_blocked, id=8200, stack(0x00000019aa600000,0x00000019aa700000)]
  0x000001e5fcee0000 JavaThread "Reference Handler" daemon [_thread_blocked, id=10584, stack(0x00000019aad00000,0x00000019aae00000)]
  0x000001e5fcee3800 JavaThread "Finalizer" daemon [_thread_blocked, id=10568, stack(0x00000019aae00000,0x00000019aaf00000)]
  0x000001e5fd872800 JavaThread "Signal Dispatcher" daemon [_thread_blocked, id=10752, stack(0x00000019aaf00000,0x00000019ab000000)]
  0x000001e5fcf00800 JavaThread "Attach Listener" daemon [_thread_blocked, id=10436, stack(0x00000019ab000000,0x00000019ab100000)]
  0x000001e5fcf02000 JavaThread "Service Thread" daemon [_thread_blocked, id=10564, stack(0x00000019ab100000,0x00000019ab200000)]
=>0x000001e5fcf05000 JavaThread "C2 CompilerThread0" daemon [_thread_in_native, id=8052, stack(0x00000019ab200000,0x00000019ab300000)]
  0x000001e5fcf06800 JavaThread "C1 CompilerThread0" daemon [_thread_blocked, id=10744, stack(0x00000019ab300000,0x00000019ab400000)]
  0x000001e5fcf0e000 JavaThread "Sweeper thread" daemon [_thread_blocked, id=9808, stack(0x00000019ab400000,0x00000019ab500000)]
  0x000001e5fd99f800 JavaThread "Common-Cleaner" daemon [_thread_blocked, id=10596, stack(0x00000019ab500000,0x00000019ab600000)]
  0x000001e580689800 JavaThread "Daemon health stats" [_thread_blocked, id=7876, stack(0x00000019abb00000,0x00000019abc00000)]
  0x000001e580f9d000 JavaThread "Incoming local TCP Connector on port 51554" [_thread_in_native, id=1340, stack(0x00000019ab700000,0x00000019ab800000)]
  0x000001e5808d9000 JavaThread "Daemon periodic checks" [_thread_blocked, id=11172, stack(0x00000019abc00000,0x00000019abd00000)]
  0x000001e581050000 JavaThread "Daemon" [_thread_blocked, id=11056, stack(0x00000019abd00000,0x00000019abe00000)]
  0x000001e580241800 JavaThread "Handler for socket connection from /127.0.0.1:51554 to /127.0.0.1:51555" [_thread_in_native, id=10984, stack(0x00000019abe00000,0x00000019abf00000)]
  0x000001e580255000 JavaThread "Cancel handler" [_thread_blocked, id=4244, stack(0x00000019abf00000,0x00000019ac000000)]
  0x000001e580bc5000 JavaThread "Daemon worker" [_thread_in_native, id=6520, stack(0x00000019ac000000,0x00000019ac100000)]
  0x000001e580e5c800 JavaThread "Asynchronous log dispatcher for DefaultDaemonConnection: socket connection from /127.0.0.1:51554 to /127.0.0.1:51555" [_thread_blocked, id=11176, stack(0x00000019ac200000,0x00000019ac300000)]
  0x000001e580865800 JavaThread "Stdin handler" [_thread_blocked, id=2972, stack(0x00000019ac300000,0x00000019ac400000)]
  0x000001e58081a000 JavaThread "Daemon client event forwarder" [_thread_blocked, id=5624, stack(0x00000019ac400000,0x00000019ac500000)]
  0x000001e580817800 JavaThread "Cache worker for journal cache (C:\Users\Admin\.gradle\caches\journal-1)" [_thread_blocked, id=11452, stack(0x00000019ac100000,0x00000019ac200000)]
  0x000001e580818000 JavaThread "File lock request listener" [_thread_in_native, id=11296, stack(0x00000019ac600000,0x00000019ac700000)]
  0x000001e58081b800 JavaThread "Cache worker for file hash cache (C:\Users\Admin\.gradle\caches\7.3.3\fileHashes)" [_thread_blocked, id=5232, stack(0x00000019ac700000,0x00000019ac800000)]

Other Threads:
  0x000001e5fceda000 VMThread "VM Thread" [stack: 0x00000019aac00000,0x00000019aad00000] [id=10888]
  0x000001e5fd9b6000 WatcherThread [stack: 0x00000019ab600000,0x00000019ab700000] [id=10716]
  0x000001e5e132c800 GCTaskThread "GC Thread#0" [stack: 0x00000019aa700000,0x00000019aa800000] [id=10884]
  0x000001e5fe3eb000 GCTaskThread "GC Thread#1" [stack: 0x00000019ab800000,0x00000019ab900000] [id=10592]
  0x000001e5fe674800 GCTaskThread "GC Thread#2" [stack: 0x00000019ab900000,0x00000019aba00000] [id=7508]
  0x000001e580dc5800 GCTaskThread "GC Thread#3" [stack: 0x00000019ac500000,0x00000019ac600000] [id=7340]
  0x000001e5e3338800 ConcurrentGCThread "G1 Main Marker" [stack: 0x00000019aa800000,0x00000019aa900000] [id=10588]
  0x000001e5e3339800 ConcurrentGCThread "G1 Conc#0" [stack: 0x00000019aa900000,0x00000019aaa00000] [id=5000]
  0x000001e5e33ca800 ConcurrentGCThread "G1 Refine#0" [stack: 0x00000019aaa00000,0x00000019aab00000] [id=10760]
  0x000001e580c56800 ConcurrentGCThread "G1 Refine#1" [stack: 0x00000019aba00000,0x00000019abb00000] [id=9744]
  0x000001e5e33cb800 ConcurrentGCThread "G1 Young RemSet Sampling" [stack: 0x00000019aab00000,0x00000019aac00000] [id=10448]

Threads with active compile tasks:
C2 CompilerThread0   3713 1995   !   4       java.lang.ClassLoader::loadClass (122 bytes)

VM state:not at safepoint (normal execution)

VM Mutex/Monitor currently owned by a thread: None

Heap address: 0x0000000080000000, size: 2048 MB, Compressed Oops mode: 32-bit
Narrow klass base: 0x0000000000000000, Narrow klass shift: 3
Compressed class space size: 1073741824 Address: 0x0000000100000000

Heap:
 garbage-first heap   total 131072K, used 37525K [0x0000000080000000, 0x0000000100000000)
  region size 1024K, 25 young (25600K), 4 survivors (4096K)
 Metaspace       used 20695K, capacity 21139K, committed 21248K, reserved 1067008K
  class space    used 2540K, capacity 2710K, committed 2816K, reserved 1048576K
Heap Regions: E=young(eden), S=young(survivor), O=old, HS=humongous(starts), HC=humongous(continues), CS=collection set, F=free, A=archive, TAMS=top-at-mark-start (previous, next)
|   0|0x0000000080000000, 0x0000000080100000, 0x0000000080100000|100%| O|  |TAMS 0x0000000080000000, 0x0000000080000000| Untracked 
|   1|0x0000000080100000, 0x0000000080200000, 0x0000000080200000|100%| O|  |TAMS 0x0000000080100000, 0x0000000080100000| Untracked 
|   2|0x0000000080200000, 0x0000000080300000, 0x0000000080300000|100%| O|  |TAMS 0x0000000080200000, 0x0000000080200000| Untracked 
|   3|0x0000000080300000, 0x0000000080400000, 0x0000000080400000|100%|HS|  |TAMS 0x0000000080300000, 0x0000000080300000| Complete 
|   4|0x0000000080400000, 0x0000000080500000, 0x0000000080500000|100%|HC|  |TAMS 0x0000000080400000, 0x0000000080400000| Complete 
|   5|0x0000000080500000, 0x0000000080600000, 0x0000000080600000|100%|HC|  |TAMS 0x0000000080500000, 0x0000000080500000| Complete 
|   6|0x0000000080600000, 0x0000000080700000, 0x0000000080700000|100%| O|  |TAMS 0x0000000080600000, 0x0000000080600000| Untracked 
|   7|0x0000000080700000, 0x0000000080800000, 0x0000000080800000|100%| O|  |TAMS 0x0000000080700000, 0x0000000080700000| Untracked 
|   8|0x0000000080800000, 0x0000000080900000, 0x0000000080900000|100%| O|  |TAMS 0x0000000080800000, 0x0000000080800000| Untracked 
|   9|0x0000000080900000, 0x0000000080a00000, 0x0000000080a00000|100%| O|  |TAMS 0x0000000080900000, 0x0000000080900000| Untracked 
|  10|0x0000000080a00000, 0x0000000080b00000, 0x0000000080b00000|100%| O|  |TAMS 0x0000000080a00000, 0x0000000080a00000| Untracked 
|  11|0x0000000080b00000, 0x0000000080c00000, 0x0000000080c00000|100%| O|  |TAMS 0x0000000080b00000, 0x0000000080b00000| Untracked 
|  12|0x0000000080c00000, 0x0000000080d00000, 0x0000000080d00000|100%| O|  |TAMS 0x0000000080c00000, 0x0000000080c00000| Untracked 
|  13|0x0000000080d00000, 0x0000000080d5ec00, 0x0000000080e00000| 37%| O|  |TAMS 0x0000000080d00000, 0x0000000080d00000| Untracked 
|  14|0x0000000080e00000, 0x0000000080e00000, 0x0000000080f00000|  0%| F|  |TAMS 0x0000000080e00000, 0x0000000080e00000| Untracked 
|  15|0x0000000080f00000, 0x0000000080f00000, 0x0000000081000000|  0%| F|  |TAMS 0x0000000080f00000, 0x0000000080f00000| Untracked 
|  16|0x0000000081000000, 0x0000000081000000, 0x0000000081100000|  0%| F|  |TAMS 0x0000000081000000, 0x0000000081000000| Untracked 
|  17|0x0000000081100000, 0x0000000081100000, 0x0000000081200000|  0%| F|  |TAMS 0x0000000081100000, 0x0000000081100000| Untracked 
|  18|0x0000000081200000, 0x0000000081200000, 0x0000000081300000|  0%| F|  |TAMS 0x0000000081200000, 0x0000000081200000| Untracked 
|  19|0x0000000081300000, 0x0000000081300000, 0x0000000081400000|  0%| F|  |TAMS 0x0000000081300000, 0x0000000081300000| Untracked 
|  20|0x0000000081400000, 0x0000000081400000, 0x0000000081500000|  0%| F|  |TAMS 0x0000000081400000, 0x0000000081400000| Untracked 
|  21|0x0000000081500000, 0x0000000081500000, 0x0000000081600000|  0%| F|  |TAMS 0x0000000081500000, 0x0000000081500000| Untracked 
|  22|0x0000000081600000, 0x0000000081600000, 0x0000000081700000|  0%| F|  |TAMS 0x0000000081600000, 0x0000000081600000| Untracked 
|  23|0x0000000081700000, 0x0000000081700000, 0x0000000081800000|  0%| F|  |TAMS 0x0000000081700000, 0x0000000081700000| Untracked 
|  24|0x0000000081800000, 0x0000000081800000, 0x0000000081900000|  0%| F|  |TAMS 0x0000000081800000, 0x0000000081800000| Untracked 
|  25|0x0000000081900000, 0x0000000081900000, 0x0000000081a00000|  0%| F|  |TAMS 0x0000000081900000, 0x0000000081900000| Untracked 
|  26|0x0000000081a00000, 0x0000000081a00000, 0x0000000081b00000|  0%| F|  |TAMS 0x0000000081a00000, 0x0000000081a00000| Untracked 
|  27|0x0000000081b00000, 0x0000000081b00000, 0x0000000081c00000|  0%| F|  |TAMS 0x0000000081b00000, 0x0000000081b00000| Untracked 
|  28|0x0000000081c00000, 0x0000000081c00000, 0x0000000081d00000|  0%| F|  |TAMS 0x0000000081c00000, 0x0000000081c00000| Untracked 
|  29|0x0000000081d00000, 0x0000000081d00000, 0x0000000081e00000|  0%| F|  |TAMS 0x0000000081d00000, 0x0000000081d00000| Untracked 
|  30|0x0000000081e00000, 0x0000000081e00000, 0x0000000081f00000|  0%| F|  |TAMS 0x0000000081e00000, 0x0000000081e00000| Untracked 
|  31|0x0000000081f00000, 0x0000000081f00000, 0x0000000082000000|  0%| F|  |TAMS 0x0000000081f00000, 0x0000000081f00000| Untracked 
|  32|0x0000000082000000, 0x0000000082000000, 0x0000000082100000|  0%| F|  |TAMS 0x0000000082000000, 0x0000000082000000| Untracked 
|  33|0x0000000082100000, 0x0000000082100000, 0x0000000082200000|  0%| F|  |TAMS 0x0000000082100000, 0x0000000082100000| Untracked 
|  34|0x0000000082200000, 0x0000000082200000, 0x0000000082300000|  0%| F|  |TAMS 0x0000000082200000, 0x0000000082200000| Untracked 
|  35|0x0000000082300000, 0x0000000082300000, 0x0000000082400000|  0%| F|  |TAMS 0x0000000082300000, 0x0000000082300000| Untracked 
|  36|0x0000000082400000, 0x0000000082400000, 0x0000000082500000|  0%| F|  |TAMS 0x0000000082400000, 0x0000000082400000| Untracked 
|  37|0x0000000082500000, 0x0000000082500000, 0x0000000082600000|  0%| F|  |TAMS 0x0000000082500000, 0x0000000082500000| Untracked 
|  38|0x0000000082600000, 0x0000000082600000, 0x0000000082700000|  0%| F|  |TAMS 0x0000000082600000, 0x0000000082600000| Untracked 
|  39|0x0000000082700000, 0x0000000082700000, 0x0000000082800000|  0%| F|  |TAMS 0x0000000082700000, 0x0000000082700000| Untracked 
|  40|0x0000000082800000, 0x0000000082800000, 0x0000000082900000|  0%| F|  |TAMS 0x0000000082800000, 0x0000000082800000| Untracked 
|  41|0x0000000082900000, 0x0000000082900000, 0x0000000082a00000|  0%| F|  |TAMS 0x0000000082900000, 0x0000000082900000| Untracked 
|  42|0x0000000082a00000, 0x0000000082a00000, 0x0000000082b00000|  0%| F|  |TAMS 0x0000000082a00000, 0x0000000082a00000| Untracked 
|  43|0x0000000082b00000, 0x0000000082b00000, 0x0000000082c00000|  0%| F|  |TAMS 0x0000000082b00000, 0x0000000082b00000| Untracked 
|  44|0x0000000082c00000, 0x0000000082c00000, 0x0000000082d00000|  0%| F|  |TAMS 0x0000000082c00000, 0x0000000082c00000| Untracked 
|  45|0x0000000082d00000, 0x0000000082d00000, 0x0000000082e00000|  0%| F|  |TAMS 0x0000000082d00000, 0x0000000082d00000| Untracked 
|  46|0x0000000082e00000, 0x0000000082e00000, 0x0000000082f00000|  0%| F|  |TAMS 0x0000000082e00000, 0x0000000082e00000| Untracked 
|  47|0x0000000082f00000, 0x0000000082f00000, 0x0000000083000000|  0%| F|  |TAMS 0x0000000082f00000, 0x0000000082f00000| Untracked 
|  48|0x0000000083000000, 0x0000000083000000, 0x0000000083100000|  0%| F|  |TAMS 0x0000000083000000, 0x0000000083000000| Untracked 
|  49|0x0000000083100000, 0x0000000083100000, 0x0000000083200000|  0%| F|  |TAMS 0x0000000083100000, 0x0000000083100000| Untracked 
|  50|0x0000000083200000, 0x0000000083200000, 0x0000000083300000|  0%| F|  |TAMS 0x0000000083200000, 0x0000000083200000| Untracked 
|  51|0x0000000083300000, 0x0000000083300000, 0x0000000083400000|  0%| F|  |TAMS 0x0000000083300000, 0x0000000083300000| Untracked 
|  52|0x0000000083400000, 0x0000000083400000, 0x0000000083500000|  0%| F|  |TAMS 0x0000000083400000, 0x0000000083400000| Untracked 
|  53|0x0000000083500000, 0x0000000083500000, 0x0000000083600000|  0%| F|  |TAMS 0x0000000083500000, 0x0000000083500000| Untracked 
|  54|0x0000000083600000, 0x0000000083600000, 0x0000000083700000|  0%| F|  |TAMS 0x0000000083600000, 0x0000000083600000| Untracked 
|  55|0x0000000083700000, 0x0000000083700000, 0x0000000083800000|  0%| F|  |TAMS 0x0000000083700000, 0x0000000083700000| Untracked 
|  56|0x0000000083800000, 0x0000000083800000, 0x0000000083900000|  0%| F|  |TAMS 0x0000000083800000, 0x0000000083800000| Untracked 
|  57|0x0000000083900000, 0x0000000083900000, 0x0000000083a00000|  0%| F|  |TAMS 0x0000000083900000, 0x0000000083900000| Untracked 
|  58|0x0000000083a00000, 0x0000000083a00000, 0x0000000083b00000|  0%| F|  |TAMS 0x0000000083a00000, 0x0000000083a00000| Untracked 
|  59|0x0000000083b00000, 0x0000000083b00000, 0x0000000083c00000|  0%| F|  |TAMS 0x0000000083b00000, 0x0000000083b00000| Untracked 
|  60|0x0000000083c00000, 0x0000000083c00000, 0x0000000083d00000|  0%| F|  |TAMS 0x0000000083c00000, 0x0000000083c00000| Untracked 
|  61|0x0000000083d00000, 0x0000000083d00000, 0x0000000083e00000|  0%| F|  |TAMS 0x0000000083d00000, 0x0000000083d00000| Untracked 
|  62|0x0000000083e00000, 0x0000000083e00000, 0x0000000083f00000|  0%| F|  |TAMS 0x0000000083e00000, 0x0000000083e00000| Untracked 
|  63|0x0000000083f00000, 0x0000000083f00000, 0x0000000084000000|  0%| F|  |TAMS 0x0000000083f00000, 0x0000000083f00000| Untracked 
|  64|0x0000000084000000, 0x0000000084000000, 0x0000000084100000|  0%| F|  |TAMS 0x0000000084000000, 0x0000000084000000| Untracked 
|  65|0x0000000084100000, 0x0000000084100000, 0x0000000084200000|  0%| F|  |TAMS 0x0000000084100000, 0x0000000084100000| Untracked 
|  66|0x0000000084200000, 0x0000000084200000, 0x0000000084300000|  0%| F|  |TAMS 0x0000000084200000, 0x0000000084200000| Untracked 
|  67|0x0000000084300000, 0x0000000084300000, 0x0000000084400000|  0%| F|  |TAMS 0x0000000084300000, 0x0000000084300000| Untracked 
|  68|0x0000000084400000, 0x0000000084400000, 0x0000000084500000|  0%| F|  |TAMS 0x0000000084400000, 0x0000000084400000| Untracked 
|  69|0x0000000084500000, 0x0000000084500000, 0x0000000084600000|  0%| F|  |TAMS 0x0000000084500000, 0x0000000084500000| Untracked 
|  70|0x0000000084600000, 0x0000000084600000, 0x0000000084700000|  0%| F|  |TAMS 0x0000000084600000, 0x0000000084600000| Untracked 
|  71|0x0000000084700000, 0x0000000084700000, 0x0000000084800000|  0%| F|  |TAMS 0x0000000084700000, 0x0000000084700000| Untracked 
|  72|0x0000000084800000, 0x0000000084800000, 0x0000000084900000|  0%| F|  |TAMS 0x0000000084800000, 0x0000000084800000| Untracked 
|  73|0x0000000084900000, 0x0000000084900000, 0x0000000084a00000|  0%| F|  |TAMS 0x0000000084900000, 0x0000000084900000| Untracked 
|  74|0x0000000084a00000, 0x0000000084a00000, 0x0000000084b00000|  0%| F|  |TAMS 0x0000000084a00000, 0x0000000084a00000| Untracked 
|  75|0x0000000084b00000, 0x0000000084b00000, 0x0000000084c00000|  0%| F|  |TAMS 0x0000000084b00000, 0x0000000084b00000| Untracked 
|  76|0x0000000084c00000, 0x0000000084c00000, 0x0000000084d00000|  0%| F|  |TAMS 0x0000000084c00000, 0x0000000084c00000| Untracked 
|  77|0x0000000084d00000, 0x0000000084d00000, 0x0000000084e00000|  0%| F|  |TAMS 0x0000000084d00000, 0x0000000084d00000| Untracked 
|  78|0x0000000084e00000, 0x0000000084e00000, 0x0000000084f00000|  0%| F|  |TAMS 0x0000000084e00000, 0x0000000084e00000| Untracked 
|  79|0x0000000084f00000, 0x0000000084f00000, 0x0000000085000000|  0%| F|  |TAMS 0x0000000084f00000, 0x0000000084f00000| Untracked 
|  80|0x0000000085000000, 0x0000000085000000, 0x0000000085100000|  0%| F|  |TAMS 0x0000000085000000, 0x0000000085000000| Untracked 
|  81|0x0000000085100000, 0x0000000085146bc0, 0x0000000085200000| 27%| S|CS|TAMS 0x0000000085100000, 0x0000000085100000| Complete 
|  82|0x0000000085200000, 0x0000000085300000, 0x0000000085300000|100%| S|CS|TAMS 0x0000000085200000, 0x0000000085200000| Complete 
|  83|0x0000000085300000, 0x0000000085400000, 0x0000000085400000|100%| S|CS|TAMS 0x0000000085300000, 0x0000000085300000| Complete 
|  84|0x0000000085400000, 0x0000000085500000, 0x0000000085500000|100%| S|CS|TAMS 0x0000000085400000, 0x0000000085400000| Complete 
|  85|0x0000000085500000, 0x0000000085500000, 0x0000000085600000|  0%| F|  |TAMS 0x0000000085500000, 0x0000000085500000| Untracked 
|  86|0x0000000085600000, 0x0000000085600000, 0x0000000085700000|  0%| F|  |TAMS 0x0000000085600000, 0x0000000085600000| Untracked 
|  87|0x0000000085700000, 0x0000000085700000, 0x0000000085800000|  0%| F|  |TAMS 0x0000000085700000, 0x0000000085700000| Untracked 
|  88|0x0000000085800000, 0x0000000085800000, 0x0000000085900000|  0%| F|  |TAMS 0x0000000085800000, 0x0000000085800000| Untracked 
|  89|0x0000000085900000, 0x0000000085900000, 0x0000000085a00000|  0%| F|  |TAMS 0x0000000085900000, 0x0000000085900000| Untracked 
|  90|0x0000000085a00000, 0x0000000085a00000, 0x0000000085b00000|  0%| F|  |TAMS 0x0000000085a00000, 0x0000000085a00000| Untracked 
|  91|0x0000000085b00000, 0x0000000085b00000, 0x0000000085c00000|  0%| F|  |TAMS 0x0000000085b00000, 0x0000000085b00000| Untracked 
|  92|0x0000000085c00000, 0x0000000085c00000, 0x0000000085d00000|  0%| F|  |TAMS 0x0000000085c00000, 0x0000000085c00000| Untracked 
|  93|0x0000000085d00000, 0x0000000085d00000, 0x0000000085e00000|  0%| F|  |TAMS 0x0000000085d00000, 0x0000000085d00000| Untracked 
|  94|0x0000000085e00000, 0x0000000085e00000, 0x0000000085f00000|  0%| F|  |TAMS 0x0000000085e00000, 0x0000000085e00000| Untracked 
|  95|0x0000000085f00000, 0x0000000085f00000, 0x0000000086000000|  0%| F|  |TAMS 0x0000000085f00000, 0x0000000085f00000| Untracked 
|  96|0x0000000086000000, 0x0000000086000000, 0x0000000086100000|  0%| F|  |TAMS 0x0000000086000000, 0x0000000086000000| Untracked 
|  97|0x0000000086100000, 0x0000000086100000, 0x0000000086200000|  0%| F|  |TAMS 0x0000000086100000, 0x0000000086100000| Untracked 
|  98|0x0000000086200000, 0x0000000086200000, 0x0000000086300000|  0%| F|  |TAMS 0x0000000086200000, 0x0000000086200000| Untracked 
|  99|0x0000000086300000, 0x0000000086300000, 0x0000000086400000|  0%| F|  |TAMS 0x0000000086300000, 0x0000000086300000| Untracked 
| 100|0x0000000086400000, 0x0000000086400000, 0x0000000086500000|  0%| F|  |TAMS 0x0000000086400000, 0x0000000086400000| Untracked 
| 101|0x0000000086500000, 0x0000000086500000, 0x0000000086600000|  0%| F|  |TAMS 0x0000000086500000, 0x0000000086500000| Untracked 
| 102|0x0000000086600000, 0x0000000086600000, 0x0000000086700000|  0%| F|  |TAMS 0x0000000086600000, 0x0000000086600000| Untracked 
| 103|0x0000000086700000, 0x0000000086700000, 0x0000000086800000|  0%| F|  |TAMS 0x0000000086700000, 0x0000000086700000| Untracked 
| 104|0x0000000086800000, 0x0000000086800000, 0x0000000086900000|  0%| F|  |TAMS 0x0000000086800000, 0x0000000086800000| Untracked 
| 105|0x0000000086900000, 0x0000000086900000, 0x0000000086a00000|  0%| F|  |TAMS 0x0000000086900000, 0x0000000086900000| Untracked 
| 106|0x0000000086a00000, 0x0000000086a00000, 0x0000000086b00000|  0%| F|  |TAMS 0x0000000086a00000, 0x0000000086a00000| Untracked 
| 107|0x0000000086b00000, 0x0000000086bd95e0, 0x0000000086c00000| 84%| E|  |TAMS 0x0000000086b00000, 0x0000000086b00000| Complete 
| 108|0x0000000086c00000, 0x0000000086d00000, 0x0000000086d00000|100%| E|CS|TAMS 0x0000000086c00000, 0x0000000086c00000| Complete 
| 109|0x0000000086d00000, 0x0000000086e00000, 0x0000000086e00000|100%| E|CS|TAMS 0x0000000086d00000, 0x0000000086d00000| Complete 
| 110|0x0000000086e00000, 0x0000000086f00000, 0x0000000086f00000|100%| E|CS|TAMS 0x0000000086e00000, 0x0000000086e00000| Complete 
| 111|0x0000000086f00000, 0x0000000087000000, 0x0000000087000000|100%| E|CS|TAMS 0x0000000086f00000, 0x0000000086f00000| Complete 
| 112|0x0000000087000000, 0x0000000087100000, 0x0000000087100000|100%| E|CS|TAMS 0x0000000087000000, 0x0000000087000000| Complete 
| 113|0x0000000087100000, 0x0000000087200000, 0x0000000087200000|100%| E|CS|TAMS 0x0000000087100000, 0x0000000087100000| Complete 
| 114|0x0000000087200000, 0x0000000087300000, 0x0000000087300000|100%| E|CS|TAMS 0x0000000087200000, 0x0000000087200000| Complete 
| 115|0x0000000087300000, 0x0000000087400000, 0x0000000087400000|100%| E|CS|TAMS 0x0000000087300000, 0x0000000087300000| Complete 
| 116|0x0000000087400000, 0x0000000087500000, 0x0000000087500000|100%| E|CS|TAMS 0x0000000087400000, 0x0000000087400000| Complete 
| 117|0x0000000087500000, 0x0000000087600000, 0x0000000087600000|100%| E|CS|TAMS 0x0000000087500000, 0x0000000087500000| Complete 
| 118|0x0000000087600000, 0x0000000087700000, 0x0000000087700000|100%| E|CS|TAMS 0x0000000087600000, 0x0000000087600000| Complete 
| 119|0x0000000087700000, 0x0000000087800000, 0x0000000087800000|100%| E|CS|TAMS 0x0000000087700000, 0x0000000087700000| Complete 
| 120|0x0000000087800000, 0x0000000087900000, 0x0000000087900000|100%| E|CS|TAMS 0x0000000087800000, 0x0000000087800000| Complete 
| 121|0x0000000087900000, 0x0000000087a00000, 0x0000000087a00000|100%| E|CS|TAMS 0x0000000087900000, 0x0000000087900000| Complete 
| 122|0x0000000087a00000, 0x0000000087b00000, 0x0000000087b00000|100%| E|CS|TAMS 0x0000000087a00000, 0x0000000087a00000| Complete 
| 123|0x0000000087b00000, 0x0000000087c00000, 0x0000000087c00000|100%| E|CS|TAMS 0x0000000087b00000, 0x0000000087b00000| Complete 
| 124|0x0000000087c00000, 0x0000000087d00000, 0x0000000087d00000|100%| E|CS|TAMS 0x0000000087c00000, 0x0000000087c00000| Complete 
| 125|0x0000000087d00000, 0x0000000087e00000, 0x0000000087e00000|100%| E|CS|TAMS 0x0000000087d00000, 0x0000000087d00000| Complete 
| 126|0x0000000087e00000, 0x0000000087f00000, 0x0000000087f00000|100%| E|CS|TAMS 0x0000000087e00000, 0x0000000087e00000| Complete 
| 127|0x0000000087f00000, 0x0000000088000000, 0x0000000088000000|100%| E|CS|TAMS 0x0000000087f00000, 0x0000000087f00000| Complete 

Card table byte_map: [0x000001e5f6200000,0x000001e5f6600000] _byte_map_base: 0x000001e5f5e00000

Marking Bits (Prev, Next): (CMBitMap*) 0x000001e5e332fc28, (CMBitMap*) 0x000001e5e332fc60
 Prev Bits: [0x000001e5f6a00000, 0x000001e5f8a00000)
 Next Bits: [0x000001e5f8a00000, 0x000001e5faa00000)

Polling page: 0x000001e5e11f0000

Metaspace:

Usage:
  Non-class:     18.00 MB capacity,    17.73 MB ( 99%) used,   240.33 KB (  1%) free+waste,    33.94 KB ( <1%) overhead. 
      Class:      2.65 MB capacity,     2.48 MB ( 94%) used,   153.16 KB (  6%) free+waste,    16.50 KB ( <1%) overhead. 
       Both:     20.64 MB capacity,    20.21 MB ( 98%) used,   393.49 KB (  2%) free+waste,    50.44 KB ( <1%) overhead. 

Virtual space:
  Non-class space:       18.00 MB reserved,      18.00 MB (100%) committed 
      Class space:        1.00 GB reserved,       2.75 MB ( <1%) committed 
             Both:        1.02 GB reserved,      20.75 MB (  2%) committed 

Chunk freelists:
   Non-Class:  3.00 KB
       Class:  10.00 KB
        Both:  13.00 KB

MaxMetaspaceSize: 17179869184.00 GB
CompressedClassSpaceSize: 1.00 GB
Initial GC threshold: 20.80 MB
Current GC threshold: 20.80 MB
CDS: off

CodeHeap 'non-profiled nmethods': size=120064Kb used=1043Kb max_used=1043Kb free=119020Kb
 bounds [0x000001e5ee8c0000, 0x000001e5eeb30000, 0x000001e5f5e00000]
CodeHeap 'profiled nmethods': size=120000Kb used=4229Kb max_used=4229Kb free=115770Kb
 bounds [0x000001e5e7390000, 0x000001e5e77c0000, 0x000001e5ee8c0000]
CodeHeap 'non-nmethods': size=5696Kb used=1203Kb max_used=1225Kb free=4492Kb
 bounds [0x000001e5e6e00000, 0x000001e5e7070000, 0x000001e5e7390000]
 total_blobs=2460 nmethods=1987 adapters=386
 compilation: enabled
              stopped_count=0, restarted_count=0
 full_count=0

Compilation events (20 events):
Event: 3.480 Thread 0x000001e5fcf06800 1986       3       java.lang.reflect.Method::setMethodAccessor (21 bytes)
Event: 3.480 Thread 0x000001e5fcf06800 nmethod 1986 0x000001e5e77ac790 code [0x000001e5e77ac960, 0x000001e5e77acc48]
Event: 3.483 Thread 0x000001e5fcf06800 1987       3       com.google.common.collect.AbstractIndexedListIterator::hasNext (17 bytes)
Event: 3.483 Thread 0x000001e5fcf06800 nmethod 1987 0x000001e5e77acd90 code [0x000001e5e77acf40, 0x000001e5e77ad098]
Event: 3.483 Thread 0x000001e5fcf06800 1988       3       com.google.common.collect.AbstractIndexedListIterator::next (31 bytes)
Event: 3.483 Thread 0x000001e5fcf06800 nmethod 1988 0x000001e5e77ad110 code [0x000001e5e77ad300, 0x000001e5e77ad678]
Event: 3.483 Thread 0x000001e5fcf06800 1989       3       com.google.common.collect.Iterators$ArrayItr::get (12 bytes)
Event: 3.483 Thread 0x000001e5fcf06800 nmethod 1989 0x000001e5e77ad790 code [0x000001e5e77ad940, 0x000001e5e77ada78]
Event: 3.484 Thread 0x000001e5fcf06800 1990       3       org.gradle.internal.file.FilePathUtil::sizeOfCommonPrefix (142 bytes)
Event: 3.487 Thread 0x000001e5fcf06800 nmethod 1990 0x000001e5e77adb90 code [0x000001e5e77adfe0, 0x000001e5e77b01b8]
Event: 3.497 Thread 0x000001e5fcf06800 1991       1       java.util.concurrent.atomic.AtomicInteger::get (5 bytes)
Event: 3.497 Thread 0x000001e5fcf06800 nmethod 1991 0x000001e5ee9c0490 code [0x000001e5ee9c0640, 0x000001e5ee9c06f8]
Event: 3.497 Thread 0x000001e5fcf06800 1992       3       org.gradle.internal.file.FileHierarchySet$Node::sizeOfCommonPrefix (10 bytes)
Event: 3.497 Thread 0x000001e5fcf06800 nmethod 1992 0x000001e5e77b0f10 code [0x000001e5e77b10e0, 0x000001e5e77b1268]
Event: 3.497 Thread 0x000001e5fcf06800 1993       3       org.gradle.internal.file.FilePathUtil::sizeOfCommonPrefix (10 bytes)
Event: 3.497 Thread 0x000001e5fcf06800 nmethod 1993 0x000001e5e77b1390 code [0x000001e5e77b1540, 0x000001e5e77b1648]
Event: 3.499 Thread 0x000001e5fcf05000 nmethod 1965 0x000001e5ee9c0790 code [0x000001e5ee9c0a20, 0x000001e5ee9c3440]
Event: 3.502 Thread 0x000001e5fcf05000 1994 %     4       java.util.Arrays::fill @ 5 (21 bytes)
Event: 3.507 Thread 0x000001e5fcf05000 nmethod 1994% 0x000001e5ee9c4890 code [0x000001e5ee9c4a20, 0x000001e5ee9c4c18]
Event: 3.509 Thread 0x000001e5fcf05000 1995   !   4       java.lang.ClassLoader::loadClass (122 bytes)

GC Heap History (6 events):
Event: 0.572 GC heap before
{Heap before GC invocations=0 (full 0):
 garbage-first heap   total 131072K, used 20480K [0x0000000080000000, 0x0000000100000000)
  region size 1024K, 14 young (14336K), 0 survivors (0K)
 Metaspace       used 6738K, capacity 6929K, committed 7168K, reserved 1056768K
  class space    used 582K, capacity 650K, committed 768K, reserved 1048576K
}
Event: 0.594 GC heap after
{Heap after GC invocations=1 (full 0):
 garbage-first heap   total 131072K, used 7876K [0x0000000080000000, 0x0000000100000000)
  region size 1024K, 2 young (2048K), 2 survivors (2048K)
 Metaspace       used 6738K, capacity 6929K, committed 7168K, reserved 1056768K
  class space    used 582K, capacity 650K, committed 768K, reserved 1048576K
}
Event: 1.824 GC heap before
{Heap before GC invocations=1 (full 0):
 garbage-first heap   total 131072K, used 54980K [0x0000000080000000, 0x0000000100000000)
  region size 1024K, 47 young (48128K), 2 survivors (2048K)
 Metaspace       used 10939K, capacity 11141K, committed 11264K, reserved 1058816K
  class space    used 1132K, capacity 1207K, committed 1280K, reserved 1048576K
}
Event: 1.832 GC heap after
{Heap after GC invocations=2 (full 0):
 garbage-first heap   total 131072K, used 13856K [0x0000000080000000, 0x0000000100000000)
  region size 1024K, 6 young (6144K), 6 survivors (6144K)
 Metaspace       used 10939K, capacity 11141K, committed 11264K, reserved 1058816K
  class space    used 1132K, capacity 1207K, committed 1280K, reserved 1048576K
}
Event: 3.066 GC heap before
{Heap before GC invocations=2 (full 0):
 garbage-first heap   total 131072K, used 57888K [0x0000000080000000, 0x0000000100000000)
  region size 1024K, 49 young (50176K), 6 survivors (6144K)
 Metaspace       used 18541K, capacity 18882K, committed 19072K, reserved 1067008K
  class space    used 2206K, capacity 2341K, committed 2432K, reserved 1048576K
}
Event: 3.109 GC heap after
{Heap after GC invocations=3 (full 0):
 garbage-first heap   total 131072K, used 17045K [0x0000000080000000, 0x0000000100000000)
  region size 1024K, 4 young (4096K), 4 survivors (4096K)
 Metaspace       used 18541K, capacity 18882K, committed 19072K, reserved 1067008K
  class space    used 2206K, capacity 2341K, committed 2432K, reserved 1048576K
}

Deoptimization events (20 events):
Event: 2.886 Thread 0x000001e580bc5000 Uncommon trap: trap_request=0xffffffc6 fr.pc=0x000001e5ee982a0c relative=0x000000000000098c
Event: 2.886 Thread 0x000001e580bc5000 Uncommon trap: reason=bimorphic_or_optimized_type_check action=maybe_recompile pc=0x000001e5ee982a0c method=java.util.HashMap.putVal(ILjava/lang/Object;Ljava/lang/Object;ZZ)Ljava/lang/Object; @ 253 c2
Event: 2.886 Thread 0x000001e580bc5000 DEOPT PACKING pc=0x000001e5ee982a0c sp=0x00000019ac0feed0
Event: 2.886 Thread 0x000001e580bc5000 DEOPT UNPACKING pc=0x000001e5e6e4a1af sp=0x00000019ac0fee08 mode 2
Event: 3.500 Thread 0x000001e580bc5000 Uncommon trap: trap_request=0xffffff4d fr.pc=0x000001e5ee937c30 relative=0x0000000000000a10
Event: 3.500 Thread 0x000001e580bc5000 Uncommon trap: reason=unstable_if action=reinterpret pc=0x000001e5ee937c30 method=java.io.WinNTFileSystem.resolve(Ljava/lang/String;Ljava/lang/String;)Ljava/lang/String; @ 19 c2
Event: 3.500 Thread 0x000001e580bc5000 DEOPT PACKING pc=0x000001e5ee937c30 sp=0x00000019ac0fb680
Event: 3.501 Thread 0x000001e580bc5000 DEOPT UNPACKING pc=0x000001e5e6e4a1af sp=0x00000019ac0fb618 mode 2
Event: 3.501 Thread 0x000001e580bc5000 Uncommon trap: trap_request=0xffffffc6 fr.pc=0x000001e5ee950ba4 relative=0x0000000000000084
Event: 3.501 Thread 0x000001e580bc5000 Uncommon trap: reason=bimorphic_or_optimized_type_check action=maybe_recompile pc=0x000001e5ee950ba4 method=java.util.AbstractList$Itr.hasNext()Z @ 8 c2
Event: 3.501 Thread 0x000001e580bc5000 DEOPT PACKING pc=0x000001e5ee950ba4 sp=0x00000019ac0fac50
Event: 3.501 Thread 0x000001e580bc5000 DEOPT UNPACKING pc=0x000001e5e6e4a1af sp=0x00000019ac0fabe8 mode 2
Event: 3.501 Thread 0x000001e580bc5000 Uncommon trap: trap_request=0xffffffc6 fr.pc=0x000001e5ee950f74 relative=0x0000000000000134
Event: 3.501 Thread 0x000001e580bc5000 Uncommon trap: reason=bimorphic_or_optimized_type_check action=maybe_recompile pc=0x000001e5ee950f74 method=java.util.AbstractList$Itr.next()Ljava/lang/Object; @ 14 c2
Event: 3.501 Thread 0x000001e580bc5000 DEOPT PACKING pc=0x000001e5ee950f74 sp=0x00000019ac0fac40
Event: 3.501 Thread 0x000001e580bc5000 DEOPT UNPACKING pc=0x000001e5e6e4a1af sp=0x00000019ac0fabd8 mode 2
Event: 3.502 Thread 0x000001e580bc5000 Uncommon trap: trap_request=0xffffff4d fr.pc=0x000001e5ee993410 relative=0x0000000000000450
Event: 3.502 Thread 0x000001e580bc5000 Uncommon trap: reason=unstable_if action=reinterpret pc=0x000001e5ee993410 method=java.lang.String.substring(I)Ljava/lang/String; @ 34 c2
Event: 3.502 Thread 0x000001e580bc5000 DEOPT PACKING pc=0x000001e5ee993410 sp=0x00000019ac0fb570
Event: 3.502 Thread 0x000001e580bc5000 DEOPT UNPACKING pc=0x000001e5e6e4a1af sp=0x00000019ac0fb538 mode 2

Classes redefined (0 events):
No events

Internal exceptions (19 events):
Event: 0.246 Thread 0x000001e5e32f2800 Exception <a 'java/lang/NoSuchMethodError'{0x0000000087d146d8}: 'int java.lang.invoke.DirectMethodHandle$Holder.invokeStaticInit(java.lang.Object, java.lang.Object)'> (0x0000000087d146d8) thrown at [./src/hotspot/share/interpreter/linkResolver.cpp, line 773]
Event: 0.281 Thread 0x000001e5e32f2800 Exception <a 'java/lang/NoSuchMethodError'{0x0000000087ddac78}: 'int java.lang.invoke.DirectMethodHandle$Holder.invokeSpecial(java.lang.Object, java.lang.Object, java.lang.Object, java.lang.Object)'> (0x0000000087ddac78) thrown at [./src/hotspot/share/interpreter/linkResolver.cpp, line 773]
Event: 0.288 Thread 0x000001e5e32f2800 Exception <a 'java/lang/NoSuchMethodError'{0x0000000087c134d0}: 'int java.lang.invoke.DirectMethodHandle$Holder.invokeSpecialIFC(java.lang.Object, java.lang.Object, int)'> (0x0000000087c134d0) thrown at [./src/hotspot/share/interpreter/linkResolver.cpp, line 773]
Event: 0.617 Thread 0x000001e5e32f2800 Exception <a 'java/lang/NoClassDefFoundError'{0x0000000087fad558}: org/slf4j/impl/StaticMarkerBinder> (0x0000000087fad558) thrown at [./src/hotspot/share/classfile/systemDictionary.cpp, line 220]
Event: 0.769 Thread 0x000001e5e32f2800 Exception <a 'java/lang/NoSuchMethodError'{0x0000000087b43830}: 'java.lang.Object java.lang.invoke.DirectMethodHandle$Holder.invokeVirtual(java.lang.Object, java.lang.Object, java.lang.Object, java.lang.Object, java.lang.Object, java.lang.Object, java.lang.Object)'> (0x0000000087b43830) thrown at [./src/hotspot/share/interpreter/linkResolver.cpp, line 773]
Event: 0.772 Thread 0x000001e5e32f2800 Exception <a 'java/lang/NoSuchMethodError'{0x0000000087b57c90}: 'java.lang.Object java.lang.invoke.Invokers$Holder.invoker(java.lang.Object, java.lang.Object, java.lang.Object)'> (0x0000000087b57c90) thrown at [./src/hotspot/share/interpreter/linkResolver.cpp, line 773]
Event: 0.778 Thread 0x000001e5e32f2800 Exception <a 'java/lang/NoSuchMethodError'{0x0000000087b68d08}: 'void java.lang.invoke.DelegatingMethodHandle$Holder.delegate(java.lang.Object, java.lang.Object, int, java.lang.Object)'> (0x0000000087b68d08) thrown at [./src/hotspot/share/interpreter/linkResolver.cpp, line 773]
Event: 1.810 Thread 0x000001e5e32f2800 Exception <a 'java/security/PrivilegedActionException'{0x0000000085191c58}> (0x0000000085191c58) thrown at [./src/hotspot/share/prims/jvm.cpp, line 1306]
Event: 1.810 Thread 0x000001e5e32f2800 Exception <a 'java/security/PrivilegedActionException'{0x00000000851921d0}> (0x00000000851921d0) thrown at [./src/hotspot/share/prims/jvm.cpp, line 1306]
Event: 2.253 Thread 0x000001e5e32f2800 Exception <a 'java/lang/NoSuchMethodError'{0x0000000086f97360}: 'java.lang.Object java.lang.invoke.DirectMethodHandle$Holder.invokeStaticInit(java.lang.Object, java.lang.Object, java.lang.Object)'> (0x0000000086f97360) thrown at [./src/hotspot/share/interpreter/linkResolver.cpp, line 773]
Event: 2.450 Thread 0x000001e5e32f2800 Exception <a 'java/lang/NoSuchMethodError'{0x00000000869d87c0}: 'java.lang.Object java.lang.invoke.DirectMethodHandle$Holder.invokeStaticInit(java.lang.Object, int, int, int, int)'> (0x00000000869d87c0) thrown at [./src/hotspot/share/interpreter/linkResolver.cpp, line 773]
Event: 2.586 Thread 0x000001e5e32f2800 Exception <a 'java/lang/NoSuchMethodError'{0x000000008689ad00}: 'java.lang.Object java.lang.invoke.DirectMethodHandle$Holder.invokeStaticInit(java.lang.Object, java.lang.Object, int, int, int, int)'> (0x000000008689ad00) thrown at [./src/hotspot/share/interpreter/linkResolver.cpp, line 773]
Event: 2.808 Thread 0x000001e5e32f2800 Exception <a 'java/io/IOException'{0x00000000866e2388}> (0x00000000866e2388) thrown at [./src/hotspot/share/prims/jni.cpp, line 615]
Event: 2.924 Thread 0x000001e580bc5000 Exception <a 'java/lang/NoSuchMethodError'{0x0000000085f30728}: 'long java.lang.invoke.DirectMethodHandle$Holder.invokeInterface(java.lang.Object, java.lang.Object)'> (0x0000000085f30728) thrown at [./src/hotspot/share/interpreter/linkResolver.cpp, line 773]
Event: 2.925 Thread 0x000001e580bc5000 Exception <a 'java/lang/NoSuchMethodError'{0x0000000085f3d7c8}: 'void java.lang.invoke.DelegatingMethodHandle$Holder.reinvoke_L(java.lang.Object, java.lang.Object, java.lang.Object, java.lang.Object, java.lang.Object, java.lang.Object, java.lang.Object)'> (0x0000000085f3d7c8) thrown at [./src/hotspot/share/interpreter/linkResolver.cpp, line 773]
Event: 3.360 Thread 0x000001e580bc5000 Exception <a 'java/lang/NoSuchMethodError'{0x0000000086f0fc60}: 'void java.lang.invoke.DirectMethodHandle$Holder.invokeStaticInit(java.lang.Object)'> (0x0000000086f0fc60) thrown at [./src/hotspot/share/interpreter/linkResolver.cpp, line 773]
Event: 3.374 Thread 0x000001e580bc5000 Exception <a 'java/lang/NoSuchMethodError'{0x0000000086fbc328}: 'java.lang.Object java.lang.invoke.DirectMethodHandle$Holder.invokeStatic(java.lang.Object, java.lang.Object, java.lang.Object, int)'> (0x0000000086fbc328) thrown at [./src/hotspot/share/interpreter/linkResolver.cpp, line 773]
Event: 3.375 Thread 0x000001e580bc5000 Exception <a 'java/lang/NoSuchMethodError'{0x0000000086fc0a40}: 'java.lang.Object java.lang.invoke.DirectMethodHandle$Holder.invokeSpecial(java.lang.Object, java.lang.Object, java.lang.Object, java.lang.Object, int)'> (0x0000000086fc0a40) thrown at [./src/hotspot/share/interpreter/linkResolver.cpp, line 773]
Event: 3.375 Thread 0x000001e580bc5000 Exception <a 'java/lang/NoSuchMethodError'{0x0000000086fc4978}: 'java.lang.Object java.lang.invoke.Invokers$Holder.linkToTargetMethod(java.lang.Object, java.lang.Object, int, java.lang.Object)'> (0x0000000086fc4978) thrown at [./src/hotspot/share/interpreter/linkResolver.cpp, line 773]

Events (20 events):
Event: 3.509 loading class com/google/common/io/ByteSource$EmptyByteSource
Event: 3.509 loading class com/google/common/io/ByteSource$EmptyByteSource done
Event: 3.509 loading class com/google/common/io/ByteSource$ByteArrayByteSource
Event: 3.509 loading class com/google/common/io/ByteSource$ByteArrayByteSource done
Event: 3.509 loading class com/google/common/io/ByteSource$SlicedByteSource
Event: 3.509 loading class com/google/common/io/ByteSource$SlicedByteSource done
Event: 3.510 loading class com/google/common/io/CharSource
Event: 3.510 loading class com/google/common/io/CharSource done
Event: 3.510 loading class com/google/common/io/ByteSource$AsCharSource
Event: 3.510 loading class com/google/common/io/ByteSource$AsCharSource done
Event: 3.511 loading class com/google/common/io/CharSource$ConcatenatedCharSource
Event: 3.511 loading class com/google/common/io/CharSource$ConcatenatedCharSource done
Event: 3.511 loading class com/google/common/io/CharSource$EmptyCharSource
Event: 3.511 loading class com/google/common/io/CharSource$EmptyCharSource done
Event: 3.511 loading class com/google/common/io/CharSource$StringCharSource
Event: 3.511 loading class com/google/common/io/CharSource$StringCharSource done
Event: 3.511 loading class com/google/common/io/CharSource$CharSequenceCharSource
Event: 3.511 loading class com/google/common/io/CharSource$CharSequenceCharSource done
Event: 3.512 loading class com/google/common/io/CharSource$AsByteSource
Event: 3.512 loading class com/google/common/io/CharSource$AsByteSource done


Dynamic libraries:
0x00007ff6a9e50000 - 0x00007ff6a9e5a000 	C:\Program Files\Android\Android Studio\jre\bin\java.exe
0x00007ff8594e0000 - 0x00007ff8596e9000 	C:\Windows\SYSTEM32\ntdll.dll
0x00007ff8574a0000 - 0x00007ff85755d000 	C:\Windows\System32\KERNEL32.DLL
0x00007ff856e20000 - 0x00007ff857194000 	C:\Windows\System32\KERNELBASE.dll
0x00007ff8571a0000 - 0x00007ff8572b1000 	C:\Windows\System32\ucrtbase.dll
0x00007ff81e5e0000 - 0x00007ff81e5f7000 	C:\Program Files\Android\Android Studio\jre\bin\VCRUNTIME140.dll
0x00007fffd6720000 - 0x00007fffd6739000 	C:\Program Files\Android\Android Studio\jre\bin\jli.dll
0x00007ff857830000 - 0x00007ff8579dc000 	C:\Windows\System32\USER32.dll
0x00007ff856df0000 - 0x00007ff856e16000 	C:\Windows\System32\win32u.dll
0x00007ff82ed30000 - 0x00007ff82efd5000 	C:\Windows\WinSxS\amd64_microsoft.windows.common-controls_6595b64144ccf1df_6.0.22000.120_none_9d947278b86cc467\COMCTL32.dll
0x00007ff858bd0000 - 0x00007ff858bf9000 	C:\Windows\System32\GDI32.dll
0x00007ff858cf0000 - 0x00007ff858d93000 	C:\Windows\System32\msvcrt.dll
0x00007ff8569d0000 - 0x00007ff856ae2000 	C:\Windows\System32\gdi32full.dll
0x00007ff856af0000 - 0x00007ff856b8d000 	C:\Windows\System32\msvcp_win.dll
0x00007ff8577f0000 - 0x00007ff857821000 	C:\Windows\System32\IMM32.DLL
0x00007fffd2550000 - 0x00007fffd25ed000 	C:\Program Files\Android\Android Studio\jre\bin\msvcp140.dll
0x00007fffc6300000 - 0x00007fffc6de5000 	C:\Program Files\Android\Android Studio\jre\bin\server\jvm.dll
0x00007ff857740000 - 0x00007ff8577ee000 	C:\Windows\System32\ADVAPI32.dll
0x00007ff858780000 - 0x00007ff85881e000 	C:\Windows\System32\sechost.dll
0x00007ff857380000 - 0x00007ff8574a0000 	C:\Windows\System32\RPCRT4.dll
0x00007ff857730000 - 0x00007ff857738000 	C:\Windows\System32\PSAPI.DLL
0x00007ff82b9e0000 - 0x00007ff82b9e9000 	C:\Windows\SYSTEM32\WSOCK32.dll
0x00007ff84c8d0000 - 0x00007ff84c903000 	C:\Windows\SYSTEM32\WINMM.dll
0x00007ff857c90000 - 0x00007ff857cff000 	C:\Windows\System32\WS2_32.dll
0x00007ff844790000 - 0x00007ff84479a000 	C:\Windows\SYSTEM32\VERSION.dll
0x00007ff8554b0000 - 0x00007ff8554c8000 	C:\Windows\SYSTEM32\kernel.appcore.dll
0x00007ff822210000 - 0x00007ff822221000 	C:\Program Files\Android\Android Studio\jre\bin\verify.dll
0x00007ff84f910000 - 0x00007ff84fb31000 	C:\Windows\SYSTEM32\DBGHELP.DLL
0x00007ff8428a0000 - 0x00007ff8428d1000 	C:\Windows\SYSTEM32\dbgcore.DLL
0x00007ff856b90000 - 0x00007ff856c0f000 	C:\Windows\System32\bcryptPrimitives.dll
0x00007fffd44a0000 - 0x00007fffd44c9000 	C:\Program Files\Android\Android Studio\jre\bin\java.dll
0x00007ff82ada0000 - 0x00007ff82adab000 	C:\Program Files\Android\Android Studio\jre\bin\jimage.dll
0x00007ff81f8f0000 - 0x00007ff81f908000 	C:\Program Files\Android\Android Studio\jre\bin\zip.dll
0x00007ff857dd0000 - 0x00007ff85857e000 	C:\Windows\System32\SHELL32.dll
0x00007ff854c40000 - 0x00007ff8554a7000 	C:\Windows\SYSTEM32\windows.storage.dll
0x00007ff858840000 - 0x00007ff858bb8000 	C:\Windows\System32\combase.dll
0x00007ff854ad0000 - 0x00007ff854c36000 	C:\Windows\SYSTEM32\wintypes.dll
0x00007ff858c00000 - 0x00007ff858cea000 	C:\Windows\System32\SHCORE.dll
0x00007ff857a90000 - 0x00007ff857aed000 	C:\Windows\System32\shlwapi.dll
0x00007ff856900000 - 0x00007ff856921000 	C:\Windows\SYSTEM32\profapi.dll
0x00007fffdd890000 - 0x00007fffdd8aa000 	C:\Program Files\Android\Android Studio\jre\bin\net.dll
0x00007ff84a730000 - 0x00007ff84a83c000 	C:\Windows\SYSTEM32\WINHTTP.dll
0x00007ff855ff0000 - 0x00007ff856057000 	C:\Windows\system32\mswsock.dll
0x00007fffd2eb0000 - 0x00007fffd2ec4000 	C:\Program Files\Android\Android Studio\jre\bin\nio.dll
0x00007ff80a750000 - 0x00007ff80a777000 	C:\Users\Admin\.gradle\native\e1d6ef7f7dcc3fd88c89a11ec53ec762bb8ba0a96d01ffa2cd45eb1d1d8dd5c5\windows-amd64\native-platform.dll
0x00007fffd0f80000 - 0x00007fffd10c4000 	C:\Users\Admin\.gradle\native\5664cfc778a61ccfe75a443a1ab52a65af34e5dc3c78e0209fed803814484fcb\windows-amd64\native-platform-file-events.dll
0x00007ff82ab60000 - 0x00007ff82ab6a000 	C:\Program Files\Android\Android Studio\jre\bin\management.dll
0x00007ff82aab0000 - 0x00007ff82aabd000 	C:\Program Files\Android\Android Studio\jre\bin\management_ext.dll
0x00007ff856230000 - 0x00007ff856248000 	C:\Windows\SYSTEM32\CRYPTSP.dll
0x00007ff855b50000 - 0x00007ff855b85000 	C:\Windows\system32\rsaenh.dll
0x00007ff8560e0000 - 0x00007ff856109000 	C:\Windows\SYSTEM32\USERENV.dll
0x00007ff8563b0000 - 0x00007ff8563d7000 	C:\Windows\SYSTEM32\bcrypt.dll
0x00007ff856250000 - 0x00007ff85625c000 	C:\Windows\SYSTEM32\CRYPTBASE.dll
0x00007ff855720000 - 0x00007ff85574d000 	C:\Windows\SYSTEM32\IPHLPAPI.DLL
0x00007ff857c60000 - 0x00007ff857c69000 	C:\Windows\System32\NSI.dll
0x00007ff84a920000 - 0x00007ff84a939000 	C:\Windows\SYSTEM32\dhcpcsvc6.DLL
0x00007ff84ab00000 - 0x00007ff84ab1e000 	C:\Windows\SYSTEM32\dhcpcsvc.DLL
0x00007ff855790000 - 0x00007ff855877000 	C:\Windows\SYSTEM32\DNSAPI.dll

dbghelp: loaded successfully - version: 4.0.5 - missing functions: none
symbol engine: initialized successfully - sym options: 0x614 - pdb path: .;C:\Program Files\Android\Android Studio\jre\bin;C:\Windows\SYSTEM32;C:\Windows\WinSxS\amd64_microsoft.windows.common-controls_6595b64144ccf1df_6.0.22000.120_none_9d947278b86cc467;C:\Program Files\Android\Android Studio\jre\bin\server;C:\Users\Admin\.gradle\native\e1d6ef7f7dcc3fd88c89a11ec53ec762bb8ba0a96d01ffa2cd45eb1d1d8dd5c5\windows-amd64;C:\Users\Admin\.gradle\native\5664cfc778a61ccfe75a443a1ab52a65af34e5dc3c78e0209fed803814484fcb\windows-amd64

VM Arguments:
jvm_args: --add-opens=java.base/java.util=ALL-UNNAMED --add-opens=java.base/java.lang=ALL-UNNAMED --add-opens=java.base/java.lang.invoke=ALL-UNNAMED --add-opens=java.base/java.util=ALL-UNNAMED --add-opens=java.prefs/java.util.prefs=ALL-UNNAMED --add-opens=java.prefs/java.util.prefs=ALL-UNNAMED --add-opens=java.base/java.nio.charset=ALL-UNNAMED --add-opens=java.base/java.net=ALL-UNNAMED --add-opens=java.base/java.util.concurrent.atomic=ALL-UNNAMED -Xmx2048m -Dfile.encoding=UTF-8 -Duser.country=US -Duser.language=en -Duser.variant 
java_command: org.gradle.launcher.daemon.bootstrap.GradleDaemon 7.3.3
java_class_path (initial): C:\Users\Admin\.gradle\wrapper\dists\gradle-7.3.3-bin\6a41zxkdtcxs8rphpq6y0069z\gradle-7.3.3\lib\gradle-launcher-7.3.3.jar
Launcher Type: SUN_STANDARD

[Global flags]
     intx CICompilerCount                          = 3                                         {product} {ergonomic}
     uint ConcGCThreads                            = 1                                         {product} {ergonomic}
     uint G1ConcRefinementThreads                  = 4                                         {product} {ergonomic}
   size_t G1HeapRegionSize                         = 1048576                                   {product} {ergonomic}
    uintx GCDrainStackTargetSize                   = 64                                        {product} {ergonomic}
   size_t InitialHeapSize                          = 134217728                                 {product} {ergonomic}
   size_t MarkStackSize                            = 4194304                                   {product} {ergonomic}
   size_t MaxHeapSize                              = 2147483648                                {product} {command line}
   size_t MaxNewSize                               = 1287651328                                {product} {ergonomic}
   size_t MinHeapDeltaBytes                        = 1048576                                   {product} {ergonomic}
    uintx NonNMethodCodeHeapSize                   = 5830732                                {pd product} {ergonomic}
    uintx NonProfiledCodeHeapSize                  = 122913754                              {pd product} {ergonomic}
    uintx ProfiledCodeHeapSize                     = 122913754                              {pd product} {ergonomic}
    uintx ReservedCodeCacheSize                    = 251658240                              {pd product} {ergonomic}
     bool SegmentedCodeCache                       = true                                      {product} {ergonomic}
     bool UseCompressedClassPointers               = true                                 {lp64_product} {ergonomic}
     bool UseCompressedOops                        = true                                 {lp64_product} {ergonomic}
     bool UseG1GC                                  = true                                      {product} {ergonomic}
     bool UseLargePagesIndividualAllocation        = false                                  {pd product} {ergonomic}

Logging:
Log output configuration:
 #0: stdout all=warning uptime,level,tags
 #1: stderr all=off uptime,level,tags

Environment Variables:
PATH=C:\Program Files\Common Files\Oracle\Java\javapath;C:\Program Files (x86)\Common Files\Oracle\Java\javapath;C:\Windows\system32;C:\Windows;C:\Windows\System32\Wbem;C:\Windows\System32\WindowsPowerShell\v1.0\;C:\Windows\System32\OpenSSH\;C:\Program Files (x86)\Intel\Intel(R) Management Engine Components\DAL;C:\Program Files\Intel\Intel(R) Management Engine Components\DAL;C:\Program Files\Git\cmd;C:\Users\Admin\AppData\Local\Microsoft\WindowsApps;C:\Users\Admin\AppData\Local\Programs\Microsoft VS Code\bin;C:\Users\Admin\AppData\Local\atom\bin;C:\Users\Admin\AppData\Local\GitHubDesktop\bin
USERNAME=Admin
OS=Windows_NT
PROCESSOR_IDENTIFIER=Intel64 Family 6 Model 78 Stepping 3, GenuineIntel



---------------  S Y S T E M  ---------------

OS: Windows 10 , 64 bit Build 22000 (10.0.22000.434)
OS uptime: 0 days 0:45 hours

CPU:total 4 (initial active 4) (2 cores per cpu, 2 threads per core) family 6 model 78 stepping 3 microcode 0xd6, cmov, cx8, fxsr, mmx, sse, sse2, sse3, ssse3, sse4.1, sse4.2, popcnt, avx, avx2, aes, clmul, erms, rtm, 3dnowpref, lzcnt, ht, tsc, tscinvbit, bmi1, bmi2, adx, fma

Memory: 4k page, system-wide physical 8072M (1068M free)
TotalPageFile size 8072M (AvailPageFile size 3M)
current process WorkingSet (physical memory assigned to process): 171M, peak: 173M
current process commit charge ("private bytes"): 263M, peak: 265M

vm_info: OpenJDK 64-Bit Server VM (11.0.12+7-b1504.28-7817840) for windows-amd64 JRE (11.0.12+7-b1504.28-7817840), built on Oct 13 2021 22:12:33 by "builder" with MS VC++ 14.0 (VS2015)

END.
