#
# There is insufficient memory for the Java Runtime Environment to continue.
# Native memory allocation (malloc) failed to allocate 886736 bytes for Chunk::new
# Possible reasons:
#   The system is out of physical RAM or swap space
#   The process is running with CompressedOops enabled, and the Java Heap may be blocking the growth of the native heap
# Possible solutions:
#   Reduce memory load on the system
#   Increase physical memory or swap space
#   Check if swap backing store is full
#   Decrease Java heap size (-Xmx/-Xms)
#   Decrease number of Java threads
#   Decrease Java thread stack sizes (-Xss)
#   Set larger code cache with -XX:ReservedCodeCacheSize=
#   JVM is running with Unscaled Compressed Oops mode in which the Java heap is
#     placed in the first 4GB address space. The Java Heap base address is the
#     maximum limit for the native heap growth. Please use -XX:HeapBaseMinAddress
#     to set the Java Heap base and to place the Java Heap above 4GB virtual address.
# This output file may be truncated or incomplete.
#
#  Out of Memory Error (./src/hotspot/share/memory/arena.cpp:197), pid=2824, tid=4076
#
# JRE version: OpenJDK Runtime Environment (11.0.12+7) (build 11.0.12+7-b1504.28-7817840)
# Java VM: OpenJDK 64-Bit Server VM (11.0.12+7-b1504.28-7817840, mixed mode, tiered, compressed oops, g1 gc, windows-amd64)
# No core dump will be written. Minidumps are not enabled by default on client versions of Windows
#

---------------  S U M M A R Y ------------

Command Line: --add-opens=java.base/java.util=ALL-UNNAMED --add-opens=java.base/java.lang=ALL-UNNAMED --add-opens=java.base/java.lang.invoke=ALL-UNNAMED --add-opens=java.base/java.util=ALL-UNNAMED --add-opens=java.prefs/java.util.prefs=ALL-UNNAMED --add-opens=java.prefs/java.util.prefs=ALL-UNNAMED --add-opens=java.base/java.nio.charset=ALL-UNNAMED --add-opens=java.base/java.net=ALL-UNNAMED --add-opens=java.base/java.util.concurrent.atomic=ALL-UNNAMED -Xmx2048m -Dfile.encoding=UTF-8 -Duser.country=US -Duser.language=en -Duser.variant org.gradle.launcher.daemon.bootstrap.GradleDaemon 7.3.3

Host: Intel(R) Core(TM) i7-6600U CPU @ 2.60GHz, 4 cores, 7G,  Windows 10 , 64 bit Build 22000 (10.0.22000.434)
Time: Mon Aug  8 13:23:57 2022 Egypt Standard Time elapsed time: 7.781916 seconds (0d 0h 0m 7s)

---------------  T H R E A D  ---------------

Current thread (0x000001e55b5f8000):  JavaThread "C2 CompilerThread0" daemon [_thread_in_native, id=4076, stack(0x000000dc24e00000,0x000000dc24f00000)]


Current CompileTask:
C2:   7782 2593  s!   4       jdk.internal.loader.URLClassPath::getLoader (194 bytes)

Stack: [0x000000dc24e00000,0x000000dc24f00000]
Native frames: (J=compiled Java code, j=interpreted, Vv=VM code, C=native code)
V  [jvm.dll+0x5fbcea]
V  [jvm.dll+0x731905]
V  [jvm.dll+0x732f1d]
V  [jvm.dll+0x7335d3]
V  [jvm.dll+0x247bf8]
V  [jvm.dll+0xc018c]
V  [jvm.dll+0xc06cc]
V  [jvm.dll+0x35b2db]
V  [jvm.dll+0x19cebc]
V  [jvm.dll+0x20070e]
V  [jvm.dll+0x1ff794]
V  [jvm.dll+0x18868c]
V  [jvm.dll+0x20e0d7]
V  [jvm.dll+0x20c901]
V  [jvm.dll+0x6f9b7f]
V  [jvm.dll+0x6f26a5]
V  [jvm.dll+0x5fabf6]
C  [ucrtbase.dll+0x26c0c]
C  [KERNEL32.DLL+0x154e0]
C  [ntdll.dll+0x485b]


---------------  P R O C E S S  ---------------

Threads class SMR info:
_java_thread_list=0x000001e55fbf2da0, length=30, elements={
0x000001e5419d3000, 0x000001e55b5d2800, 0x000001e55b5d3800, 0x000001e55b5e0000,
0x000001e55bf62800, 0x000001e55b5f2800, 0x000001e55b5f8000, 0x000001e55b5fd000,
0x000001e55b5fe800, 0x000001e55c0a3000, 0x000001e55ef22800, 0x000001e55c224800,
0x000001e55f15c000, 0x000001e55f15c800, 0x000001e55f15b000, 0x000001e55f15f000,
0x000001e55f160000, 0x000001e55f15d800, 0x000001e55f161000, 0x000001e55f15e800,
0x000001e55f161800, 0x000001e55f0f5800, 0x000001e55f0f3000, 0x000001e55f0f6800,
0x000001e55f0f7000, 0x000001e55f0f8000, 0x000001e55f0f4800, 0x000001e55f0f4000,
0x000001e55f0fc000, 0x000001e55f0fe800
}

Java Threads: ( => current thread )
  0x000001e5419d3000 JavaThread "main" [_thread_blocked, id=9592, stack(0x000000dc24200000,0x000000dc24300000)]
  0x000001e55b5d2800 JavaThread "Reference Handler" daemon [_thread_blocked, id=3264, stack(0x000000dc24900000,0x000000dc24a00000)]
  0x000001e55b5d3800 JavaThread "Finalizer" daemon [_thread_blocked, id=5780, stack(0x000000dc24a00000,0x000000dc24b00000)]
  0x000001e55b5e0000 JavaThread "Signal Dispatcher" daemon [_thread_blocked, id=876, stack(0x000000dc24b00000,0x000000dc24c00000)]
  0x000001e55bf62800 JavaThread "Attach Listener" daemon [_thread_blocked, id=7576, stack(0x000000dc24c00000,0x000000dc24d00000)]
  0x000001e55b5f2800 JavaThread "Service Thread" daemon [_thread_blocked, id=8212, stack(0x000000dc24d00000,0x000000dc24e00000)]
=>0x000001e55b5f8000 JavaThread "C2 CompilerThread0" daemon [_thread_in_native, id=4076, stack(0x000000dc24e00000,0x000000dc24f00000)]
  0x000001e55b5fd000 JavaThread "C1 CompilerThread0" daemon [_thread_blocked, id=4120, stack(0x000000dc24f00000,0x000000dc25000000)]
  0x000001e55b5fe800 JavaThread "Sweeper thread" daemon [_thread_blocked, id=1288, stack(0x000000dc25000000,0x000000dc25100000)]
  0x000001e55c0a3000 JavaThread "Common-Cleaner" daemon [_thread_blocked, id=9476, stack(0x000000dc25100000,0x000000dc25200000)]
  0x000001e55ef22800 JavaThread "Daemon health stats" [_thread_blocked, id=9372, stack(0x000000dc25600000,0x000000dc25700000)]
  0x000001e55c224800 JavaThread "Incoming local TCP Connector on port 56201" [_thread_in_native, id=5316, stack(0x000000dc25300000,0x000000dc25400000)]
  0x000001e55f15c000 JavaThread "Daemon periodic checks" [_thread_blocked, id=3496, stack(0x000000dc25700000,0x000000dc25800000)]
  0x000001e55f15c800 JavaThread "Daemon" [_thread_blocked, id=1852, stack(0x000000dc25900000,0x000000dc25a00000)]
  0x000001e55f15b000 JavaThread "Handler for socket connection from /127.0.0.1:56201 to /127.0.0.1:56202" [_thread_in_native, id=10196, stack(0x000000dc25a00000,0x000000dc25b00000)]
  0x000001e55f15f000 JavaThread "Cancel handler" [_thread_blocked, id=1140, stack(0x000000dc25b00000,0x000000dc25c00000)]
  0x000001e55f160000 JavaThread "Daemon worker" [_thread_in_vm, id=9872, stack(0x000000dc25c00000,0x000000dc25d00000)]
  0x000001e55f15d800 JavaThread "Asynchronous log dispatcher for DefaultDaemonConnection: socket connection from /127.0.0.1:56201 to /127.0.0.1:56202" [_thread_blocked, id=992, stack(0x000000dc25d00000,0x000000dc25e00000)]
  0x000001e55f161000 JavaThread "Stdin handler" [_thread_blocked, id=3524, stack(0x000000dc25e00000,0x000000dc25f00000)]
  0x000001e55f15e800 JavaThread "Daemon client event forwarder" [_thread_blocked, id=9036, stack(0x000000dc25f00000,0x000000dc26000000)]
  0x000001e55f161800 JavaThread "Cache worker for journal cache (C:\Users\Admin\.gradle\caches\journal-1)" [_thread_blocked, id=1480, stack(0x000000dc26100000,0x000000dc26200000)]
  0x000001e55f0f5800 JavaThread "File lock request listener" [_thread_in_native, id=1508, stack(0x000000dc26200000,0x000000dc26300000)]
  0x000001e55f0f3000 JavaThread "Cache worker for file hash cache (C:\Users\Admin\.gradle\caches\7.3.3\fileHashes)" [_thread_blocked, id=1308, stack(0x000000dc26300000,0x000000dc26400000)]
  0x000001e55f0f6800 JavaThread "Cache worker for file hash cache (C:\Users\Admin\Desktop\jana\hw1\.gradle\7.3.3\fileHashes)" [_thread_blocked, id=1716, stack(0x000000dc25800000,0x000000dc25900000)]
  0x000001e55f0f7000 JavaThread "File watcher server" daemon [_thread_in_native, id=9924, stack(0x000000dc26500000,0x000000dc26600000)]
  0x000001e55f0f8000 JavaThread "File watcher consumer" daemon [_thread_blocked, id=6756, stack(0x000000dc26600000,0x000000dc26700000)]
  0x000001e55f0f4800 JavaThread "Cache worker for checksums cache (C:\Users\Admin\Desktop\jana\hw1\.gradle\7.3.3\checksums)" [_thread_blocked, id=9664, stack(0x000000dc26700000,0x000000dc26800000)]
  0x000001e55f0f4000 JavaThread "Cache worker for cache directory md-supplier (C:\Users\Admin\.gradle\caches\7.3.3\md-supplier)" [_thread_blocked, id=5720, stack(0x000000dc26800000,0x000000dc26900000)]
  0x000001e55f0fc000 JavaThread "Cache worker for cache directory md-rule (C:\Users\Admin\.gradle\caches\7.3.3\md-rule)" [_thread_blocked, id=2916, stack(0x000000dc26900000,0x000000dc26a00000)]
  0x000001e55f0fe800 JavaThread "Cache worker for execution history cache (C:\Users\Admin\.gradle\caches\7.3.3\executionHistory)" [_thread_blocked, id=2572, stack(0x000000dc26a00000,0x000000dc26b00000)]

Other Threads:
  0x000001e55b5ca800 VMThread "VM Thread" [stack: 0x000000dc24800000,0x000000dc24900000] [id=3408]
  0x000001e55c0b6800 WatcherThread [stack: 0x000000dc25200000,0x000000dc25300000] [id=9988]
  0x000001e53f8ce800 GCTaskThread "GC Thread#0" [stack: 0x000000dc24300000,0x000000dc24400000] [id=4020]
  0x000001e55c21f000 GCTaskThread "GC Thread#1" [stack: 0x000000dc25400000,0x000000dc25500000] [id=10184]
  0x000001e55c7e7000 GCTaskThread "GC Thread#2" [stack: 0x000000dc25500000,0x000000dc25600000] [id=6684]
  0x000001e55e518800 GCTaskThread "GC Thread#3" [stack: 0x000000dc26000000,0x000000dc26100000] [id=9700]
  0x000001e541a18000 ConcurrentGCThread "G1 Main Marker" [stack: 0x000000dc24400000,0x000000dc24500000] [id=2564]
  0x000001e541a19800 ConcurrentGCThread "G1 Conc#0" [stack: 0x000000dc24500000,0x000000dc24600000] [id=4872]
  0x000001e541aab000 ConcurrentGCThread "G1 Refine#0" [stack: 0x000000dc24600000,0x000000dc24700000] [id=9396]
  0x000001e541aac000 ConcurrentGCThread "G1 Young RemSet Sampling" [stack: 0x000000dc24700000,0x000000dc24800000] [id=3436]

Threads with active compile tasks:
C2 CompilerThread0   7817 2593  s!   4       jdk.internal.loader.URLClassPath::getLoader (194 bytes)

VM state:not at safepoint (normal execution)

VM Mutex/Monitor currently owned by a thread: None

Heap address: 0x0000000080000000, size: 2048 MB, Compressed Oops mode: 32-bit
Narrow klass base: 0x0000000000000000, Narrow klass shift: 3
Compressed class space size: 1073741824 Address: 0x0000000100000000

Heap:
 garbage-first heap   total 131072K, used 72301K [0x0000000080000000, 0x0000000100000000)
  region size 1024K, 56 young (57344K), 3 survivors (3072K)
 Metaspace       used 32035K, capacity 32827K, committed 33024K, reserved 1077248K
  class space    used 4277K, capacity 4557K, committed 4608K, reserved 1048576K
Heap Regions: E=young(eden), S=young(survivor), O=old, HS=humongous(starts), HC=humongous(continues), CS=collection set, F=free, A=archive, TAMS=top-at-mark-start (previous, next)
|   0|0x0000000080000000, 0x0000000080100000, 0x0000000080100000|100%| O|  |TAMS 0x0000000080100000, 0x0000000080000000| Untracked 
|   1|0x0000000080100000, 0x0000000080200000, 0x0000000080200000|100%| O|  |TAMS 0x0000000080200000, 0x0000000080100000| Untracked 
|   2|0x0000000080200000, 0x0000000080300000, 0x0000000080300000|100%| O|  |TAMS 0x0000000080300000, 0x0000000080200000| Untracked 
|   3|0x0000000080300000, 0x0000000080400000, 0x0000000080400000|100%|HS|  |TAMS 0x0000000080400000, 0x0000000080300000| Complete 
|   4|0x0000000080400000, 0x0000000080500000, 0x0000000080500000|100%|HC|  |TAMS 0x0000000080500000, 0x0000000080400000| Complete 
|   5|0x0000000080500000, 0x0000000080600000, 0x0000000080600000|100%|HC|  |TAMS 0x0000000080600000, 0x0000000080500000| Complete 
|   6|0x0000000080600000, 0x0000000080700000, 0x0000000080700000|100%| O|  |TAMS 0x0000000080700000, 0x0000000080600000| Untracked 
|   7|0x0000000080700000, 0x0000000080800000, 0x0000000080800000|100%| O|  |TAMS 0x0000000080800000, 0x0000000080700000| Untracked 
|   8|0x0000000080800000, 0x0000000080900000, 0x0000000080900000|100%| O|  |TAMS 0x0000000080900000, 0x0000000080800000| Untracked 
|   9|0x0000000080900000, 0x0000000080a00000, 0x0000000080a00000|100%| O|  |TAMS 0x0000000080a00000, 0x0000000080900000| Untracked 
|  10|0x0000000080a00000, 0x0000000080b00000, 0x0000000080b00000|100%| O|  |TAMS 0x0000000080b00000, 0x0000000080a00000| Untracked 
|  11|0x0000000080b00000, 0x0000000080c00000, 0x0000000080c00000|100%| O|  |TAMS 0x0000000080c00000, 0x0000000080b00000| Untracked 
|  12|0x0000000080c00000, 0x0000000080d00000, 0x0000000080d00000|100%| O|  |TAMS 0x0000000080d00000, 0x0000000080c00000| Untracked 
|  13|0x0000000080d00000, 0x0000000080e00000, 0x0000000080e00000|100%| O|  |TAMS 0x0000000080e00000, 0x0000000080d00000| Untracked 
|  14|0x0000000080e00000, 0x0000000080f00000, 0x0000000080f00000|100%| O|  |TAMS 0x0000000080f00000, 0x0000000080e00000| Untracked 
|  15|0x0000000080f00000, 0x0000000080ff6c00, 0x0000000081000000| 96%| O|  |TAMS 0x0000000080ff6c00, 0x0000000080f00000| Untracked 
|  16|0x0000000081000000, 0x0000000081000000, 0x0000000081100000|  0%| F|  |TAMS 0x0000000081000000, 0x0000000081000000| Untracked 
|  17|0x0000000081100000, 0x0000000081100000, 0x0000000081200000|  0%| F|  |TAMS 0x0000000081100000, 0x0000000081100000| Untracked 
|  18|0x0000000081200000, 0x0000000081200000, 0x0000000081300000|  0%| F|  |TAMS 0x0000000081200000, 0x0000000081200000| Untracked 
|  19|0x0000000081300000, 0x0000000081300000, 0x0000000081400000|  0%| F|  |TAMS 0x0000000081300000, 0x0000000081300000| Untracked 
|  20|0x0000000081400000, 0x0000000081400000, 0x0000000081500000|  0%| F|  |TAMS 0x0000000081400000, 0x0000000081400000| Untracked 
|  21|0x0000000081500000, 0x0000000081500000, 0x0000000081600000|  0%| F|  |TAMS 0x0000000081500000, 0x0000000081500000| Untracked 
|  22|0x0000000081600000, 0x0000000081600000, 0x0000000081700000|  0%| F|  |TAMS 0x0000000081600000, 0x0000000081600000| Untracked 
|  23|0x0000000081700000, 0x0000000081700000, 0x0000000081800000|  0%| F|  |TAMS 0x0000000081700000, 0x0000000081700000| Untracked 
|  24|0x0000000081800000, 0x0000000081800000, 0x0000000081900000|  0%| F|  |TAMS 0x0000000081800000, 0x0000000081800000| Untracked 
|  25|0x0000000081900000, 0x0000000081900000, 0x0000000081a00000|  0%| F|  |TAMS 0x0000000081900000, 0x0000000081900000| Untracked 
|  26|0x0000000081a00000, 0x0000000081a00000, 0x0000000081b00000|  0%| F|  |TAMS 0x0000000081a00000, 0x0000000081a00000| Untracked 
|  27|0x0000000081b00000, 0x0000000081b00000, 0x0000000081c00000|  0%| F|  |TAMS 0x0000000081b00000, 0x0000000081b00000| Untracked 
|  28|0x0000000081c00000, 0x0000000081c00000, 0x0000000081d00000|  0%| F|  |TAMS 0x0000000081c00000, 0x0000000081c00000| Untracked 
|  29|0x0000000081d00000, 0x0000000081d00000, 0x0000000081e00000|  0%| F|  |TAMS 0x0000000081d00000, 0x0000000081d00000| Untracked 
|  30|0x0000000081e00000, 0x0000000081e00000, 0x0000000081f00000|  0%| F|  |TAMS 0x0000000081e00000, 0x0000000081e00000| Untracked 
|  31|0x0000000081f00000, 0x0000000081f00000, 0x0000000082000000|  0%| F|  |TAMS 0x0000000081f00000, 0x0000000081f00000| Untracked 
|  32|0x0000000082000000, 0x0000000082000000, 0x0000000082100000|  0%| F|  |TAMS 0x0000000082000000, 0x0000000082000000| Untracked 
|  33|0x0000000082100000, 0x0000000082100000, 0x0000000082200000|  0%| F|  |TAMS 0x0000000082100000, 0x0000000082100000| Untracked 
|  34|0x0000000082200000, 0x0000000082200000, 0x0000000082300000|  0%| F|  |TAMS 0x0000000082200000, 0x0000000082200000| Untracked 
|  35|0x0000000082300000, 0x0000000082300000, 0x0000000082400000|  0%| F|  |TAMS 0x0000000082300000, 0x0000000082300000| Untracked 
|  36|0x0000000082400000, 0x0000000082400000, 0x0000000082500000|  0%| F|  |TAMS 0x0000000082400000, 0x0000000082400000| Untracked 
|  37|0x0000000082500000, 0x0000000082500000, 0x0000000082600000|  0%| F|  |TAMS 0x0000000082500000, 0x0000000082500000| Untracked 
|  38|0x0000000082600000, 0x0000000082600000, 0x0000000082700000|  0%| F|  |TAMS 0x0000000082600000, 0x0000000082600000| Untracked 
|  39|0x0000000082700000, 0x0000000082700000, 0x0000000082800000|  0%| F|  |TAMS 0x0000000082700000, 0x0000000082700000| Untracked 
|  40|0x0000000082800000, 0x0000000082800000, 0x0000000082900000|  0%| F|  |TAMS 0x0000000082800000, 0x0000000082800000| Untracked 
|  41|0x0000000082900000, 0x0000000082900000, 0x0000000082a00000|  0%| F|  |TAMS 0x0000000082900000, 0x0000000082900000| Untracked 
|  42|0x0000000082a00000, 0x0000000082a00000, 0x0000000082b00000|  0%| F|  |TAMS 0x0000000082a00000, 0x0000000082a00000| Untracked 
|  43|0x0000000082b00000, 0x0000000082b00000, 0x0000000082c00000|  0%| F|  |TAMS 0x0000000082b00000, 0x0000000082b00000| Untracked 
|  44|0x0000000082c00000, 0x0000000082c00000, 0x0000000082d00000|  0%| F|  |TAMS 0x0000000082c00000, 0x0000000082c00000| Untracked 
|  45|0x0000000082d00000, 0x0000000082d00000, 0x0000000082e00000|  0%| F|  |TAMS 0x0000000082d00000, 0x0000000082d00000| Untracked 
|  46|0x0000000082e00000, 0x0000000082e00000, 0x0000000082f00000|  0%| F|  |TAMS 0x0000000082e00000, 0x0000000082e00000| Untracked 
|  47|0x0000000082f00000, 0x0000000082f00000, 0x0000000083000000|  0%| F|  |TAMS 0x0000000082f00000, 0x0000000082f00000| Untracked 
|  48|0x0000000083000000, 0x0000000083000000, 0x0000000083100000|  0%| F|  |TAMS 0x0000000083000000, 0x0000000083000000| Untracked 
|  49|0x0000000083100000, 0x0000000083100000, 0x0000000083200000|  0%| F|  |TAMS 0x0000000083100000, 0x0000000083100000| Untracked 
|  50|0x0000000083200000, 0x0000000083200000, 0x0000000083300000|  0%| F|  |TAMS 0x0000000083200000, 0x0000000083200000| Untracked 
|  51|0x0000000083300000, 0x0000000083300000, 0x0000000083400000|  0%| F|  |TAMS 0x0000000083300000, 0x0000000083300000| Untracked 
|  52|0x0000000083400000, 0x0000000083400000, 0x0000000083500000|  0%| F|  |TAMS 0x0000000083400000, 0x0000000083400000| Untracked 
|  53|0x0000000083500000, 0x0000000083500000, 0x0000000083600000|  0%| F|  |TAMS 0x0000000083500000, 0x0000000083500000| Untracked 
|  54|0x0000000083600000, 0x0000000083600000, 0x0000000083700000|  0%| F|  |TAMS 0x0000000083600000, 0x0000000083600000| Untracked 
|  55|0x0000000083700000, 0x0000000083700000, 0x0000000083800000|  0%| F|  |TAMS 0x0000000083700000, 0x0000000083700000| Untracked 
|  56|0x0000000083800000, 0x0000000083800000, 0x0000000083900000|  0%| F|  |TAMS 0x0000000083800000, 0x0000000083800000| Untracked 
|  57|0x0000000083900000, 0x0000000083900000, 0x0000000083a00000|  0%| F|  |TAMS 0x0000000083900000, 0x0000000083900000| Untracked 
|  58|0x0000000083a00000, 0x0000000083a00000, 0x0000000083b00000|  0%| F|  |TAMS 0x0000000083a00000, 0x0000000083a00000| Untracked 
|  59|0x0000000083b00000, 0x0000000083b00000, 0x0000000083c00000|  0%| F|  |TAMS 0x0000000083b00000, 0x0000000083b00000| Untracked 
|  60|0x0000000083c00000, 0x0000000083c00000, 0x0000000083d00000|  0%| F|  |TAMS 0x0000000083c00000, 0x0000000083c00000| Untracked 
|  61|0x0000000083d00000, 0x0000000083d00000, 0x0000000083e00000|  0%| F|  |TAMS 0x0000000083d00000, 0x0000000083d00000| Untracked 
|  62|0x0000000083e00000, 0x0000000083e00000, 0x0000000083f00000|  0%| F|  |TAMS 0x0000000083e00000, 0x0000000083e00000| Untracked 
|  63|0x0000000083f00000, 0x0000000083f00000, 0x0000000084000000|  0%| F|  |TAMS 0x0000000083f00000, 0x0000000083f00000| Untracked 
|  64|0x0000000084000000, 0x0000000084000000, 0x0000000084100000|  0%| F|  |TAMS 0x0000000084000000, 0x0000000084000000| Untracked 
|  65|0x0000000084100000, 0x0000000084100000, 0x0000000084200000|  0%| F|  |TAMS 0x0000000084100000, 0x0000000084100000| Untracked 
|  66|0x0000000084200000, 0x0000000084200000, 0x0000000084300000|  0%| F|  |TAMS 0x0000000084200000, 0x0000000084200000| Untracked 
|  67|0x0000000084300000, 0x0000000084300000, 0x0000000084400000|  0%| F|  |TAMS 0x0000000084300000, 0x0000000084300000| Untracked 
|  68|0x0000000084400000, 0x0000000084400000, 0x0000000084500000|  0%| F|  |TAMS 0x0000000084400000, 0x0000000084400000| Untracked 
|  69|0x0000000084500000, 0x0000000084500000, 0x0000000084600000|  0%| F|  |TAMS 0x0000000084500000, 0x0000000084500000| Untracked 
|  70|0x0000000084600000, 0x0000000084600000, 0x0000000084700000|  0%| F|  |TAMS 0x0000000084600000, 0x0000000084600000| Untracked 
|  71|0x0000000084700000, 0x0000000084700000, 0x0000000084800000|  0%| F|  |TAMS 0x0000000084700000, 0x0000000084700000| Untracked 
|  72|0x0000000084800000, 0x0000000084881c10, 0x0000000084900000| 50%| E|  |TAMS 0x0000000084800000, 0x0000000084800000| Complete 
|  73|0x0000000084900000, 0x0000000084a00000, 0x0000000084a00000|100%| E|CS|TAMS 0x0000000084900000, 0x0000000084900000| Complete 
|  74|0x0000000084a00000, 0x0000000084b00000, 0x0000000084b00000|100%| E|CS|TAMS 0x0000000084a00000, 0x0000000084a00000| Complete 
|  75|0x0000000084b00000, 0x0000000084ba4818, 0x0000000084c00000| 64%| S|CS|TAMS 0x0000000084b00000, 0x0000000084b00000| Complete 
|  76|0x0000000084c00000, 0x0000000084d00000, 0x0000000084d00000|100%| S|CS|TAMS 0x0000000084c00000, 0x0000000084c00000| Complete 
|  77|0x0000000084d00000, 0x0000000084e00000, 0x0000000084e00000|100%| S|CS|TAMS 0x0000000084d00000, 0x0000000084d00000| Complete 
|  78|0x0000000084e00000, 0x0000000084f00000, 0x0000000084f00000|100%| E|CS|TAMS 0x0000000084e00000, 0x0000000084e00000| Complete 
|  79|0x0000000084f00000, 0x0000000085000000, 0x0000000085000000|100%| E|CS|TAMS 0x0000000084f00000, 0x0000000084f00000| Complete 
|  80|0x0000000085000000, 0x0000000085100000, 0x0000000085100000|100%| E|CS|TAMS 0x0000000085000000, 0x0000000085000000| Complete 
|  81|0x0000000085100000, 0x0000000085200000, 0x0000000085200000|100%| E|CS|TAMS 0x0000000085100000, 0x0000000085100000| Complete 
|  82|0x0000000085200000, 0x0000000085300000, 0x0000000085300000|100%| E|CS|TAMS 0x0000000085200000, 0x0000000085200000| Complete 
|  83|0x0000000085300000, 0x0000000085400000, 0x0000000085400000|100%| E|CS|TAMS 0x0000000085300000, 0x0000000085300000| Complete 
|  84|0x0000000085400000, 0x0000000085500000, 0x0000000085500000|100%| E|CS|TAMS 0x0000000085400000, 0x0000000085400000| Complete 
|  85|0x0000000085500000, 0x0000000085600000, 0x0000000085600000|100%| E|CS|TAMS 0x0000000085500000, 0x0000000085500000| Complete 
|  86|0x0000000085600000, 0x0000000085700000, 0x0000000085700000|100%| E|CS|TAMS 0x0000000085600000, 0x0000000085600000| Complete 
|  87|0x0000000085700000, 0x0000000085800000, 0x0000000085800000|100%| E|CS|TAMS 0x0000000085700000, 0x0000000085700000| Complete 
|  88|0x0000000085800000, 0x0000000085900000, 0x0000000085900000|100%| E|CS|TAMS 0x0000000085800000, 0x0000000085800000| Complete 
|  89|0x0000000085900000, 0x0000000085a00000, 0x0000000085a00000|100%| E|CS|TAMS 0x0000000085900000, 0x0000000085900000| Complete 
|  90|0x0000000085a00000, 0x0000000085b00000, 0x0000000085b00000|100%| E|CS|TAMS 0x0000000085a00000, 0x0000000085a00000| Complete 
|  91|0x0000000085b00000, 0x0000000085c00000, 0x0000000085c00000|100%| E|CS|TAMS 0x0000000085b00000, 0x0000000085b00000| Complete 
|  92|0x0000000085c00000, 0x0000000085d00000, 0x0000000085d00000|100%| E|CS|TAMS 0x0000000085c00000, 0x0000000085c00000| Complete 
|  93|0x0000000085d00000, 0x0000000085e00000, 0x0000000085e00000|100%| E|CS|TAMS 0x0000000085d00000, 0x0000000085d00000| Complete 
|  94|0x0000000085e00000, 0x0000000085f00000, 0x0000000085f00000|100%| E|CS|TAMS 0x0000000085e00000, 0x0000000085e00000| Complete 
|  95|0x0000000085f00000, 0x0000000086000000, 0x0000000086000000|100%| E|CS|TAMS 0x0000000085f00000, 0x0000000085f00000| Complete 
|  96|0x0000000086000000, 0x0000000086100000, 0x0000000086100000|100%| E|CS|TAMS 0x0000000086000000, 0x0000000086000000| Complete 
|  97|0x0000000086100000, 0x0000000086200000, 0x0000000086200000|100%| E|CS|TAMS 0x0000000086100000, 0x0000000086100000| Complete 
|  98|0x0000000086200000, 0x0000000086300000, 0x0000000086300000|100%| E|CS|TAMS 0x0000000086200000, 0x0000000086200000| Complete 
|  99|0x0000000086300000, 0x0000000086400000, 0x0000000086400000|100%| E|CS|TAMS 0x0000000086300000, 0x0000000086300000| Complete 
| 100|0x0000000086400000, 0x0000000086500000, 0x0000000086500000|100%| E|CS|TAMS 0x0000000086400000, 0x0000000086400000| Complete 
| 101|0x0000000086500000, 0x0000000086600000, 0x0000000086600000|100%| E|CS|TAMS 0x0000000086500000, 0x0000000086500000| Complete 
| 102|0x0000000086600000, 0x0000000086700000, 0x0000000086700000|100%| E|CS|TAMS 0x0000000086600000, 0x0000000086600000| Complete 
| 103|0x0000000086700000, 0x0000000086800000, 0x0000000086800000|100%| E|CS|TAMS 0x0000000086700000, 0x0000000086700000| Complete 
| 104|0x0000000086800000, 0x0000000086900000, 0x0000000086900000|100%| E|CS|TAMS 0x0000000086800000, 0x0000000086800000| Complete 
| 105|0x0000000086900000, 0x0000000086a00000, 0x0000000086a00000|100%| E|CS|TAMS 0x0000000086900000, 0x0000000086900000| Complete 
| 106|0x0000000086a00000, 0x0000000086b00000, 0x0000000086b00000|100%| E|CS|TAMS 0x0000000086a00000, 0x0000000086a00000| Complete 
| 107|0x0000000086b00000, 0x0000000086c00000, 0x0000000086c00000|100%| E|CS|TAMS 0x0000000086b00000, 0x0000000086b00000| Complete 
| 108|0x0000000086c00000, 0x0000000086d00000, 0x0000000086d00000|100%| E|CS|TAMS 0x0000000086c00000, 0x0000000086c00000| Complete 
| 109|0x0000000086d00000, 0x0000000086e00000, 0x0000000086e00000|100%| E|CS|TAMS 0x0000000086d00000, 0x0000000086d00000| Complete 
| 110|0x0000000086e00000, 0x0000000086f00000, 0x0000000086f00000|100%| E|CS|TAMS 0x0000000086e00000, 0x0000000086e00000| Complete 
| 111|0x0000000086f00000, 0x0000000087000000, 0x0000000087000000|100%| E|CS|TAMS 0x0000000086f00000, 0x0000000086f00000| Complete 
| 112|0x0000000087000000, 0x0000000087100000, 0x0000000087100000|100%| E|CS|TAMS 0x0000000087000000, 0x0000000087000000| Complete 
| 113|0x0000000087100000, 0x0000000087200000, 0x0000000087200000|100%| E|CS|TAMS 0x0000000087100000, 0x0000000087100000| Complete 
| 114|0x0000000087200000, 0x0000000087300000, 0x0000000087300000|100%| E|CS|TAMS 0x0000000087200000, 0x0000000087200000| Complete 
| 115|0x0000000087300000, 0x0000000087400000, 0x0000000087400000|100%| E|CS|TAMS 0x0000000087300000, 0x0000000087300000| Complete 
| 116|0x0000000087400000, 0x0000000087500000, 0x0000000087500000|100%| E|CS|TAMS 0x0000000087400000, 0x0000000087400000| Complete 
| 117|0x0000000087500000, 0x0000000087600000, 0x0000000087600000|100%| E|CS|TAMS 0x0000000087500000, 0x0000000087500000| Complete 
| 118|0x0000000087600000, 0x0000000087700000, 0x0000000087700000|100%| E|CS|TAMS 0x0000000087600000, 0x0000000087600000| Complete 
| 119|0x0000000087700000, 0x0000000087800000, 0x0000000087800000|100%| E|CS|TAMS 0x0000000087700000, 0x0000000087700000| Complete 
| 120|0x0000000087800000, 0x0000000087900000, 0x0000000087900000|100%| E|CS|TAMS 0x0000000087800000, 0x0000000087800000| Complete 
| 121|0x0000000087900000, 0x0000000087a00000, 0x0000000087a00000|100%| E|CS|TAMS 0x0000000087900000, 0x0000000087900000| Complete 
| 122|0x0000000087a00000, 0x0000000087b00000, 0x0000000087b00000|100%| E|CS|TAMS 0x0000000087a00000, 0x0000000087a00000| Complete 
| 123|0x0000000087b00000, 0x0000000087c00000, 0x0000000087c00000|100%| E|CS|TAMS 0x0000000087b00000, 0x0000000087b00000| Complete 
| 124|0x0000000087c00000, 0x0000000087d00000, 0x0000000087d00000|100%| E|CS|TAMS 0x0000000087c00000, 0x0000000087c00000| Complete 
| 125|0x0000000087d00000, 0x0000000087e00000, 0x0000000087e00000|100%| E|CS|TAMS 0x0000000087d00000, 0x0000000087d00000| Complete 
| 126|0x0000000087e00000, 0x0000000087f00000, 0x0000000087f00000|100%| E|CS|TAMS 0x0000000087e00000, 0x0000000087e00000| Complete 
| 127|0x0000000087f00000, 0x0000000088000000, 0x0000000088000000|100%| E|CS|TAMS 0x0000000087f00000, 0x0000000087f00000| Complete 

Card table byte_map: [0x000001e5548e0000,0x000001e554ce0000] _byte_map_base: 0x000001e5544e0000

Marking Bits (Prev, Next): (CMBitMap*) 0x000001e541a0f370, (CMBitMap*) 0x000001e541a0f338
 Prev Bits: [0x000001e5570e0000, 0x000001e5590e0000)
 Next Bits: [0x000001e5550e0000, 0x000001e5570e0000)

Polling page: 0x000001e53f9e0000

Metaspace:

Usage:
  Non-class:     27.61 MB capacity,    27.11 MB ( 98%) used,   445.41 KB (  2%) free+waste,    65.69 KB ( <1%) overhead. 
      Class:      4.45 MB capacity,     4.18 MB ( 94%) used,   247.11 KB (  5%) free+waste,    32.88 KB ( <1%) overhead. 
       Both:     32.06 MB capacity,    31.29 MB ( 98%) used,   692.52 KB (  2%) free+waste,    98.56 KB ( <1%) overhead. 

Virtual space:
  Non-class space:       28.00 MB reserved,      27.75 MB (>99%) committed 
      Class space:        1.00 GB reserved,       4.50 MB ( <1%) committed 
             Both:        1.03 GB reserved,      32.25 MB (  3%) committed 

Chunk freelists:
   Non-Class:  18.00 KB
       Class:  19.00 KB
        Both:  37.00 KB

MaxMetaspaceSize: 17179869184.00 GB
CompressedClassSpaceSize: 1.00 GB
Initial GC threshold: 20.80 MB
Current GC threshold: 35.00 MB
CDS: off

CodeHeap 'non-profiled nmethods': size=120064Kb used=1344Kb max_used=1344Kb free=118719Kb
 bounds [0x000001e54cfa0000, 0x000001e54d210000, 0x000001e5544e0000]
CodeHeap 'profiled nmethods': size=120000Kb used=5795Kb max_used=5795Kb free=114204Kb
 bounds [0x000001e545a70000, 0x000001e546020000, 0x000001e54cfa0000]
CodeHeap 'non-nmethods': size=5696Kb used=1238Kb max_used=1278Kb free=4457Kb
 bounds [0x000001e5454e0000, 0x000001e545750000, 0x000001e545a70000]
 total_blobs=3110 nmethods=2599 adapters=423
 compilation: enabled
              stopped_count=0, restarted_count=0
 full_count=0

Compilation events (20 events):
Event: 7.771 Thread 0x000001e55b5fd000 nmethod 2599 0x000001e54d0efa90 code [0x000001e54d0efc40, 0x000001e54d0efcf8]
Event: 7.775 Thread 0x000001e55b5fd000 2600       3       jdk.internal.module.Builder::newExports (11 bytes)
Event: 7.775 Thread 0x000001e55b5fd000 nmethod 2600 0x000001e54600e910 code [0x000001e54600eb00, 0x000001e54600ef58]
Event: 7.775 Thread 0x000001e55b5fd000 2602       3       java.lang.module.ModuleDescriptor$Exports::<init> (20 bytes)
Event: 7.775 Thread 0x000001e55b5fd000 nmethod 2602 0x000001e54600f110 code [0x000001e54600f2c0, 0x000001e54600f538]
Event: 7.775 Thread 0x000001e55b5fd000 2601       3       java.lang.module.ModuleDescriptor$1::newExports (14 bytes)
Event: 7.776 Thread 0x000001e55b5fd000 nmethod 2601 0x000001e54600f610 code [0x000001e54600f7e0, 0x000001e54600fbd8]
Event: 7.776 Thread 0x000001e55b5fd000 2603       3       java.lang.module.ModuleDescriptor$Exports::equals (62 bytes)
Event: 7.777 Thread 0x000001e55b5fd000 nmethod 2603 0x000001e54600fd90 code [0x000001e54600ffc0, 0x000001e546010928]
Event: 7.777 Thread 0x000001e55b5fd000 2606       3       java.util.ImmutableCollections$Set12::hashCode (27 bytes)
Event: 7.777 Thread 0x000001e55b5fd000 nmethod 2606 0x000001e546010b10 code [0x000001e546010ce0, 0x000001e546010fd8]
Event: 7.777 Thread 0x000001e55b5fd000 2605       1       java.lang.module.ModuleDescriptor$Version::toString (5 bytes)
Event: 7.777 Thread 0x000001e55b5fd000 nmethod 2605 0x000001e54d0efd90 code [0x000001e54d0eff40, 0x000001e54d0efff8]
Event: 7.777 Thread 0x000001e55b5fd000 2607       3       jdk.internal.module.Builder::newExports (12 bytes)
Event: 7.778 Thread 0x000001e55b5fd000 nmethod 2607 0x000001e546011110 code [0x000001e5460112e0, 0x000001e546011678]
Event: 7.778 Thread 0x000001e55b5fd000 2608       3       java.util.ImmutableCollections$SetN::<init> (90 bytes)
Event: 7.780 Thread 0x000001e55b5fd000 nmethod 2608 0x000001e546011790 code [0x000001e546011a80, 0x000001e546012a18]
Event: 7.780 Thread 0x000001e55b5fd000 2609       3       java.util.ImmutableCollections$SetN::contains (26 bytes)
Event: 7.780 Thread 0x000001e55b5fd000 nmethod 2609 0x000001e546012f90 code [0x000001e546013160, 0x000001e546013478]
Event: 7.780 Thread 0x000001e55b5fd000 2611       3       java.net.URI::hash (33 bytes)

GC Heap History (12 events):
Event: 1.044 GC heap before
{Heap before GC invocations=0 (full 0):
 garbage-first heap   total 131072K, used 20480K [0x0000000080000000, 0x0000000100000000)
  region size 1024K, 14 young (14336K), 0 survivors (0K)
 Metaspace       used 6743K, capacity 6925K, committed 7168K, reserved 1056768K
  class space    used 582K, capacity 650K, committed 768K, reserved 1048576K
}
Event: 1.054 GC heap after
{Heap after GC invocations=1 (full 0):
 garbage-first heap   total 131072K, used 7874K [0x0000000080000000, 0x0000000100000000)
  region size 1024K, 2 young (2048K), 2 survivors (2048K)
 Metaspace       used 6743K, capacity 6925K, committed 7168K, reserved 1056768K
  class space    used 582K, capacity 650K, committed 768K, reserved 1048576K
}
Event: 1.598 GC heap before
{Heap before GC invocations=1 (full 0):
 garbage-first heap   total 131072K, used 20162K [0x0000000080000000, 0x0000000100000000)
  region size 1024K, 14 young (14336K), 2 survivors (2048K)
 Metaspace       used 9900K, capacity 10118K, committed 10368K, reserved 1058816K
  class space    used 1027K, capacity 1102K, committed 1152K, reserved 1048576K
}
Event: 1.603 GC heap after
{Heap after GC invocations=2 (full 0):
 garbage-first heap   total 131072K, used 9375K [0x0000000080000000, 0x0000000100000000)
  region size 1024K, 2 young (2048K), 2 survivors (2048K)
 Metaspace       used 9900K, capacity 10118K, committed 10368K, reserved 1058816K
  class space    used 1027K, capacity 1102K, committed 1152K, reserved 1048576K
}
Event: 1.968 GC heap before
{Heap before GC invocations=2 (full 0):
 garbage-first heap   total 131072K, used 40095K [0x0000000080000000, 0x0000000100000000)
  region size 1024K, 31 young (31744K), 2 survivors (2048K)
 Metaspace       used 10867K, capacity 11073K, committed 11264K, reserved 1058816K
  class space    used 1130K, capacity 1207K, committed 1280K, reserved 1048576K
}
Event: 1.973 GC heap after
{Heap after GC invocations=3 (full 0):
 garbage-first heap   total 131072K, used 11679K [0x0000000080000000, 0x0000000100000000)
  region size 1024K, 4 young (4096K), 4 survivors (4096K)
 Metaspace       used 10867K, capacity 11073K, committed 11264K, reserved 1058816K
  class space    used 1130K, capacity 1207K, committed 1280K, reserved 1048576K
}
Event: 3.722 GC heap before
{Heap before GC invocations=3 (full 0):
 garbage-first heap   total 131072K, used 57759K [0x0000000080000000, 0x0000000100000000)
  region size 1024K, 49 young (50176K), 4 survivors (4096K)
 Metaspace       used 18167K, capacity 18491K, committed 18688K, reserved 1064960K
  class space    used 2168K, capacity 2276K, committed 2304K, reserved 1048576K
}
Event: 3.732 GC heap after
{Heap after GC invocations=4 (full 0):
 garbage-first heap   total 131072K, used 16347K [0x0000000080000000, 0x0000000100000000)
  region size 1024K, 7 young (7168K), 7 survivors (7168K)
 Metaspace       used 18167K, capacity 18491K, committed 18688K, reserved 1064960K
  class space    used 2168K, capacity 2276K, committed 2304K, reserved 1048576K
}
Event: 4.128 GC heap before
{Heap before GC invocations=4 (full 0):
 garbage-first heap   total 131072K, used 39899K [0x0000000080000000, 0x0000000100000000)
  region size 1024K, 31 young (31744K), 7 survivors (7168K)
 Metaspace       used 20750K, capacity 21138K, committed 21248K, reserved 1067008K
  class space    used 2550K, capacity 2711K, committed 2816K, reserved 1048576K
}
Event: 4.137 GC heap after
{Heap after GC invocations=5 (full 0):
 garbage-first heap   total 131072K, used 17284K [0x0000000080000000, 0x0000000100000000)
  region size 1024K, 1 young (1024K), 1 survivors (1024K)
 Metaspace       used 20750K, capacity 21138K, committed 21248K, reserved 1067008K
  class space    used 2550K, capacity 2711K, committed 2816K, reserved 1048576K
}
Event: 5.532 GC heap before
{Heap before GC invocations=6 (full 0):
 garbage-first heap   total 131072K, used 67460K [0x0000000080000000, 0x0000000100000000)
  region size 1024K, 50 young (51200K), 1 survivors (1024K)
 Metaspace       used 26149K, capacity 26687K, committed 27008K, reserved 1073152K
  class space    used 3388K, capacity 3587K, committed 3712K, reserved 1048576K
}
Event: 5.540 GC heap after
{Heap after GC invocations=7 (full 0):
 garbage-first heap   total 131072K, used 19053K [0x0000000080000000, 0x0000000100000000)
  region size 1024K, 3 young (3072K), 3 survivors (3072K)
 Metaspace       used 26149K, capacity 26687K, committed 27008K, reserved 1073152K
  class space    used 3388K, capacity 3587K, committed 3712K, reserved 1048576K
}

Deoptimization events (20 events):
Event: 6.724 Thread 0x000001e55f160000 Uncommon trap: trap_request=0xffffff4d fr.pc=0x000001e54d065bb0 relative=0x0000000000000230
Event: 6.724 Thread 0x000001e55f160000 Uncommon trap: reason=unstable_if action=reinterpret pc=0x000001e54d065bb0 method=java.util.HashMap.putVal(ILjava/lang/Object;Ljava/lang/Object;ZZ)Ljava/lang/Object; @ 162 c2
Event: 6.724 Thread 0x000001e55f160000 DEOPT PACKING pc=0x000001e54d065bb0 sp=0x000000dc25cfa990
Event: 6.724 Thread 0x000001e55f160000 DEOPT UNPACKING pc=0x000001e54552a1af sp=0x000000dc25cfa8a0 mode 2
Event: 7.019 Thread 0x000001e55f160000 Uncommon trap: trap_request=0xffffffde fr.pc=0x000001e54d05b628 relative=0x0000000000001328
Event: 7.020 Thread 0x000001e55f160000 Uncommon trap: reason=class_check action=maybe_recompile pc=0x000001e54d05b628 method=java.io.BufferedInputStream.read([BII)I @ 101 c2
Event: 7.020 Thread 0x000001e55f160000 DEOPT PACKING pc=0x000001e54d05b628 sp=0x000000dc25cf9780
Event: 7.020 Thread 0x000001e55f160000 DEOPT UNPACKING pc=0x000001e54552a1af sp=0x000000dc25cf9640 mode 2
Event: 7.022 Thread 0x000001e55f160000 Uncommon trap: trap_request=0xffffffde fr.pc=0x000001e54d05b628 relative=0x0000000000001328
Event: 7.022 Thread 0x000001e55f160000 Uncommon trap: reason=class_check action=maybe_recompile pc=0x000001e54d05b628 method=java.io.BufferedInputStream.read([BII)I @ 101 c2
Event: 7.022 Thread 0x000001e55f160000 DEOPT PACKING pc=0x000001e54d05b628 sp=0x000000dc25cf9780
Event: 7.022 Thread 0x000001e55f160000 DEOPT UNPACKING pc=0x000001e54552a1af sp=0x000000dc25cf9640 mode 2
Event: 7.023 Thread 0x000001e55f160000 Uncommon trap: trap_request=0xffffffde fr.pc=0x000001e54d05b628 relative=0x0000000000001328
Event: 7.023 Thread 0x000001e55f160000 Uncommon trap: reason=class_check action=maybe_recompile pc=0x000001e54d05b628 method=java.io.BufferedInputStream.read([BII)I @ 101 c2
Event: 7.023 Thread 0x000001e55f160000 DEOPT PACKING pc=0x000001e54d05b628 sp=0x000000dc25cf9780
Event: 7.023 Thread 0x000001e55f160000 DEOPT UNPACKING pc=0x000001e54552a1af sp=0x000000dc25cf9640 mode 2
Event: 7.024 Thread 0x000001e55f160000 Uncommon trap: trap_request=0xffffffde fr.pc=0x000001e54d05b628 relative=0x0000000000001328
Event: 7.024 Thread 0x000001e55f160000 Uncommon trap: reason=class_check action=maybe_recompile pc=0x000001e54d05b628 method=java.io.BufferedInputStream.read([BII)I @ 101 c2
Event: 7.024 Thread 0x000001e55f160000 DEOPT PACKING pc=0x000001e54d05b628 sp=0x000000dc25cf9780
Event: 7.024 Thread 0x000001e55f160000 DEOPT UNPACKING pc=0x000001e54552a1af sp=0x000000dc25cf9640 mode 2

Classes redefined (0 events):
No events

Internal exceptions (20 events):
Event: 4.762 Thread 0x000001e55f160000 Exception <a 'java/lang/NoSuchMethodError'{0x00000000861d3268}: 'void java.lang.invoke.DirectMethodHandle$Holder.invokeSpecial(java.lang.Object, java.lang.Object, java.lang.Object, java.lang.Object, java.lang.Object, java.lang.Object, java.lang.Object)'> (0x00000000861d3268) thrown at [./src/hotspot/share/interpreter/linkResolver.cpp, line 773]
Event: 4.763 Thread 0x000001e55f160000 Exception <a 'java/lang/NoSuchMethodError'{0x00000000861db758}: 'java.lang.Object java.lang.invoke.Invokers$Holder.linkToTargetMethod(java.lang.Object, java.lang.Object, java.lang.Object, java.lang.Object, java.lang.Object, java.lang.Object)'> (0x00000000861db758) thrown at [./src/hotspot/share/interpreter/linkResolver.cpp, line 773]
Event: 5.171 Thread 0x000001e55f160000 Exception <a 'java/lang/NoSuchMethodError'{0x0000000085723440}: 'int java.lang.invoke.DirectMethodHandle$Holder.invokeStaticInit(java.lang.Object, java.lang.Object, java.lang.Object)'> (0x0000000085723440) thrown at [./src/hotspot/share/interpreter/linkResolver.cpp, line 773]
Event: 5.368 Thread 0x000001e55f160000 Exception <a 'java/lang/NoSuchMethodError'{0x0000000085232dc8}: 'void java.lang.invoke.DirectMethodHandle$Holder.invokeStaticInit(java.lang.Object, java.lang.Object)'> (0x0000000085232dc8) thrown at [./src/hotspot/share/interpreter/linkResolver.cpp, line 773]
Event: 5.635 Thread 0x000001e55f160000 Exception <a 'java/lang/NoSuchMethodError'{0x0000000087f9f438}: 'void java.lang.invoke.DirectMethodHandle$Holder.invokeStatic(java.lang.Object, java.lang.Object, java.lang.Object, java.lang.Object)'> (0x0000000087f9f438) thrown at [./src/hotspot/share/interpreter/linkResolver.cpp, line 773]
Event: 5.662 Thread 0x000001e55f160000 Exception <a 'java/lang/NoSuchMethodError'{0x0000000087fcd618}: 'java.lang.Object java.lang.invoke.DirectMethodHandle$Holder.invokeVirtual(java.lang.Object, java.lang.Object, java.lang.Object)'> (0x0000000087fcd618) thrown at [./src/hotspot/share/interpreter/linkResolver.cpp, line 773]
Event: 5.673 Thread 0x000001e55f160000 Exception <a 'java/lang/NoSuchMethodError'{0x0000000087ff4938}: 'int java.lang.invoke.DirectMethodHandle$Holder.invokeVirtual(java.lang.Object, java.lang.Object)'> (0x0000000087ff4938) thrown at [./src/hotspot/share/interpreter/linkResolver.cpp, line 773]
Event: 5.692 Thread 0x000001e55f160000 Exception <a 'java/lang/NoSuchMethodError'{0x0000000087e5c128}: 'int java.lang.invoke.DirectMethodHandle$Holder.invokeVirtual(java.lang.Object, java.lang.Object, java.lang.Object)'> (0x0000000087e5c128) thrown at [./src/hotspot/share/interpreter/linkResolver.cpp, line 773]
Event: 5.785 Thread 0x000001e55f160000 Exception <a 'java/lang/NoSuchMethodError'{0x0000000087db7588}: 'void java.lang.invoke.DirectMethodHandle$Holder.invokeSpecial(java.lang.Object, java.lang.Object)'> (0x0000000087db7588) thrown at [./src/hotspot/share/interpreter/linkResolver.cpp, line 773]
Event: 6.079 Thread 0x000001e55f160000 Exception <a 'java/lang/NoSuchMethodError'{0x0000000087343ae0}: 'java.lang.Object java.lang.invoke.DirectMethodHandle$Holder.invokeSpecialIFC(java.lang.Object, java.lang.Object, java.lang.Object, java.lang.Object)'> (0x0000000087343ae0) thrown at [./src/hotspot/share/interpreter/linkResolver.cpp, line 773]
Event: 6.105 Thread 0x000001e55f160000 Exception <a 'java/lang/NoSuchMethodError'{0x000000008721a128}: 'java.lang.Object java.lang.invoke.DirectMethodHandle$Holder.invokeSpecial(java.lang.Object, java.lang.Object, java.lang.Object, java.lang.Object, java.lang.Object, java.lang.Object, java.lang.Object, java.lang.Object, java.lang.Object, java.lang.Object, java.lang.Object, java.lang.Object, java.lang.Object)'> (0x000000008721a128) thrown at [./src/hotspot/share/interpreter/linkResolver.cpp, line 773]
Event: 6.106 Thread 0x000001e55f160000 Exception <a 'java/lang/NoSuchMethodError'{0x000000008722af88}: 'java.lang.Object java.lang.invoke.DirectMethodHandle$Holder.invokeSpecial(java.lang.Object, java.lang.Object, java.lang.Object, java.lang.Object, java.lang.Object, java.lang.Object, java.lang.Object, java.lang.Object, java.lang.Object, java.lang.Object, java.lang.Object, java.lang.Object)'> (0x000000008722af88) thrown at [./src/hotspot/share/interpreter/linkResolver.cpp, line 773]
Event: 6.107 Thread 0x000001e55f160000 Exception <a 'java/lang/NoSuchMethodError'{0x00000000872300b0}: 'java.lang.Object java.lang.invoke.Invokers$Holder.linkToTargetMethod(java.lang.Object, java.lang.Object, java.lang.Object, java.lang.Object, java.lang.Object, java.lang.Object, java.lang.Object, java.lang.Object, java.lang.Object, java.lang.Object, java.lang.Object)'> (0x00000000872300b0) thrown at [./src/hotspot/share/interpreter/linkResolver.cpp, line 773]
Event: 6.123 Thread 0x000001e55f160000 Exception <a 'java/lang/NoSuchMethodError'{0x000000008716b268}: 'java.lang.Object java.lang.invoke.DirectMethodHandle$Holder.invokeSpecial(java.lang.Object, java.lang.Object, java.lang.Object, java.lang.Object, java.lang.Object, java.lang.Object, java.lang.Object, java.lang.Object, java.lang.Object, java.lang.Object, java.lang.Object, java.lang.Object, java.lang.Object, java.lang.Object)'> (0x000000008716b268) thrown at [./src/hotspot/share/interpreter/linkResolver.cpp, line 773]
Event: 6.125 Thread 0x000001e55f160000 Exception <a 'java/lang/NoSuchMethodError'{0x000000008717c8e0}: 'java.lang.Object java.lang.invoke.Invokers$Holder.linkToTargetMethod(java.lang.Object, java.lang.Object, java.lang.Object, java.lang.Object, java.lang.Object, java.lang.Object, java.lang.Object, java.lang.Object, java.lang.Object, java.lang.Object, java.lang.Object, java.lang.Object)'> (0x000000008717c8e0) thrown at [./src/hotspot/share/interpreter/linkResolver.cpp, line 773]
Event: 6.144 Thread 0x000001e55f160000 Exception <a 'java/lang/NoSuchMethodError'{0x0000000087060560}: 'java.lang.Object java.lang.invoke.DirectMethodHandle$Holder.invokeStaticInit(java.lang.Object, java.lang.Object, java.lang.Object, java.lang.Object)'> (0x0000000087060560) thrown at [./src/hotspot/share/interpreter/linkResolver.cpp, line 773]
Event: 6.316 Thread 0x000001e55f160000 Implicit null exception at 0x000001e54d086075 to 0x000001e54d08623c
Event: 6.528 Thread 0x000001e55f160000 Exception <a 'java/lang/NoSuchMethodError'{0x0000000085f8f3d0}: 'java.lang.Object java.lang.invoke.Invokers$Holder.linkToTargetMethod(java.lang.Object, java.lang.Object, java.lang.Object, java.lang.Object, java.lang.Object, java.lang.Object, java.lang.Object, java.lang.Object)'> (0x0000000085f8f3d0) thrown at [./src/hotspot/share/interpreter/linkResolver.cpp, line 773]
Event: 6.532 Thread 0x000001e55f160000 Exception <a 'java/lang/NoSuchMethodError'{0x0000000085fd9ed8}: 'java.lang.Object java.lang.invoke.Invokers$Holder.linkToTargetMethod(java.lang.Object, java.lang.Object, java.lang.Object, java.lang.Object, java.lang.Object, java.lang.Object, java.lang.Object)'> (0x0000000085fd9ed8) thrown at [./src/hotspot/share/interpreter/linkResolver.cpp, line 773]
Event: 6.537 Thread 0x000001e55f160000 Exception <a 'java/lang/IncompatibleClassChangeError'{0x0000000085e17958}: Found class java.lang.Object, but interface was expected> (0x0000000085e17958) thrown at [./src/hotspot/share/interpreter/linkResolver.cpp, line 839]

Events (20 events):
Event: 7.690 loading class org/codehaus/groovy/ast/expr/PropertyExpression
Event: 7.690 loading class org/codehaus/groovy/ast/expr/PropertyExpression done
Event: 7.743 loading class org/codehaus/groovy/ast/expr/ListExpression
Event: 7.743 loading class org/codehaus/groovy/ast/expr/ListExpression done
Event: 7.760 loading class org/codehaus/groovy/ast/expr/ConstantExpression
Event: 7.760 loading class org/codehaus/groovy/ast/expr/ConstantExpression done
Event: 7.761 loading class org/codehaus/groovy/ast/stmt/Statement
Event: 7.761 loading class org/codehaus/groovy/ast/stmt/Statement done
Event: 7.761 loading class org/codehaus/groovy/ast/stmt/ReturnStatement
Event: 7.761 loading class org/codehaus/groovy/ast/stmt/ReturnStatement done
Event: 7.762 loading class java/lang/IllegalCallerException
Event: 7.762 loading class java/lang/IllegalCallerException done
Event: 7.765 loading class org/codehaus/groovy/vmplugin/v8/PluginDefaultGroovyMethods
Event: 7.765 loading class org/codehaus/groovy/vmplugin/v8/PluginDefaultGroovyMethods done
Event: 7.766 loading class org/codehaus/groovy/runtime/DefaultGroovyMethodsSupport
Event: 7.766 loading class org/codehaus/groovy/runtime/DefaultGroovyMethodsSupport done
Event: 7.772 loading class jdk/internal/module/SystemModules$all
Event: 7.774 loading class jdk/internal/module/SystemModules$all done
Event: 7.780 loading class java/util/Spliterators$IteratorSpliterator
Event: 7.780 loading class java/util/Spliterators$IteratorSpliterator done


Dynamic libraries:
0x00007ff690510000 - 0x00007ff69051a000 	C:\Program Files\Android\Android Studio\jre\bin\java.exe
0x00007ffafaa20000 - 0x00007ffafac29000 	C:\Windows\SYSTEM32\ntdll.dll
0x00007ffaf8f90000 - 0x00007ffaf904d000 	C:\Windows\System32\KERNEL32.DLL
0x00007ffaf8190000 - 0x00007ffaf8504000 	C:\Windows\System32\KERNELBASE.dll
0x00007ffaf8510000 - 0x00007ffaf8621000 	C:\Windows\System32\ucrtbase.dll
0x00007ffacc280000 - 0x00007ffacc299000 	C:\Program Files\Android\Android Studio\jre\bin\jli.dll
0x00007ffac9d60000 - 0x00007ffac9d77000 	C:\Program Files\Android\Android Studio\jre\bin\VCRUNTIME140.dll
0x00007ffaf9510000 - 0x00007ffaf96bc000 	C:\Windows\System32\USER32.dll
0x00007ffaf8630000 - 0x00007ffaf8656000 	C:\Windows\System32\win32u.dll
0x00007ffacf540000 - 0x00007ffacf7e5000 	C:\Windows\WinSxS\amd64_microsoft.windows.common-controls_6595b64144ccf1df_6.0.22000.120_none_9d947278b86cc467\COMCTL32.dll
0x00007ffaf8de0000 - 0x00007ffaf8e09000 	C:\Windows\System32\GDI32.dll
0x00007ffaf8d30000 - 0x00007ffaf8dd3000 	C:\Windows\System32\msvcrt.dll
0x00007ffaf8070000 - 0x00007ffaf8182000 	C:\Windows\System32\gdi32full.dll
0x00007ffaf7fd0000 - 0x00007ffaf806d000 	C:\Windows\System32\msvcp_win.dll
0x00007ffaf9970000 - 0x00007ffaf99a1000 	C:\Windows\System32\IMM32.DLL
0x00007ffa9aa80000 - 0x00007ffa9ab1d000 	C:\Program Files\Android\Android Studio\jre\bin\msvcp140.dll
0x00007ffaacdc0000 - 0x00007ffaad8a5000 	C:\Program Files\Android\Android Studio\jre\bin\server\jvm.dll
0x00007ffafa930000 - 0x00007ffafa9de000 	C:\Windows\System32\ADVAPI32.dll
0x00007ffaf99e0000 - 0x00007ffaf9a7e000 	C:\Windows\System32\sechost.dll
0x00007ffaf96c0000 - 0x00007ffaf97e0000 	C:\Windows\System32\RPCRT4.dll
0x00007ffaf99d0000 - 0x00007ffaf99d8000 	C:\Windows\System32\PSAPI.DLL
0x00007ffaed3e0000 - 0x00007ffaed413000 	C:\Windows\SYSTEM32\WINMM.dll
0x00007ffaea200000 - 0x00007ffaea20a000 	C:\Windows\SYSTEM32\VERSION.dll
0x00007ffad6ef0000 - 0x00007ffad6ef9000 	C:\Windows\SYSTEM32\WSOCK32.dll
0x00007ffaf94a0000 - 0x00007ffaf950f000 	C:\Windows\System32\WS2_32.dll
0x00007ffaf69f0000 - 0x00007ffaf6a08000 	C:\Windows\SYSTEM32\kernel.appcore.dll
0x00007ffad39a0000 - 0x00007ffad39b1000 	C:\Program Files\Android\Android Studio\jre\bin\verify.dll
0x00007ffaf0df0000 - 0x00007ffaf1011000 	C:\Windows\SYSTEM32\DBGHELP.DLL
0x00007ffae5410000 - 0x00007ffae5441000 	C:\Windows\SYSTEM32\dbgcore.DLL
0x00007ffaf8660000 - 0x00007ffaf86df000 	C:\Windows\System32\bcryptPrimitives.dll
0x00007ffacfc30000 - 0x00007ffacfc59000 	C:\Program Files\Android\Android Studio\jre\bin\java.dll
0x00007ffad4510000 - 0x00007ffad451b000 	C:\Program Files\Android\Android Studio\jre\bin\jimage.dll
0x00007ffad18a0000 - 0x00007ffad18b8000 	C:\Program Files\Android\Android Studio\jre\bin\zip.dll
0x00007ffaf9ef0000 - 0x00007ffafa69e000 	C:\Windows\System32\SHELL32.dll
0x00007ffaf6180000 - 0x00007ffaf69e7000 	C:\Windows\SYSTEM32\windows.storage.dll
0x00007ffaf9b70000 - 0x00007ffaf9ee8000 	C:\Windows\System32\combase.dll
0x00007ffaf6010000 - 0x00007ffaf6176000 	C:\Windows\SYSTEM32\wintypes.dll
0x00007ffafa840000 - 0x00007ffafa92a000 	C:\Windows\System32\SHCORE.dll
0x00007ffaf8e70000 - 0x00007ffaf8ecd000 	C:\Windows\System32\shlwapi.dll
0x00007ffaf7e40000 - 0x00007ffaf7e61000 	C:\Windows\SYSTEM32\profapi.dll
0x00007ffad0910000 - 0x00007ffad092a000 	C:\Program Files\Android\Android Studio\jre\bin\net.dll
0x00007ffaebbf0000 - 0x00007ffaebcfc000 	C:\Windows\SYSTEM32\WINHTTP.dll
0x00007ffaf7530000 - 0x00007ffaf7597000 	C:\Windows\system32\mswsock.dll
0x00007ffacf870000 - 0x00007ffacf884000 	C:\Program Files\Android\Android Studio\jre\bin\nio.dll
0x00007ffac6160000 - 0x00007ffac6187000 	C:\Users\Admin\.gradle\native\e1d6ef7f7dcc3fd88c89a11ec53ec762bb8ba0a96d01ffa2cd45eb1d1d8dd5c5\windows-amd64\native-platform.dll
0x00007ffa741b0000 - 0x00007ffa742f4000 	C:\Users\Admin\.gradle\native\5664cfc778a61ccfe75a443a1ab52a65af34e5dc3c78e0209fed803814484fcb\windows-amd64\native-platform-file-events.dll
0x00007ffaeed90000 - 0x00007ffaeed9a000 	C:\Program Files\Android\Android Studio\jre\bin\management.dll
0x00007ffaeed80000 - 0x00007ffaeed8d000 	C:\Program Files\Android\Android Studio\jre\bin\management_ext.dll
0x00007ffaf7770000 - 0x00007ffaf7788000 	C:\Windows\SYSTEM32\CRYPTSP.dll
0x00007ffaf7090000 - 0x00007ffaf70c5000 	C:\Windows\system32\rsaenh.dll
0x00007ffaf7620000 - 0x00007ffaf7649000 	C:\Windows\SYSTEM32\USERENV.dll
0x00007ffaf78f0000 - 0x00007ffaf7917000 	C:\Windows\SYSTEM32\bcrypt.dll
0x00007ffaf7790000 - 0x00007ffaf779c000 	C:\Windows\SYSTEM32\CRYPTBASE.dll
0x00007ffaf6c60000 - 0x00007ffaf6c8d000 	C:\Windows\SYSTEM32\IPHLPAPI.DLL
0x00007ffaf99b0000 - 0x00007ffaf99b9000 	C:\Windows\System32\NSI.dll
0x00007ffaebbd0000 - 0x00007ffaebbe9000 	C:\Windows\SYSTEM32\dhcpcsvc6.DLL
0x00007ffaebe00000 - 0x00007ffaebe1e000 	C:\Windows\SYSTEM32\dhcpcsvc.DLL
0x00007ffaf6c90000 - 0x00007ffaf6d77000 	C:\Windows\SYSTEM32\DNSAPI.dll

dbghelp: loaded successfully - version: 4.0.5 - missing functions: none
symbol engine: initialized successfully - sym options: 0x614 - pdb path: .;C:\Program Files\Android\Android Studio\jre\bin;C:\Windows\SYSTEM32;C:\Windows\WinSxS\amd64_microsoft.windows.common-controls_6595b64144ccf1df_6.0.22000.120_none_9d947278b86cc467;C:\Program Files\Android\Android Studio\jre\bin\server;C:\Users\Admin\.gradle\native\e1d6ef7f7dcc3fd88c89a11ec53ec762bb8ba0a96d01ffa2cd45eb1d1d8dd5c5\windows-amd64;C:\Users\Admin\.gradle\native\5664cfc778a61ccfe75a443a1ab52a65af34e5dc3c78e0209fed803814484fcb\windows-amd64

VM Arguments:
jvm_args: --add-opens=java.base/java.util=ALL-UNNAMED --add-opens=java.base/java.lang=ALL-UNNAMED --add-opens=java.base/java.lang.invoke=ALL-UNNAMED --add-opens=java.base/java.util=ALL-UNNAMED --add-opens=java.prefs/java.util.prefs=ALL-UNNAMED --add-opens=java.prefs/java.util.prefs=ALL-UNNAMED --add-opens=java.base/java.nio.charset=ALL-UNNAMED --add-opens=java.base/java.net=ALL-UNNAMED --add-opens=java.base/java.util.concurrent.atomic=ALL-UNNAMED -Xmx2048m -Dfile.encoding=UTF-8 -Duser.country=US -Duser.language=en -Duser.variant 
java_command: org.gradle.launcher.daemon.bootstrap.GradleDaemon 7.3.3
java_class_path (initial): C:\Users\Admin\.gradle\wrapper\dists\gradle-7.3.3-bin\6a41zxkdtcxs8rphpq6y0069z\gradle-7.3.3\lib\gradle-launcher-7.3.3.jar
Launcher Type: SUN_STANDARD

[Global flags]
     intx CICompilerCount                          = 3                                         {product} {ergonomic}
     uint ConcGCThreads                            = 1                                         {product} {ergonomic}
     uint G1ConcRefinementThreads                  = 4                                         {product} {ergonomic}
   size_t G1HeapRegionSize                         = 1048576                                   {product} {ergonomic}
    uintx GCDrainStackTargetSize                   = 64                                        {product} {ergonomic}
   size_t InitialHeapSize                          = 134217728                                 {product} {ergonomic}
   size_t MarkStackSize                            = 4194304                                   {product} {ergonomic}
   size_t MaxHeapSize                              = 2147483648                                {product} {command line}
   size_t MaxNewSize                               = 1287651328                                {product} {ergonomic}
   size_t MinHeapDeltaBytes                        = 1048576                                   {product} {ergonomic}
    uintx NonNMethodCodeHeapSize                   = 5830732                                {pd product} {ergonomic}
    uintx NonProfiledCodeHeapSize                  = 122913754                              {pd product} {ergonomic}
    uintx ProfiledCodeHeapSize                     = 122913754                              {pd product} {ergonomic}
    uintx ReservedCodeCacheSize                    = 251658240                              {pd product} {ergonomic}
     bool SegmentedCodeCache                       = true                                      {product} {ergonomic}
     bool UseCompressedClassPointers               = true                                 {lp64_product} {ergonomic}
     bool UseCompressedOops                        = true                                 {lp64_product} {ergonomic}
     bool UseG1GC                                  = true                                      {product} {ergonomic}
     bool UseLargePagesIndividualAllocation        = false                                  {pd product} {ergonomic}

Logging:
Log output configuration:
 #0: stdout all=warning uptime,level,tags
 #1: stderr all=off uptime,level,tags

Environment Variables:
PATH=C:\Program Files\Common Files\Oracle\Java\javapath;C:\Program Files (x86)\Common Files\Oracle\Java\javapath;C:\Windows\system32;C:\Windows;C:\Windows\System32\Wbem;C:\Windows\System32\WindowsPowerShell\v1.0\;C:\Windows\System32\OpenSSH\;C:\Program Files (x86)\Intel\Intel(R) Management Engine Components\DAL;C:\Program Files\Intel\Intel(R) Management Engine Components\DAL;C:\Program Files\Git\cmd;C:\Users\Admin\AppData\Local\Microsoft\WindowsApps;C:\Users\Admin\AppData\Local\Programs\Microsoft VS Code\bin;C:\Users\Admin\AppData\Local\atom\bin;C:\Users\Admin\AppData\Local\GitHubDesktop\bin
USERNAME=Admin
OS=Windows_NT
PROCESSOR_IDENTIFIER=Intel64 Family 6 Model 78 Stepping 3, GenuineIntel



---------------  S Y S T E M  ---------------

OS: Windows 10 , 64 bit Build 22000 (10.0.22000.434)
OS uptime: 0 days 2:47 hours

CPU:total 4 (initial active 4) (2 cores per cpu, 2 threads per core) family 6 model 78 stepping 3 microcode 0xd6, cmov, cx8, fxsr, mmx, sse, sse2, sse3, ssse3, sse4.1, sse4.2, popcnt, avx, avx2, aes, clmul, erms, rtm, 3dnowpref, lzcnt, ht, tsc, tscinvbit, bmi1, bmi2, adx, fma

Memory: 4k page, system-wide physical 8072M (1007M free)
TotalPageFile size 8072M (AvailPageFile size 5M)
current process WorkingSet (physical memory assigned to process): 209M, peak: 210M
current process commit charge ("private bytes"): 295M, peak: 297M

vm_info: OpenJDK 64-Bit Server VM (11.0.12+7-b1504.28-7817840) for windows-amd64 JRE (11.0.12+7-b1504.28-7817840), built on Oct 13 2021 22:12:33 by "builder" with MS VC++ 14.0 (VS2015)

END.
