#
# There is insufficient memory for the Java Runtime Environment to continue.
# Native memory allocation (malloc) failed to allocate 3002576 bytes for Chunk::new
# Possible reasons:
#   The system is out of physical RAM or swap space
#   The process is running with CompressedOops enabled, and the Java Heap may be blocking the growth of the native heap
# Possible solutions:
#   Reduce memory load on the system
#   Increase physical memory or swap space
#   Check if swap backing store is full
#   Decrease Java heap size (-Xmx/-Xms)
#   Decrease number of Java threads
#   Decrease Java thread stack sizes (-Xss)
#   Set larger code cache with -XX:ReservedCodeCacheSize=
#   JVM is running with Unscaled Compressed Oops mode in which the Java heap is
#     placed in the first 4GB address space. The Java Heap base address is the
#     maximum limit for the native heap growth. Please use -XX:HeapBaseMinAddress
#     to set the Java Heap base and to place the Java Heap above 4GB virtual address.
# This output file may be truncated or incomplete.
#
#  Out of Memory Error (./src/hotspot/share/memory/arena.cpp:197), pid=1460, tid=3924
#
# JRE version: OpenJDK Runtime Environment (11.0.12+7) (build 11.0.12+7-b1504.28-7817840)
# Java VM: OpenJDK 64-Bit Server VM (11.0.12+7-b1504.28-7817840, mixed mode, tiered, compressed oops, g1 gc, windows-amd64)
# No core dump will be written. Minidumps are not enabled by default on client versions of Windows
#

---------------  S U M M A R Y ------------

Command Line: --add-opens=java.base/java.util=ALL-UNNAMED --add-opens=java.base/java.lang=ALL-UNNAMED --add-opens=java.base/java.lang.invoke=ALL-UNNAMED --add-opens=java.base/java.util=ALL-UNNAMED --add-opens=java.prefs/java.util.prefs=ALL-UNNAMED --add-opens=java.prefs/java.util.prefs=ALL-UNNAMED --add-opens=java.base/java.nio.charset=ALL-UNNAMED --add-opens=java.base/java.net=ALL-UNNAMED --add-opens=java.base/java.util.concurrent.atomic=ALL-UNNAMED -Xmx2048m -Dfile.encoding=UTF-8 -Duser.country=US -Duser.language=en -Duser.variant org.gradle.launcher.daemon.bootstrap.GradleDaemon 7.3.3

Host: Intel(R) Core(TM) i7-6600U CPU @ 2.60GHz, 4 cores, 7G,  Windows 10 , 64 bit Build 22000 (10.0.22000.434)
Time: Sat Aug 13 00:06:51 2022 Egypt Standard Time elapsed time: 14.428720 seconds (0d 0h 0m 14s)

---------------  T H R E A D  ---------------

Current thread (0x000001b81b8fa800):  JavaThread "C2 CompilerThread1" daemon [_thread_in_native, id=3924, stack(0x000000b402f00000,0x000000b403000000)]


Current CompileTask:
C2:  14428 6332       4       java.lang.Class::annotationData (44 bytes)

Stack: [0x000000b402f00000,0x000000b403000000]
Native frames: (J=compiled Java code, j=interpreted, Vv=VM code, C=native code)
V  [jvm.dll+0x5fbcea]
V  [jvm.dll+0x731905]
V  [jvm.dll+0x732f1d]
V  [jvm.dll+0x7335d3]
V  [jvm.dll+0x247bf8]
V  [jvm.dll+0xc018c]
V  [jvm.dll+0xc06cc]
V  [jvm.dll+0x35b31d]
V  [jvm.dll+0x19d0bc]
V  [jvm.dll+0x20070e]
V  [jvm.dll+0x1ff794]
V  [jvm.dll+0x18868c]
V  [jvm.dll+0x20e0d7]
V  [jvm.dll+0x20c901]
V  [jvm.dll+0x6f9b7f]
V  [jvm.dll+0x6f26a5]
V  [jvm.dll+0x5fabf6]
C  [ucrtbase.dll+0x26c0c]
C  [KERNEL32.DLL+0x154e0]
C  [ntdll.dll+0x485b]


---------------  P R O C E S S  ---------------

Threads class SMR info:
_java_thread_list=0x000001b819a21c40, length=79, elements={
0x000001b87b5ce800, 0x000001b8152c4000, 0x000001b8152c6800, 0x000001b815b52800,
0x000001b8152e3000, 0x000001b8152e6000, 0x000001b8152e6800, 0x000001b81530d000,
0x000001b81530e000, 0x000001b815c83800, 0x000001b818677000, 0x000001b817bc5800,
0x000001b818b62000, 0x000001b818668000, 0x000001b816a9f000, 0x000001b81683a000,
0x000001b816ec1000, 0x000001b818b21800, 0x000001b818dd0800, 0x000001b817d84800,
0x000001b817d82000, 0x000001b817d86000, 0x000001b817d83800, 0x000001b817d85000,
0x000001b817d80800, 0x000001b817d82800, 0x000001b817d81000, 0x000001b817d87000,
0x000001b818262000, 0x000001b81825d000, 0x000001b81825e800, 0x000001b818261000,
0x000001b818263800, 0x000001b818262800, 0x000001b81825e000, 0x000001b818266000,
0x000001b818268800, 0x000001b818264800, 0x000001b818267000, 0x000001b818265000,
0x000001b818269800, 0x000001b81826a000, 0x000001b81826b000, 0x000001b81826b800,
0x000001b818267800, 0x000001b8195c6000, 0x000001b8195c7000, 0x000001b8195c4800,
0x000001b8195c5800, 0x000001b8195c2000, 0x000001b8195c1000, 0x000001b8195c8800,
0x000001b8195c8000, 0x000001b8195c3000, 0x000001b8195c9800, 0x000001b8195c3800,
0x000001b8195d0000, 0x000001b8195cc000, 0x000001b8195cc800, 0x000001b8195ca000,
0x000001b8195cd800, 0x000001b8195cb000, 0x000001b8195ce800, 0x000001b8195cf000,
0x000001b81b8ec000, 0x000001b81b8f2800, 0x000001b81b8f1000, 0x000001b81b8ee800,
0x000001b81b8f1800, 0x000001b81b8ec800, 0x000001b81b8f3000, 0x000001b81b8ed800,
0x000001b81b8f4000, 0x000001b81b8f5000, 0x000001b81b8ef000, 0x000001b81b8f5800,
0x000001b81b8f0000, 0x000001b81b8fa800, 0x000001b81b8f6800
}

Java Threads: ( => current thread )
  0x000001b87b5ce800 JavaThread "main" [_thread_blocked, id=9132, stack(0x000000b400900000,0x000000b400a00000)]
  0x000001b8152c4000 JavaThread "Reference Handler" daemon [_thread_blocked, id=8948, stack(0x000000b401000000,0x000000b401100000)]
  0x000001b8152c6800 JavaThread "Finalizer" daemon [_thread_blocked, id=1536, stack(0x000000b401100000,0x000000b401200000)]
  0x000001b815b52800 JavaThread "Signal Dispatcher" daemon [_thread_blocked, id=2920, stack(0x000000b401200000,0x000000b401300000)]
  0x000001b8152e3000 JavaThread "Attach Listener" daemon [_thread_blocked, id=8280, stack(0x000000b401300000,0x000000b401400000)]
  0x000001b8152e6000 JavaThread "Service Thread" daemon [_thread_blocked, id=6832, stack(0x000000b401400000,0x000000b401500000)]
  0x000001b8152e6800 JavaThread "C2 CompilerThread0" daemon [_thread_in_native, id=10112, stack(0x000000b401500000,0x000000b401600000)]
  0x000001b81530d000 JavaThread "C1 CompilerThread0" daemon [_thread_blocked, id=6800, stack(0x000000b401600000,0x000000b401700000)]
  0x000001b81530e000 JavaThread "Sweeper thread" daemon [_thread_blocked, id=3812, stack(0x000000b401700000,0x000000b401800000)]
  0x000001b815c83800 JavaThread "Common-Cleaner" daemon [_thread_blocked, id=11256, stack(0x000000b401800000,0x000000b401900000)]
  0x000001b818677000 JavaThread "Daemon health stats" [_thread_blocked, id=11064, stack(0x000000b401d00000,0x000000b401e00000)]
  0x000001b817bc5800 JavaThread "Incoming local TCP Connector on port 56630" [_thread_in_native, id=3088, stack(0x000000b401e00000,0x000000b401f00000)]
  0x000001b818b62000 JavaThread "Daemon periodic checks" [_thread_blocked, id=10324, stack(0x000000b401f00000,0x000000b402000000)]
  0x000001b818668000 JavaThread "Daemon" [_thread_blocked, id=4084, stack(0x000000b402000000,0x000000b402100000)]
  0x000001b816a9f000 JavaThread "Handler for socket connection from /127.0.0.1:56630 to /127.0.0.1:56631" [_thread_in_native, id=5192, stack(0x000000b402100000,0x000000b402200000)]
  0x000001b81683a000 JavaThread "Cancel handler" [_thread_blocked, id=8484, stack(0x000000b402200000,0x000000b402300000)]
  0x000001b816ec1000 JavaThread "Daemon worker" [_thread_in_vm, id=10220, stack(0x000000b402300000,0x000000b402400000)]
  0x000001b818b21800 JavaThread "Asynchronous log dispatcher for DefaultDaemonConnection: socket connection from /127.0.0.1:56630 to /127.0.0.1:56631" [_thread_blocked, id=9516, stack(0x000000b402400000,0x000000b402500000)]
  0x000001b818dd0800 JavaThread "Stdin handler" [_thread_blocked, id=10736, stack(0x000000b402500000,0x000000b402600000)]
  0x000001b817d84800 JavaThread "Daemon client event forwarder" [_thread_blocked, id=9404, stack(0x000000b402600000,0x000000b402700000)]
  0x000001b817d82000 JavaThread "Cache worker for journal cache (C:\Users\Admin\.gradle\caches\journal-1)" [_thread_blocked, id=11788, stack(0x000000b402800000,0x000000b402900000)]
  0x000001b817d86000 JavaThread "File lock request listener" [_thread_in_native, id=6784, stack(0x000000b402900000,0x000000b402a00000)]
  0x000001b817d83800 JavaThread "Cache worker for file hash cache (C:\Users\Admin\.gradle\caches\7.3.3\fileHashes)" [_thread_blocked, id=9600, stack(0x000000b402a00000,0x000000b402b00000)]
  0x000001b817d85000 JavaThread "Cache worker for file hash cache (C:\Users\Admin\Desktop\jana\hw1\.gradle\7.3.3\fileHashes)" [_thread_blocked, id=4884, stack(0x000000b402b00000,0x000000b402c00000)]
  0x000001b817d80800 JavaThread "File watcher server" daemon [_thread_in_native, id=4416, stack(0x000000b402c00000,0x000000b402d00000)]
  0x000001b817d82800 JavaThread "File watcher consumer" daemon [_thread_blocked, id=4772, stack(0x000000b402d00000,0x000000b402e00000)]
  0x000001b817d81000 JavaThread "Cache worker for checksums cache (C:\Users\Admin\Desktop\jana\hw1\.gradle\7.3.3\checksums)" [_thread_blocked, id=2072, stack(0x000000b401a00000,0x000000b401b00000)]
  0x000001b817d87000 JavaThread "Cache worker for cache directory md-supplier (C:\Users\Admin\.gradle\caches\7.3.3\md-supplier)" [_thread_blocked, id=2768, stack(0x000000b402e00000,0x000000b402f00000)]
  0x000001b818262000 JavaThread "Cache worker for cache directory md-rule (C:\Users\Admin\.gradle\caches\7.3.3\md-rule)" [_thread_blocked, id=9016, stack(0x000000b403000000,0x000000b403100000)]
  0x000001b81825d000 JavaThread "Cache worker for execution history cache (C:\Users\Admin\.gradle\caches\7.3.3\executionHistory)" [_thread_blocked, id=9200, stack(0x000000b403100000,0x000000b403200000)]
  0x000001b81825e800 JavaThread "jar transforms" [_thread_blocked, id=8312, stack(0x000000b403200000,0x000000b403300000)]
  0x000001b818261000 JavaThread "Cache worker for file content cache (C:\Users\Admin\.gradle\caches\7.3.3\fileContent)" [_thread_blocked, id=5096, stack(0x000000b403300000,0x000000b403400000)]
  0x000001b818263800 JavaThread "jar transforms Thread 2" [_thread_blocked, id=9564, stack(0x000000b403400000,0x000000b403500000)]
  0x000001b818262800 JavaThread "Cache worker for dependencies-accessors (C:\Users\Admin\Desktop\jana\hw1\.gradle\7.3.3\dependencies-accessors)" [_thread_blocked, id=7552, stack(0x000000b403500000,0x000000b403600000)]
  0x000001b81825e000 JavaThread "jar transforms Thread 3" [_thread_blocked, id=8636, stack(0x000000b403600000,0x000000b403700000)]
  0x000001b818266000 JavaThread "Cache worker for Build Output Cleanup Cache (C:\Users\Admin\Desktop\jana\hw1\.gradle\buildOutputCleanup)" [_thread_blocked, id=4972, stack(0x000000b403700000,0x000000b403800000)]
  0x000001b818268800 JavaThread "Unconstrained build operations" [_thread_blocked, id=10164, stack(0x000000b403800000,0x000000b403900000)]
  0x000001b818264800 JavaThread "Unconstrained build operations Thread 2" [_thread_blocked, id=7016, stack(0x000000b403900000,0x000000b403a00000)]
  0x000001b818267000 JavaThread "Unconstrained build operations Thread 3" [_thread_blocked, id=3816, stack(0x000000b403a00000,0x000000b403b00000)]
  0x000001b818265000 JavaThread "Unconstrained build operations Thread 4" [_thread_blocked, id=3848, stack(0x000000b403b00000,0x000000b403c00000)]
  0x000001b818269800 JavaThread "Unconstrained build operations Thread 5" [_thread_blocked, id=8612, stack(0x000000b403c00000,0x000000b403d00000)]
  0x000001b81826a000 JavaThread "Unconstrained build operations Thread 6" [_thread_blocked, id=11208, stack(0x000000b403d00000,0x000000b403e00000)]
  0x000001b81826b000 JavaThread "Unconstrained build operations Thread 7" [_thread_blocked, id=1164, stack(0x000000b403e00000,0x000000b403f00000)]
  0x000001b81826b800 JavaThread "Unconstrained build operations Thread 8" [_thread_blocked, id=10088, stack(0x000000b403f00000,0x000000b404000000)]
  0x000001b818267800 JavaThread "Unconstrained build operations Thread 9" [_thread_blocked, id=5028, stack(0x000000b404000000,0x000000b404100000)]
  0x000001b8195c6000 JavaThread "Unconstrained build operations Thread 10" [_thread_blocked, id=3144, stack(0x000000b404100000,0x000000b404200000)]
  0x000001b8195c7000 JavaThread "Unconstrained build operations Thread 11" [_thread_blocked, id=7184, stack(0x000000b404200000,0x000000b404300000)]
  0x000001b8195c4800 JavaThread "Unconstrained build operations Thread 12" [_thread_blocked, id=2936, stack(0x000000b404300000,0x000000b404400000)]
  0x000001b8195c5800 JavaThread "Unconstrained build operations Thread 13" [_thread_blocked, id=2504, stack(0x000000b404400000,0x000000b404500000)]
  0x000001b8195c2000 JavaThread "Unconstrained build operations Thread 14" [_thread_blocked, id=8024, stack(0x000000b404500000,0x000000b404600000)]
  0x000001b8195c1000 JavaThread "Unconstrained build operations Thread 15" [_thread_blocked, id=7204, stack(0x000000b404600000,0x000000b404700000)]
  0x000001b8195c8800 JavaThread "Unconstrained build operations Thread 16" [_thread_blocked, id=7216, stack(0x000000b404700000,0x000000b404800000)]
  0x000001b8195c8000 JavaThread "Unconstrained build operations Thread 17" [_thread_blocked, id=11868, stack(0x000000b404800000,0x000000b404900000)]
  0x000001b8195c3000 JavaThread "Unconstrained build operations Thread 18" [_thread_blocked, id=5528, stack(0x000000b404900000,0x000000b404a00000)]
  0x000001b8195c9800 JavaThread "Unconstrained build operations Thread 19" [_thread_blocked, id=8172, stack(0x000000b404a00000,0x000000b404b00000)]
  0x000001b8195c3800 JavaThread "Unconstrained build operations Thread 20" [_thread_blocked, id=5884, stack(0x000000b404b00000,0x000000b404c00000)]
  0x000001b8195d0000 JavaThread "Unconstrained build operations Thread 21" [_thread_blocked, id=6292, stack(0x000000b404c00000,0x000000b404d00000)]
  0x000001b8195cc000 JavaThread "Unconstrained build operations Thread 22" [_thread_blocked, id=7992, stack(0x000000b404d00000,0x000000b404e00000)]
  0x000001b8195cc800 JavaThread "Unconstrained build operations Thread 23" [_thread_blocked, id=7436, stack(0x000000b404e00000,0x000000b404f00000)]
  0x000001b8195ca000 JavaThread "Unconstrained build operations Thread 24" [_thread_blocked, id=1844, stack(0x000000b404f00000,0x000000b405000000)]
  0x000001b8195cd800 JavaThread "Unconstrained build operations Thread 25" [_thread_blocked, id=11808, stack(0x000000b405000000,0x000000b405100000)]
  0x000001b8195cb000 JavaThread "Unconstrained build operations Thread 26" [_thread_blocked, id=5880, stack(0x000000b405100000,0x000000b405200000)]
  0x000001b8195ce800 JavaThread "Unconstrained build operations Thread 27" [_thread_blocked, id=11460, stack(0x000000b405200000,0x000000b405300000)]
  0x000001b8195cf000 JavaThread "Unconstrained build operations Thread 28" [_thread_blocked, id=9632, stack(0x000000b405300000,0x000000b405400000)]
  0x000001b81b8ec000 JavaThread "Unconstrained build operations Thread 29" [_thread_blocked, id=7592, stack(0x000000b405400000,0x000000b405500000)]
  0x000001b81b8f2800 JavaThread "Unconstrained build operations Thread 30" [_thread_blocked, id=5688, stack(0x000000b405500000,0x000000b405600000)]
  0x000001b81b8f1000 JavaThread "Unconstrained build operations Thread 31" [_thread_blocked, id=7576, stack(0x000000b405600000,0x000000b405700000)]
  0x000001b81b8ee800 JavaThread "Unconstrained build operations Thread 32" [_thread_blocked, id=7112, stack(0x000000b405700000,0x000000b405800000)]
  0x000001b81b8f1800 JavaThread "Unconstrained build operations Thread 33" [_thread_blocked, id=9096, stack(0x000000b405800000,0x000000b405900000)]
  0x000001b81b8ec800 JavaThread "Unconstrained build operations Thread 34" [_thread_blocked, id=4272, stack(0x000000b405900000,0x000000b405a00000)]
  0x000001b81b8f3000 JavaThread "Unconstrained build operations Thread 35" [_thread_blocked, id=11440, stack(0x000000b405a00000,0x000000b405b00000)]
  0x000001b81b8ed800 JavaThread "Unconstrained build operations Thread 36" [_thread_blocked, id=980, stack(0x000000b405b00000,0x000000b405c00000)]
  0x000001b81b8f4000 JavaThread "Unconstrained build operations Thread 37" [_thread_blocked, id=6808, stack(0x000000b405c00000,0x000000b405d00000)]
  0x000001b81b8f5000 JavaThread "Unconstrained build operations Thread 38" [_thread_blocked, id=6816, stack(0x000000b405d00000,0x000000b405e00000)]
  0x000001b81b8ef000 JavaThread "Unconstrained build operations Thread 39" [_thread_blocked, id=11420, stack(0x000000b405e00000,0x000000b405f00000)]
  0x000001b81b8f5800 JavaThread "Unconstrained build operations Thread 40" [_thread_blocked, id=5896, stack(0x000000b405f00000,0x000000b406000000)]
  0x000001b81b8f0000 JavaThread "jar transforms Thread 4" [_thread_blocked, id=3148, stack(0x000000b406000000,0x000000b406100000)]
=>0x000001b81b8fa800 JavaThread "C2 CompilerThread1" daemon [_thread_in_native, id=3924, stack(0x000000b402f00000,0x000000b403000000)]
  0x000001b81b8f6800 JavaThread "Memory manager" [_thread_blocked, id=1212, stack(0x000000b406100000,0x000000b406200000)]

Other Threads:
  0x000001b8152be000 VMThread "VM Thread" [stack: 0x000000b400f00000,0x000000b401000000] [id=5920]
  0x000001b815cad800 WatcherThread [stack: 0x000000b401900000,0x000000b401a00000] [id=6848]
  0x000001b87b5e7000 GCTaskThread "GC Thread#0" [stack: 0x000000b400a00000,0x000000b400b00000] [id=8132]
  0x000001b8163f5800 GCTaskThread "GC Thread#1" [stack: 0x000000b401b00000,0x000000b401c00000] [id=4856]
  0x000001b8163f6800 GCTaskThread "GC Thread#2" [stack: 0x000000b401c00000,0x000000b401d00000] [id=11600]
  0x000001b817d7f000 GCTaskThread "GC Thread#3" [stack: 0x000000b402700000,0x000000b402800000] [id=10156]
  0x000001b87b619800 ConcurrentGCThread "G1 Main Marker" [stack: 0x000000b400b00000,0x000000b400c00000] [id=2044]
  0x000001b87b61a800 ConcurrentGCThread "G1 Conc#0" [stack: 0x000000b400c00000,0x000000b400d00000] [id=5340]
  0x000001b87b6ab800 ConcurrentGCThread "G1 Refine#0" [stack: 0x000000b400d00000,0x000000b400e00000] [id=3436]
  0x000001b87b6ac800 ConcurrentGCThread "G1 Young RemSet Sampling" [stack: 0x000000b400e00000,0x000000b400f00000] [id=11488]

Threads with active compile tasks:
C2 CompilerThread0  14456 6503       4       java.util.TreeMap::put (247 bytes)
C2 CompilerThread1  14456 6332       4       java.lang.Class::annotationData (44 bytes)

VM state:not at safepoint (normal execution)

VM Mutex/Monitor currently owned by a thread: None

Heap address: 0x0000000080000000, size: 2048 MB, Compressed Oops mode: 32-bit
Narrow klass base: 0x0000000000000000, Narrow klass shift: 3
Compressed class space size: 1073741824 Address: 0x0000000100000000

Heap:
 garbage-first heap   total 189440K, used 53708K [0x0000000080000000, 0x0000000100000000)
  region size 1024K, 10 young (10240K), 7 survivors (7168K)
 Metaspace       used 66325K, capacity 67874K, committed 68172K, reserved 1107968K
  class space    used 8387K, capacity 8962K, committed 9088K, reserved 1048576K
Heap Regions: E=young(eden), S=young(survivor), O=old, HS=humongous(starts), HC=humongous(continues), CS=collection set, F=free, A=archive, TAMS=top-at-mark-start (previous, next)
|   0|0x0000000080000000, 0x0000000080100000, 0x0000000080100000|100%| O|  |TAMS 0x0000000080100000, 0x0000000080000000| Untracked 
|   1|0x0000000080100000, 0x0000000080200000, 0x0000000080200000|100%| O|  |TAMS 0x0000000080200000, 0x0000000080100000| Untracked 
|   2|0x0000000080200000, 0x0000000080300000, 0x0000000080300000|100%| O|  |TAMS 0x0000000080300000, 0x0000000080200000| Untracked 
|   3|0x0000000080300000, 0x0000000080400000, 0x0000000080400000|100%|HS|  |TAMS 0x0000000080400000, 0x0000000080300000| Complete 
|   4|0x0000000080400000, 0x0000000080500000, 0x0000000080500000|100%|HC|  |TAMS 0x0000000080500000, 0x0000000080400000| Complete 
|   5|0x0000000080500000, 0x0000000080600000, 0x0000000080600000|100%|HC|  |TAMS 0x0000000080600000, 0x0000000080500000| Complete 
|   6|0x0000000080600000, 0x0000000080700000, 0x0000000080700000|100%| O|  |TAMS 0x0000000080700000, 0x0000000080600000| Untracked 
|   7|0x0000000080700000, 0x0000000080800000, 0x0000000080800000|100%| O|  |TAMS 0x0000000080800000, 0x0000000080700000| Untracked 
|   8|0x0000000080800000, 0x0000000080900000, 0x0000000080900000|100%| O|  |TAMS 0x0000000080900000, 0x0000000080800000| Untracked 
|   9|0x0000000080900000, 0x0000000080a00000, 0x0000000080a00000|100%| O|  |TAMS 0x0000000080a00000, 0x0000000080900000| Untracked 
|  10|0x0000000080a00000, 0x0000000080b00000, 0x0000000080b00000|100%| O|  |TAMS 0x0000000080b00000, 0x0000000080a00000| Untracked 
|  11|0x0000000080b00000, 0x0000000080c00000, 0x0000000080c00000|100%| O|  |TAMS 0x0000000080c00000, 0x0000000080b00000| Untracked 
|  12|0x0000000080c00000, 0x0000000080d00000, 0x0000000080d00000|100%| O|  |TAMS 0x0000000080d00000, 0x0000000080c00000| Untracked 
|  13|0x0000000080d00000, 0x0000000080e00000, 0x0000000080e00000|100%| O|  |TAMS 0x0000000080e00000, 0x0000000080d00000| Untracked 
|  14|0x0000000080e00000, 0x0000000080f00000, 0x0000000080f00000|100%| O|  |TAMS 0x0000000080f00000, 0x0000000080e00000| Untracked 
|  15|0x0000000080f00000, 0x0000000081000000, 0x0000000081000000|100%| O|  |TAMS 0x0000000081000000, 0x0000000080f00000| Untracked 
|  16|0x0000000081000000, 0x0000000081100000, 0x0000000081100000|100%|HS|  |TAMS 0x0000000081100000, 0x0000000081000000| Complete 
|  17|0x0000000081100000, 0x0000000081200000, 0x0000000081200000|100%| O|  |TAMS 0x0000000081200000, 0x0000000081100000| Untracked 
|  18|0x0000000081200000, 0x0000000081300000, 0x0000000081300000|100%| O|  |TAMS 0x0000000081300000, 0x0000000081200000| Untracked 
|  19|0x0000000081300000, 0x0000000081400000, 0x0000000081400000|100%| O|  |TAMS 0x0000000081400000, 0x0000000081300000| Untracked 
|  20|0x0000000081400000, 0x0000000081500000, 0x0000000081500000|100%| O|  |TAMS 0x0000000081500000, 0x0000000081400000| Untracked 
|  21|0x0000000081500000, 0x0000000081600000, 0x0000000081600000|100%| O|  |TAMS 0x0000000081600000, 0x0000000081500000| Untracked 
|  22|0x0000000081600000, 0x0000000081700000, 0x0000000081700000|100%| O|  |TAMS 0x0000000081700000, 0x0000000081600000| Untracked 
|  23|0x0000000081700000, 0x0000000081800000, 0x0000000081800000|100%|HS|  |TAMS 0x0000000081800000, 0x0000000081700000| Complete 
|  24|0x0000000081800000, 0x0000000081900000, 0x0000000081900000|100%|HS|  |TAMS 0x0000000081900000, 0x0000000081800000| Complete 
|  25|0x0000000081900000, 0x0000000081a00000, 0x0000000081a00000|100%|HC|  |TAMS 0x0000000081a00000, 0x0000000081900000| Complete 
|  26|0x0000000081a00000, 0x0000000081b00000, 0x0000000081b00000|100%| O|  |TAMS 0x0000000081b00000, 0x0000000081a00000| Untracked 
|  27|0x0000000081b00000, 0x0000000081c00000, 0x0000000081c00000|100%| O|  |TAMS 0x0000000081c00000, 0x0000000081b00000| Untracked 
|  28|0x0000000081c00000, 0x0000000081d00000, 0x0000000081d00000|100%| O|  |TAMS 0x0000000081d00000, 0x0000000081c00000| Untracked 
|  29|0x0000000081d00000, 0x0000000081e00000, 0x0000000081e00000|100%| O|  |TAMS 0x0000000081e00000, 0x0000000081d00000| Untracked 
|  30|0x0000000081e00000, 0x0000000081f00000, 0x0000000081f00000|100%| O|  |TAMS 0x0000000081f00000, 0x0000000081e00000| Untracked 
|  31|0x0000000081f00000, 0x0000000082000000, 0x0000000082000000|100%| O|  |TAMS 0x0000000082000000, 0x0000000081f00000| Untracked 
|  32|0x0000000082000000, 0x0000000082100000, 0x0000000082100000|100%| O|  |TAMS 0x0000000082100000, 0x0000000082000000| Untracked 
|  33|0x0000000082100000, 0x0000000082200000, 0x0000000082200000|100%| O|  |TAMS 0x0000000082200000, 0x0000000082100000| Untracked 
|  34|0x0000000082200000, 0x0000000082300000, 0x0000000082300000|100%| O|  |TAMS 0x0000000082300000, 0x0000000082200000| Untracked 
|  35|0x0000000082300000, 0x0000000082400000, 0x0000000082400000|100%| O|  |TAMS 0x0000000082400000, 0x0000000082300000| Untracked 
|  36|0x0000000082400000, 0x0000000082500000, 0x0000000082500000|100%| O|  |TAMS 0x0000000082500000, 0x0000000082400000| Untracked 
|  37|0x0000000082500000, 0x0000000082600000, 0x0000000082600000|100%| O|  |TAMS 0x0000000082600000, 0x0000000082500000| Untracked 
|  38|0x0000000082600000, 0x0000000082700000, 0x0000000082700000|100%| O|  |TAMS 0x0000000082700000, 0x0000000082600000| Untracked 
|  39|0x0000000082700000, 0x0000000082800000, 0x0000000082800000|100%| O|  |TAMS 0x0000000082800000, 0x0000000082700000| Untracked 
|  40|0x0000000082800000, 0x0000000082900000, 0x0000000082900000|100%| O|  |TAMS 0x0000000082900000, 0x0000000082800000| Untracked 
|  41|0x0000000082900000, 0x0000000082a00000, 0x0000000082a00000|100%| O|  |TAMS 0x0000000082a00000, 0x0000000082900000| Untracked 
|  42|0x0000000082a00000, 0x0000000082b00000, 0x0000000082b00000|100%| O|  |TAMS 0x0000000082b00000, 0x0000000082a00000| Untracked 
|  43|0x0000000082b00000, 0x0000000082b84200, 0x0000000082c00000| 51%| O|  |TAMS 0x0000000082b84200, 0x0000000082b00000| Untracked 
|  44|0x0000000082c00000, 0x0000000082c00000, 0x0000000082d00000|  0%| F|  |TAMS 0x0000000082c00000, 0x0000000082c00000| Untracked 
|  45|0x0000000082d00000, 0x0000000082d00000, 0x0000000082e00000|  0%| F|  |TAMS 0x0000000082d00000, 0x0000000082d00000| Untracked 
|  46|0x0000000082e00000, 0x0000000082e00000, 0x0000000082f00000|  0%| F|  |TAMS 0x0000000082e00000, 0x0000000082e00000| Untracked 
|  47|0x0000000082f00000, 0x0000000082f00000, 0x0000000083000000|  0%| F|  |TAMS 0x0000000082f00000, 0x0000000082f00000| Untracked 
|  48|0x0000000083000000, 0x0000000083000000, 0x0000000083100000|  0%| F|  |TAMS 0x0000000083000000, 0x0000000083000000| Untracked 
|  49|0x0000000083100000, 0x0000000083100000, 0x0000000083200000|  0%| F|  |TAMS 0x0000000083100000, 0x0000000083100000| Untracked 
|  50|0x0000000083200000, 0x0000000083200000, 0x0000000083300000|  0%| F|  |TAMS 0x0000000083200000, 0x0000000083200000| Untracked 
|  51|0x0000000083300000, 0x0000000083300000, 0x0000000083400000|  0%| F|  |TAMS 0x0000000083300000, 0x0000000083300000| Untracked 
|  52|0x0000000083400000, 0x0000000083400000, 0x0000000083500000|  0%| F|  |TAMS 0x0000000083400000, 0x0000000083400000| Untracked 
|  53|0x0000000083500000, 0x0000000083500000, 0x0000000083600000|  0%| F|  |TAMS 0x0000000083500000, 0x0000000083500000| Untracked 
|  54|0x0000000083600000, 0x0000000083600000, 0x0000000083700000|  0%| F|  |TAMS 0x0000000083600000, 0x0000000083600000| Untracked 
|  55|0x0000000083700000, 0x0000000083700000, 0x0000000083800000|  0%| F|  |TAMS 0x0000000083700000, 0x0000000083700000| Untracked 
|  56|0x0000000083800000, 0x0000000083800000, 0x0000000083900000|  0%| F|  |TAMS 0x0000000083800000, 0x0000000083800000| Untracked 
|  57|0x0000000083900000, 0x0000000083900000, 0x0000000083a00000|  0%| F|  |TAMS 0x0000000083900000, 0x0000000083900000| Untracked 
|  58|0x0000000083a00000, 0x0000000083a00000, 0x0000000083b00000|  0%| F|  |TAMS 0x0000000083a00000, 0x0000000083a00000| Untracked 
|  59|0x0000000083b00000, 0x0000000083b00000, 0x0000000083c00000|  0%| F|  |TAMS 0x0000000083b00000, 0x0000000083b00000| Untracked 
|  60|0x0000000083c00000, 0x0000000083c00000, 0x0000000083d00000|  0%| F|  |TAMS 0x0000000083c00000, 0x0000000083c00000| Untracked 
|  61|0x0000000083d00000, 0x0000000083d00000, 0x0000000083e00000|  0%| F|  |TAMS 0x0000000083d00000, 0x0000000083d00000| Untracked 
|  62|0x0000000083e00000, 0x0000000083e00000, 0x0000000083f00000|  0%| F|  |TAMS 0x0000000083e00000, 0x0000000083e00000| Untracked 
|  63|0x0000000083f00000, 0x0000000083f00000, 0x0000000084000000|  0%| F|  |TAMS 0x0000000083f00000, 0x0000000083f00000| Untracked 
|  64|0x0000000084000000, 0x0000000084000000, 0x0000000084100000|  0%| F|  |TAMS 0x0000000084000000, 0x0000000084000000| Untracked 
|  65|0x0000000084100000, 0x0000000084100000, 0x0000000084200000|  0%| F|  |TAMS 0x0000000084100000, 0x0000000084100000| Untracked 
|  66|0x0000000084200000, 0x0000000084200000, 0x0000000084300000|  0%| F|  |TAMS 0x0000000084200000, 0x0000000084200000| Untracked 
|  67|0x0000000084300000, 0x0000000084300000, 0x0000000084400000|  0%| F|  |TAMS 0x0000000084300000, 0x0000000084300000| Untracked 
|  68|0x0000000084400000, 0x0000000084400000, 0x0000000084500000|  0%| F|  |TAMS 0x0000000084400000, 0x0000000084400000| Untracked 
|  69|0x0000000084500000, 0x0000000084500000, 0x0000000084600000|  0%| F|  |TAMS 0x0000000084500000, 0x0000000084500000| Untracked 
|  70|0x0000000084600000, 0x0000000084600000, 0x0000000084700000|  0%| F|  |TAMS 0x0000000084600000, 0x0000000084600000| Untracked 
|  71|0x0000000084700000, 0x0000000084700000, 0x0000000084800000|  0%| F|  |TAMS 0x0000000084700000, 0x0000000084700000| Untracked 
|  72|0x0000000084800000, 0x0000000084800000, 0x0000000084900000|  0%| F|  |TAMS 0x0000000084800000, 0x0000000084800000| Untracked 
|  73|0x0000000084900000, 0x0000000084900000, 0x0000000084a00000|  0%| F|  |TAMS 0x0000000084900000, 0x0000000084900000| Untracked 
|  74|0x0000000084a00000, 0x0000000084a00000, 0x0000000084b00000|  0%| F|  |TAMS 0x0000000084a00000, 0x0000000084a00000| Untracked 
|  75|0x0000000084b00000, 0x0000000084b00000, 0x0000000084c00000|  0%| F|  |TAMS 0x0000000084b00000, 0x0000000084b00000| Untracked 
|  76|0x0000000084c00000, 0x0000000084c00000, 0x0000000084d00000|  0%| F|  |TAMS 0x0000000084c00000, 0x0000000084c00000| Untracked 
|  77|0x0000000084d00000, 0x0000000084d00000, 0x0000000084e00000|  0%| F|  |TAMS 0x0000000084d00000, 0x0000000084d00000| Untracked 
|  78|0x0000000084e00000, 0x0000000084e00000, 0x0000000084f00000|  0%| F|  |TAMS 0x0000000084e00000, 0x0000000084e00000| Untracked 
|  79|0x0000000084f00000, 0x0000000084f00000, 0x0000000085000000|  0%| F|  |TAMS 0x0000000084f00000, 0x0000000084f00000| Untracked 
|  80|0x0000000085000000, 0x0000000085000000, 0x0000000085100000|  0%| F|  |TAMS 0x0000000085000000, 0x0000000085000000| Untracked 
|  81|0x0000000085100000, 0x0000000085100000, 0x0000000085200000|  0%| F|  |TAMS 0x0000000085100000, 0x0000000085100000| Untracked 
|  82|0x0000000085200000, 0x0000000085200000, 0x0000000085300000|  0%| F|  |TAMS 0x0000000085200000, 0x0000000085200000| Untracked 
|  83|0x0000000085300000, 0x0000000085300000, 0x0000000085400000|  0%| F|  |TAMS 0x0000000085300000, 0x0000000085300000| Untracked 
|  84|0x0000000085400000, 0x0000000085400000, 0x0000000085500000|  0%| F|  |TAMS 0x0000000085400000, 0x0000000085400000| Untracked 
|  85|0x0000000085500000, 0x0000000085500000, 0x0000000085600000|  0%| F|  |TAMS 0x0000000085500000, 0x0000000085500000| Untracked 
|  86|0x0000000085600000, 0x0000000085600000, 0x0000000085700000|  0%| F|  |TAMS 0x0000000085600000, 0x0000000085600000| Untracked 
|  87|0x0000000085700000, 0x0000000085700000, 0x0000000085800000|  0%| F|  |TAMS 0x0000000085700000, 0x0000000085700000| Untracked 
|  88|0x0000000085800000, 0x0000000085800000, 0x0000000085900000|  0%| F|  |TAMS 0x0000000085800000, 0x0000000085800000| Untracked 
|  89|0x0000000085900000, 0x0000000085900000, 0x0000000085a00000|  0%| F|  |TAMS 0x0000000085900000, 0x0000000085900000| Untracked 
|  90|0x0000000085a00000, 0x0000000085a00000, 0x0000000085b00000|  0%| F|  |TAMS 0x0000000085a00000, 0x0000000085a00000| Untracked 
|  91|0x0000000085b00000, 0x0000000085b00000, 0x0000000085c00000|  0%| F|  |TAMS 0x0000000085b00000, 0x0000000085b00000| Untracked 
|  92|0x0000000085c00000, 0x0000000085c00000, 0x0000000085d00000|  0%| F|  |TAMS 0x0000000085c00000, 0x0000000085c00000| Untracked 
|  93|0x0000000085d00000, 0x0000000085d00000, 0x0000000085e00000|  0%| F|  |TAMS 0x0000000085d00000, 0x0000000085d00000| Untracked 
|  94|0x0000000085e00000, 0x0000000085e00000, 0x0000000085f00000|  0%| F|  |TAMS 0x0000000085e00000, 0x0000000085e00000| Untracked 
|  95|0x0000000085f00000, 0x0000000085f00000, 0x0000000086000000|  0%| F|  |TAMS 0x0000000085f00000, 0x0000000085f00000| Untracked 
|  96|0x0000000086000000, 0x0000000086000000, 0x0000000086100000|  0%| F|  |TAMS 0x0000000086000000, 0x0000000086000000| Untracked 
|  97|0x0000000086100000, 0x0000000086100000, 0x0000000086200000|  0%| F|  |TAMS 0x0000000086100000, 0x0000000086100000| Untracked 
|  98|0x0000000086200000, 0x0000000086200000, 0x0000000086300000|  0%| F|  |TAMS 0x0000000086200000, 0x0000000086200000| Untracked 
|  99|0x0000000086300000, 0x0000000086300000, 0x0000000086400000|  0%| F|  |TAMS 0x0000000086300000, 0x0000000086300000| Untracked 
| 100|0x0000000086400000, 0x0000000086400000, 0x0000000086500000|  0%| F|  |TAMS 0x0000000086400000, 0x0000000086400000| Untracked 
| 101|0x0000000086500000, 0x0000000086500000, 0x0000000086600000|  0%| F|  |TAMS 0x0000000086500000, 0x0000000086500000| Untracked 
| 102|0x0000000086600000, 0x0000000086600000, 0x0000000086700000|  0%| F|  |TAMS 0x0000000086600000, 0x0000000086600000| Untracked 
| 103|0x0000000086700000, 0x0000000086700000, 0x0000000086800000|  0%| F|  |TAMS 0x0000000086700000, 0x0000000086700000| Untracked 
| 104|0x0000000086800000, 0x00000000868ef1f0, 0x0000000086900000| 93%| S|CS|TAMS 0x0000000086800000, 0x0000000086800000| Complete 
| 105|0x0000000086900000, 0x0000000086a00000, 0x0000000086a00000|100%| S|CS|TAMS 0x0000000086900000, 0x0000000086900000| Complete 
| 106|0x0000000086a00000, 0x0000000086b00000, 0x0000000086b00000|100%| S|CS|TAMS 0x0000000086a00000, 0x0000000086a00000| Complete 
| 107|0x0000000086b00000, 0x0000000086c00000, 0x0000000086c00000|100%| S|CS|TAMS 0x0000000086b00000, 0x0000000086b00000| Complete 
| 108|0x0000000086c00000, 0x0000000086d00000, 0x0000000086d00000|100%| S|CS|TAMS 0x0000000086c00000, 0x0000000086c00000| Complete 
| 109|0x0000000086d00000, 0x0000000086e00000, 0x0000000086e00000|100%| S|CS|TAMS 0x0000000086d00000, 0x0000000086d00000| Complete 
| 110|0x0000000086e00000, 0x0000000086f00000, 0x0000000086f00000|100%| S|CS|TAMS 0x0000000086e00000, 0x0000000086e00000| Complete 
| 111|0x0000000086f00000, 0x0000000086f00000, 0x0000000087000000|  0%| F|  |TAMS 0x0000000086f00000, 0x0000000086f00000| Untracked 
| 112|0x0000000087000000, 0x0000000087000000, 0x0000000087100000|  0%| F|  |TAMS 0x0000000087000000, 0x0000000087000000| Untracked 
| 113|0x0000000087100000, 0x0000000087100000, 0x0000000087200000|  0%| F|  |TAMS 0x0000000087100000, 0x0000000087100000| Untracked 
| 114|0x0000000087200000, 0x0000000087200000, 0x0000000087300000|  0%| F|  |TAMS 0x0000000087200000, 0x0000000087200000| Untracked 
| 115|0x0000000087300000, 0x0000000087300000, 0x0000000087400000|  0%| F|  |TAMS 0x0000000087300000, 0x0000000087300000| Untracked 
| 116|0x0000000087400000, 0x0000000087400000, 0x0000000087500000|  0%| F|  |TAMS 0x0000000087400000, 0x0000000087400000| Untracked 
| 117|0x0000000087500000, 0x0000000087500000, 0x0000000087600000|  0%| F|  |TAMS 0x0000000087500000, 0x0000000087500000| Untracked 
| 118|0x0000000087600000, 0x0000000087600000, 0x0000000087700000|  0%| F|  |TAMS 0x0000000087600000, 0x0000000087600000| Untracked 
| 119|0x0000000087700000, 0x0000000087700000, 0x0000000087800000|  0%| F|  |TAMS 0x0000000087700000, 0x0000000087700000| Untracked 
| 120|0x0000000087800000, 0x0000000087800000, 0x0000000087900000|  0%| F|  |TAMS 0x0000000087800000, 0x0000000087800000| Untracked 
| 121|0x0000000087900000, 0x0000000087900000, 0x0000000087a00000|  0%| F|  |TAMS 0x0000000087900000, 0x0000000087900000| Untracked 
| 122|0x0000000087a00000, 0x0000000087a00000, 0x0000000087b00000|  0%| F|  |TAMS 0x0000000087a00000, 0x0000000087a00000| Untracked 
| 123|0x0000000087b00000, 0x0000000087b00000, 0x0000000087c00000|  0%| F|  |TAMS 0x0000000087b00000, 0x0000000087b00000| Untracked 
| 124|0x0000000087c00000, 0x0000000087c00000, 0x0000000087d00000|  0%| F|  |TAMS 0x0000000087c00000, 0x0000000087c00000| Untracked 
| 125|0x0000000087d00000, 0x0000000087d00000, 0x0000000087e00000|  0%| F|  |TAMS 0x0000000087d00000, 0x0000000087d00000| Untracked 
| 126|0x0000000087e00000, 0x0000000087e00000, 0x0000000087f00000|  0%| F|  |TAMS 0x0000000087e00000, 0x0000000087e00000| Untracked 
| 127|0x0000000087f00000, 0x0000000087f00000, 0x0000000088000000|  0%| F|  |TAMS 0x0000000087f00000, 0x0000000087f00000| Untracked 
| 128|0x0000000088000000, 0x0000000088000000, 0x0000000088100000|  0%| F|  |TAMS 0x0000000088000000, 0x0000000088000000| Untracked 
| 129|0x0000000088100000, 0x0000000088100000, 0x0000000088200000|  0%| F|  |TAMS 0x0000000088100000, 0x0000000088100000| Untracked 
| 130|0x0000000088200000, 0x0000000088200000, 0x0000000088300000|  0%| F|  |TAMS 0x0000000088200000, 0x0000000088200000| Untracked 
| 131|0x0000000088300000, 0x0000000088300000, 0x0000000088400000|  0%| F|  |TAMS 0x0000000088300000, 0x0000000088300000| Untracked 
| 132|0x0000000088400000, 0x0000000088400000, 0x0000000088500000|  0%| F|  |TAMS 0x0000000088400000, 0x0000000088400000| Untracked 
| 133|0x0000000088500000, 0x0000000088500000, 0x0000000088600000|  0%| F|  |TAMS 0x0000000088500000, 0x0000000088500000| Untracked 
| 134|0x0000000088600000, 0x0000000088600000, 0x0000000088700000|  0%| F|  |TAMS 0x0000000088600000, 0x0000000088600000| Untracked 
| 135|0x0000000088700000, 0x0000000088700000, 0x0000000088800000|  0%| F|  |TAMS 0x0000000088700000, 0x0000000088700000| Untracked 
| 136|0x0000000088800000, 0x0000000088800000, 0x0000000088900000|  0%| F|  |TAMS 0x0000000088800000, 0x0000000088800000| Untracked 
| 137|0x0000000088900000, 0x0000000088900000, 0x0000000088a00000|  0%| F|  |TAMS 0x0000000088900000, 0x0000000088900000| Untracked 
| 138|0x0000000088a00000, 0x0000000088a00000, 0x0000000088b00000|  0%| F|  |TAMS 0x0000000088a00000, 0x0000000088a00000| Untracked 
| 139|0x0000000088b00000, 0x0000000088b00000, 0x0000000088c00000|  0%| F|  |TAMS 0x0000000088b00000, 0x0000000088b00000| Untracked 
| 140|0x0000000088c00000, 0x0000000088c00000, 0x0000000088d00000|  0%| F|  |TAMS 0x0000000088c00000, 0x0000000088c00000| Untracked 
| 141|0x0000000088d00000, 0x0000000088d00000, 0x0000000088e00000|  0%| F|  |TAMS 0x0000000088d00000, 0x0000000088d00000| Untracked 
| 142|0x0000000088e00000, 0x0000000088e00000, 0x0000000088f00000|  0%| F|  |TAMS 0x0000000088e00000, 0x0000000088e00000| Untracked 
| 143|0x0000000088f00000, 0x0000000088f00000, 0x0000000089000000|  0%| F|  |TAMS 0x0000000088f00000, 0x0000000088f00000| Untracked 
| 144|0x0000000089000000, 0x0000000089000000, 0x0000000089100000|  0%| F|  |TAMS 0x0000000089000000, 0x0000000089000000| Untracked 
| 145|0x0000000089100000, 0x0000000089100000, 0x0000000089200000|  0%| F|  |TAMS 0x0000000089100000, 0x0000000089100000| Untracked 
| 146|0x0000000089200000, 0x0000000089200000, 0x0000000089300000|  0%| F|  |TAMS 0x0000000089200000, 0x0000000089200000| Untracked 
| 147|0x0000000089300000, 0x0000000089300000, 0x0000000089400000|  0%| F|  |TAMS 0x0000000089300000, 0x0000000089300000| Untracked 
| 148|0x0000000089400000, 0x0000000089400000, 0x0000000089500000|  0%| F|  |TAMS 0x0000000089400000, 0x0000000089400000| Untracked 
| 149|0x0000000089500000, 0x0000000089500000, 0x0000000089600000|  0%| F|  |TAMS 0x0000000089500000, 0x0000000089500000| Untracked 
| 150|0x0000000089600000, 0x0000000089600000, 0x0000000089700000|  0%| F|  |TAMS 0x0000000089600000, 0x0000000089600000| Untracked 
| 151|0x0000000089700000, 0x0000000089700000, 0x0000000089800000|  0%| F|  |TAMS 0x0000000089700000, 0x0000000089700000| Untracked 
| 152|0x0000000089800000, 0x0000000089800000, 0x0000000089900000|  0%| F|  |TAMS 0x0000000089800000, 0x0000000089800000| Untracked 
| 153|0x0000000089900000, 0x0000000089900000, 0x0000000089a00000|  0%| F|  |TAMS 0x0000000089900000, 0x0000000089900000| Untracked 
| 154|0x0000000089a00000, 0x0000000089a00000, 0x0000000089b00000|  0%| F|  |TAMS 0x0000000089a00000, 0x0000000089a00000| Untracked 
| 155|0x0000000089b00000, 0x0000000089b00000, 0x0000000089c00000|  0%| F|  |TAMS 0x0000000089b00000, 0x0000000089b00000| Untracked 
| 156|0x0000000089c00000, 0x0000000089c00000, 0x0000000089d00000|  0%| F|  |TAMS 0x0000000089c00000, 0x0000000089c00000| Untracked 
| 157|0x0000000089d00000, 0x0000000089d00000, 0x0000000089e00000|  0%| F|  |TAMS 0x0000000089d00000, 0x0000000089d00000| Untracked 
| 158|0x0000000089e00000, 0x0000000089e00000, 0x0000000089f00000|  0%| F|  |TAMS 0x0000000089e00000, 0x0000000089e00000| Untracked 
| 159|0x0000000089f00000, 0x0000000089f00000, 0x000000008a000000|  0%| F|  |TAMS 0x0000000089f00000, 0x0000000089f00000| Untracked 
| 160|0x000000008a000000, 0x000000008a000000, 0x000000008a100000|  0%| F|  |TAMS 0x000000008a000000, 0x000000008a000000| Untracked 
| 161|0x000000008a100000, 0x000000008a100000, 0x000000008a200000|  0%| F|  |TAMS 0x000000008a100000, 0x000000008a100000| Untracked 
| 162|0x000000008a200000, 0x000000008a200000, 0x000000008a300000|  0%| F|  |TAMS 0x000000008a200000, 0x000000008a200000| Untracked 
| 163|0x000000008a300000, 0x000000008a300000, 0x000000008a400000|  0%| F|  |TAMS 0x000000008a300000, 0x000000008a300000| Untracked 
| 164|0x000000008a400000, 0x000000008a400000, 0x000000008a500000|  0%| F|  |TAMS 0x000000008a400000, 0x000000008a400000| Untracked 
| 165|0x000000008a500000, 0x000000008a500000, 0x000000008a600000|  0%| F|  |TAMS 0x000000008a500000, 0x000000008a500000| Untracked 
| 166|0x000000008a600000, 0x000000008a600000, 0x000000008a700000|  0%| F|  |TAMS 0x000000008a600000, 0x000000008a600000| Untracked 
| 167|0x000000008a700000, 0x000000008a700000, 0x000000008a800000|  0%| F|  |TAMS 0x000000008a700000, 0x000000008a700000| Untracked 
| 168|0x000000008a800000, 0x000000008a800000, 0x000000008a900000|  0%| F|  |TAMS 0x000000008a800000, 0x000000008a800000| Untracked 
| 169|0x000000008a900000, 0x000000008a900000, 0x000000008aa00000|  0%| F|  |TAMS 0x000000008a900000, 0x000000008a900000| Untracked 
| 170|0x000000008aa00000, 0x000000008aa00000, 0x000000008ab00000|  0%| F|  |TAMS 0x000000008aa00000, 0x000000008aa00000| Untracked 
| 171|0x000000008ab00000, 0x000000008ab00000, 0x000000008ac00000|  0%| F|  |TAMS 0x000000008ab00000, 0x000000008ab00000| Untracked 
| 172|0x000000008ac00000, 0x000000008ac00000, 0x000000008ad00000|  0%| F|  |TAMS 0x000000008ac00000, 0x000000008ac00000| Untracked 
| 173|0x000000008ad00000, 0x000000008ad00000, 0x000000008ae00000|  0%| F|  |TAMS 0x000000008ad00000, 0x000000008ad00000| Untracked 
| 174|0x000000008ae00000, 0x000000008ae00000, 0x000000008af00000|  0%| F|  |TAMS 0x000000008ae00000, 0x000000008ae00000| Untracked 
| 175|0x000000008af00000, 0x000000008af00000, 0x000000008b000000|  0%| F|  |TAMS 0x000000008af00000, 0x000000008af00000| Untracked 
| 176|0x000000008b000000, 0x000000008b000000, 0x000000008b100000|  0%| F|  |TAMS 0x000000008b000000, 0x000000008b000000| Untracked 
| 177|0x000000008b100000, 0x000000008b100000, 0x000000008b200000|  0%| F|  |TAMS 0x000000008b100000, 0x000000008b100000| Untracked 
| 178|0x000000008b200000, 0x000000008b200000, 0x000000008b300000|  0%| F|  |TAMS 0x000000008b200000, 0x000000008b200000| Untracked 
| 179|0x000000008b300000, 0x000000008b300000, 0x000000008b400000|  0%| F|  |TAMS 0x000000008b300000, 0x000000008b300000| Untracked 
| 180|0x000000008b400000, 0x000000008b400000, 0x000000008b500000|  0%| F|  |TAMS 0x000000008b400000, 0x000000008b400000| Untracked 
| 181|0x000000008b500000, 0x000000008b500000, 0x000000008b600000|  0%| F|  |TAMS 0x000000008b500000, 0x000000008b500000| Untracked 
| 182|0x000000008b600000, 0x000000008b681e60, 0x000000008b700000| 50%| E|  |TAMS 0x000000008b600000, 0x000000008b600000| Complete 
| 183|0x000000008b700000, 0x000000008b800000, 0x000000008b800000|100%| E|CS|TAMS 0x000000008b700000, 0x000000008b700000| Complete 
| 184|0x000000008b800000, 0x000000008b900000, 0x000000008b900000|100%| E|CS|TAMS 0x000000008b800000, 0x000000008b800000| Complete 

Card table byte_map: [0x000001b87f4e0000,0x000001b87f8e0000] _byte_map_base: 0x000001b87f0e0000

Marking Bits (Prev, Next): (CMBitMap*) 0x000001b87b6109f0, (CMBitMap*) 0x000001b87b6109b8
 Prev Bits: [0x000001b811000000, 0x000001b813000000)
 Next Bits: [0x000001b80f000000, 0x000001b811000000)

Polling page: 0x000001b879540000

Metaspace:

Usage:
  Non-class:     57.53 MB capacity,    56.59 MB ( 98%) used,   795.52 KB (  1%) free+waste,   167.88 KB ( <1%) overhead. 
      Class:      8.78 MB capacity,     8.20 MB ( 93%) used,   522.78 KB (  6%) free+waste,    78.13 KB ( <1%) overhead. 
       Both:     66.31 MB capacity,    64.79 MB ( 98%) used,     1.29 MB (  2%) free+waste,   246.00 KB ( <1%) overhead. 

Virtual space:
  Non-class space:       58.00 MB reserved,      57.70 MB (>99%) committed 
      Class space:        1.00 GB reserved,       8.88 MB ( <1%) committed 
             Both:        1.06 GB reserved,      66.57 MB (  6%) committed 

Chunk freelists:
   Non-Class:  44.00 KB
       Class:  30.00 KB
        Both:  74.00 KB

MaxMetaspaceSize: 17179869184.00 GB
CompressedClassSpaceSize: 1.00 GB
Initial GC threshold: 20.80 MB
Current GC threshold: 98.67 MB
CDS: off

CodeHeap 'non-profiled nmethods': size=120064Kb used=3886Kb max_used=3886Kb free=116177Kb
 bounds [0x000001b807ac0000, 0x000001b807e90000, 0x000001b80f000000]
CodeHeap 'profiled nmethods': size=120000Kb used=13998Kb max_used=13998Kb free=106001Kb
 bounds [0x000001b800590000, 0x000001b801340000, 0x000001b807ac0000]
CodeHeap 'non-nmethods': size=5696Kb used=2345Kb max_used=2386Kb free=3350Kb
 bounds [0x000001b800000000, 0x000001b800270000, 0x000001b800590000]
 total_blobs=7394 nmethods=6540 adapters=766
 compilation: enabled
              stopped_count=0, restarted_count=0
 full_count=0

Compilation events (20 events):
Event: 14.419 Thread 0x000001b81530d000 6553       3       java.lang.StringBuilder::toString (35 bytes)
Event: 14.419 Thread 0x000001b81530d000 nmethod 6553 0x000001b801337090 code [0x000001b801337280, 0x000001b801337718]
Event: 14.419 Thread 0x000001b81530d000 6556       1       com.android.tools.build.jetifier.core.pom.PomRewriteRule::getTo (5 bytes)
Event: 14.419 Thread 0x000001b81530d000 nmethod 6556 0x000001b807e8ad90 code [0x000001b807e8af40, 0x000001b807e8aff8]
Event: 14.419 Thread 0x000001b81530d000 6557       3       kotlin.text.Regex::<init> (23 bytes)
Event: 14.420 Thread 0x000001b81530d000 nmethod 6557 0x000001b801337890 code [0x000001b801337b00, 0x000001b801338378]
Event: 14.420 Thread 0x000001b81530d000 6558       3       java.lang.invoke.Invokers$Holder::linkToTargetMethod (10 bytes)
Event: 14.420 Thread 0x000001b81530d000 nmethod 6558 0x000001b801338690 code [0x000001b801338860, 0x000001b801338b58]
Event: 14.420 Thread 0x000001b81530d000 6560       3       java.util.regex.Pattern::Range (36 bytes)
Event: 14.420 Thread 0x000001b81530d000 nmethod 6560 0x000001b801338c10 code [0x000001b801338e20, 0x000001b8013393a8]
Event: 14.421 Thread 0x000001b81530d000 6559       3       java.util.regex.Pattern$$Lambda$13/0x0000000100090040::get$Lambda (10 bytes)
Event: 14.421 Thread 0x000001b81530d000 nmethod 6559 0x000001b801339590 code [0x000001b801339740, 0x000001b801339938]
Event: 14.421 Thread 0x000001b81530d000 6561       3       java.util.regex.Pattern$BmpCharPredicate::union (23 bytes)
Event: 14.421 Thread 0x000001b81530d000 nmethod 6561 0x000001b801339a10 code [0x000001b801339c20, 0x000001b80133a448]
Event: 14.421 Thread 0x000001b81530d000 6562       3       java.util.regex.Pattern$Dollar::<init> (10 bytes)
Event: 14.421 Thread 0x000001b81530d000 nmethod 6562 0x000001b80133a690 code [0x000001b80133a860, 0x000001b80133aa98]
Event: 14.421 Thread 0x000001b81530d000 6564       3       java.util.regex.Pattern$Begin::<init> (5 bytes)
Event: 14.421 Thread 0x000001b81530d000 nmethod 6564 0x000001b80133ab90 code [0x000001b80133ad60, 0x000001b80133af98]
Event: 14.421 Thread 0x000001b81530d000 6563       1       com.android.tools.build.jetifier.processor.transform.TransformationContext::getVersions (5 bytes)
Event: 14.421 Thread 0x000001b81530d000 nmethod 6563 0x000001b807e8b090 code [0x000001b807e8b240, 0x000001b807e8b2f8]

GC Heap History (20 events):
Event: 1.451 GC heap before
{Heap before GC invocations=2 (full 0):
 garbage-first heap   total 131072K, used 38252K [0x0000000080000000, 0x0000000100000000)
  region size 1024K, 29 young (29696K), 2 survivors (2048K)
 Metaspace       used 10842K, capacity 11073K, committed 11264K, reserved 1058816K
  class space    used 1131K, capacity 1207K, committed 1280K, reserved 1048576K
}
Event: 1.454 GC heap after
{Heap after GC invocations=3 (full 0):
 garbage-first heap   total 131072K, used 12239K [0x0000000080000000, 0x0000000100000000)
  region size 1024K, 4 young (4096K), 4 survivors (4096K)
 Metaspace       used 10842K, capacity 11073K, committed 11264K, reserved 1058816K
  class space    used 1131K, capacity 1207K, committed 1280K, reserved 1048576K
}
Event: 2.601 GC heap before
{Heap before GC invocations=3 (full 0):
 garbage-first heap   total 131072K, used 53199K [0x0000000080000000, 0x0000000100000000)
  region size 1024K, 45 young (46080K), 4 survivors (4096K)
 Metaspace       used 17409K, capacity 17779K, committed 18048K, reserved 1064960K
  class space    used 2034K, capacity 2145K, committed 2176K, reserved 1048576K
}
Event: 2.613 GC heap after
{Heap after GC invocations=4 (full 0):
 garbage-first heap   total 131072K, used 16143K [0x0000000080000000, 0x0000000100000000)
  region size 1024K, 6 young (6144K), 6 survivors (6144K)
 Metaspace       used 17409K, capacity 17779K, committed 18048K, reserved 1064960K
  class space    used 2034K, capacity 2145K, committed 2176K, reserved 1048576K
}
Event: 3.076 GC heap before
{Heap before GC invocations=4 (full 0):
 garbage-first heap   total 131072K, used 47887K [0x0000000080000000, 0x0000000100000000)
  region size 1024K, 38 young (38912K), 6 survivors (6144K)
 Metaspace       used 20737K, capacity 21135K, committed 21248K, reserved 1067008K
  class space    used 2544K, capacity 2710K, committed 2816K, reserved 1048576K
}
Event: 3.083 GC heap after
{Heap after GC invocations=5 (full 0):
 garbage-first heap   total 131072K, used 17173K [0x0000000080000000, 0x0000000100000000)
  region size 1024K, 6 young (6144K), 6 survivors (6144K)
 Metaspace       used 20737K, capacity 21135K, committed 21248K, reserved 1067008K
  class space    used 2544K, capacity 2710K, committed 2816K, reserved 1048576K
}
Event: 4.144 GC heap before
{Heap before GC invocations=6 (full 0):
 garbage-first heap   total 131072K, used 69397K [0x0000000080000000, 0x0000000100000000)
  region size 1024K, 57 young (58368K), 6 survivors (6144K)
 Metaspace       used 26153K, capacity 26687K, committed 27008K, reserved 1073152K
  class space    used 3390K, capacity 3587K, committed 3712K, reserved 1048576K
}
Event: 4.154 GC heap after
{Heap after GC invocations=7 (full 0):
 garbage-first heap   total 131072K, used 19291K [0x0000000080000000, 0x0000000100000000)
  region size 1024K, 4 young (4096K), 4 survivors (4096K)
 Metaspace       used 26153K, capacity 26687K, committed 27008K, reserved 1073152K
  class space    used 3390K, capacity 3587K, committed 3712K, reserved 1048576K
}
Event: 5.762 GC heap before
{Heap before GC invocations=7 (full 0):
 garbage-first heap   total 131072K, used 78683K [0x0000000080000000, 0x0000000100000000)
  region size 1024K, 63 young (64512K), 4 survivors (4096K)
 Metaspace       used 34951K, capacity 35787K, committed 35840K, reserved 1081344K
  class space    used 4532K, capacity 4839K, committed 4864K, reserved 1048576K
}
Event: 5.778 GC heap after
{Heap after GC invocations=8 (full 0):
 garbage-first heap   total 157696K, used 22655K [0x0000000080000000, 0x0000000100000000)
  region size 1024K, 7 young (7168K), 7 survivors (7168K)
 Metaspace       used 34951K, capacity 35787K, committed 35840K, reserved 1081344K
  class space    used 4532K, capacity 4839K, committed 4864K, reserved 1048576K
}
Event: 7.517 GC heap before
{Heap before GC invocations=9 (full 0):
 garbage-first heap   total 157696K, used 111743K [0x0000000080000000, 0x0000000100000000)
  region size 1024K, 92 young (94208K), 7 survivors (7168K)
 Metaspace       used 42267K, capacity 43257K, committed 43468K, reserved 1087488K
  class space    used 5438K, capacity 5824K, committed 5888K, reserved 1048576K
}
Event: 7.533 GC heap after
{Heap after GC invocations=10 (full 0):
 garbage-first heap   total 157696K, used 28792K [0x0000000080000000, 0x0000000100000000)
  region size 1024K, 12 young (12288K), 12 survivors (12288K)
 Metaspace       used 42267K, capacity 43257K, committed 43468K, reserved 1087488K
  class space    used 5438K, capacity 5824K, committed 5888K, reserved 1048576K
}
Event: 9.022 GC heap before
{Heap before GC invocations=10 (full 0):
 garbage-first heap   total 157696K, used 111736K [0x0000000080000000, 0x0000000100000000)
  region size 1024K, 92 young (94208K), 12 survivors (12288K)
 Metaspace       used 48077K, capacity 49281K, committed 49356K, reserved 1091584K
  class space    used 6160K, capacity 6616K, committed 6656K, reserved 1048576K
}
Event: 9.039 GC heap after
{Heap after GC invocations=11 (full 0):
 garbage-first heap   total 157696K, used 31333K [0x0000000080000000, 0x0000000100000000)
  region size 1024K, 9 young (9216K), 9 survivors (9216K)
 Metaspace       used 48077K, capacity 49281K, committed 49356K, reserved 1091584K
  class space    used 6160K, capacity 6616K, committed 6656K, reserved 1048576K
}
Event: 11.612 GC heap before
{Heap before GC invocations=11 (full 0):
 garbage-first heap   total 157696K, used 119397K [0x0000000080000000, 0x0000000100000000)
  region size 1024K, 92 young (94208K), 9 survivors (9216K)
 Metaspace       used 57295K, capacity 58670K, committed 58956K, reserved 1099776K
  class space    used 7249K, capacity 7766K, committed 7808K, reserved 1048576K
}
Event: 11.633 GC heap after
{Heap after GC invocations=12 (full 0):
 garbage-first heap   total 157696K, used 44615K [0x0000000080000000, 0x0000000100000000)
  region size 1024K, 12 young (12288K), 12 survivors (12288K)
 Metaspace       used 57295K, capacity 58670K, committed 58956K, reserved 1099776K
  class space    used 7249K, capacity 7766K, committed 7808K, reserved 1048576K
}
Event: 12.210 GC heap before
{Heap before GC invocations=12 (full 0):
 garbage-first heap   total 157696K, used 53831K [0x0000000080000000, 0x0000000100000000)
  region size 1024K, 22 young (22528K), 12 survivors (12288K)
 Metaspace       used 58722K, capacity 60146K, committed 60288K, reserved 1101824K
  class space    used 7412K, capacity 7911K, committed 7936K, reserved 1048576K
}
Event: 12.232 GC heap after
{Heap after GC invocations=13 (full 0):
 garbage-first heap   total 189440K, used 46050K [0x0000000080000000, 0x0000000100000000)
  region size 1024K, 2 young (2048K), 2 survivors (2048K)
 Metaspace       used 58722K, capacity 60146K, committed 60288K, reserved 1101824K
  class space    used 7412K, capacity 7911K, committed 7936K, reserved 1048576K
}
Event: 14.404 GC heap before
{Heap before GC invocations=14 (full 0):
 garbage-first heap   total 189440K, used 119778K [0x0000000080000000, 0x0000000100000000)
  region size 1024K, 74 young (75776K), 2 survivors (2048K)
 Metaspace       used 66158K, capacity 67710K, committed 67788K, reserved 1107968K
  class space    used 8350K, capacity 8930K, committed 8960K, reserved 1048576K
}
Event: 14.413 GC heap after
{Heap after GC invocations=15 (full 0):
 garbage-first heap   total 189440K, used 51660K [0x0000000080000000, 0x0000000100000000)
  region size 1024K, 7 young (7168K), 7 survivors (7168K)
 Metaspace       used 66158K, capacity 67710K, committed 67788K, reserved 1107968K
  class space    used 8350K, capacity 8930K, committed 8960K, reserved 1048576K
}

Deoptimization events (20 events):
Event: 14.388 Thread 0x000001b816ec1000 Uncommon trap: trap_request=0xffffff4d fr.pc=0x000001b807aeb588 relative=0x00000000000001c8
Event: 14.388 Thread 0x000001b816ec1000 Uncommon trap: reason=unstable_if action=reinterpret pc=0x000001b807aeb588 method=java.lang.AbstractStringBuilder.isLatin1()Z @ 10 c2
Event: 14.388 Thread 0x000001b816ec1000 DEOPT PACKING pc=0x000001b807aeb588 sp=0x000000b4023f67e0
Event: 14.388 Thread 0x000001b816ec1000 DEOPT UNPACKING pc=0x000001b80004a1af sp=0x000000b4023f6720 mode 2
Event: 14.388 Thread 0x000001b816ec1000 Uncommon trap: trap_request=0xffffff4d fr.pc=0x000001b807bd014c relative=0x000000000000056c
Event: 14.388 Thread 0x000001b816ec1000 Uncommon trap: reason=unstable_if action=reinterpret pc=0x000001b807bd014c method=java.lang.AbstractStringBuilder.appendChars(Ljava/lang/CharSequence;II)V @ 4 c2
Event: 14.388 Thread 0x000001b816ec1000 DEOPT PACKING pc=0x000001b807bd014c sp=0x000000b4023f6870
Event: 14.388 Thread 0x000001b816ec1000 DEOPT UNPACKING pc=0x000001b80004a1af sp=0x000000b4023f6758 mode 2
Event: 14.388 Thread 0x000001b816ec1000 Uncommon trap: trap_request=0xffffff4d fr.pc=0x000001b807b2adc0 relative=0x0000000000000380
Event: 14.388 Thread 0x000001b816ec1000 Uncommon trap: reason=unstable_if action=reinterpret pc=0x000001b807b2adc0 method=java.lang.AbstractStringBuilder.isLatin1()Z @ 10 c2
Event: 14.388 Thread 0x000001b816ec1000 DEOPT PACKING pc=0x000001b807b2adc0 sp=0x000000b4023f6910
Event: 14.388 Thread 0x000001b816ec1000 DEOPT UNPACKING pc=0x000001b80004a1af sp=0x000000b4023f6890 mode 2
Event: 14.389 Thread 0x000001b816ec1000 Uncommon trap: trap_request=0xffffff4d fr.pc=0x000001b807af4094 relative=0x0000000000000454
Event: 14.389 Thread 0x000001b816ec1000 Uncommon trap: reason=unstable_if action=reinterpret pc=0x000001b807af4094 method=java.lang.AbstractStringBuilder.putStringAt(ILjava/lang/String;)V @ 8 c2
Event: 14.389 Thread 0x000001b816ec1000 DEOPT PACKING pc=0x000001b807af4094 sp=0x000000b4023f6860
Event: 14.389 Thread 0x000001b816ec1000 DEOPT UNPACKING pc=0x000001b80004a1af sp=0x000000b4023f67c0 mode 2
Event: 14.389 Thread 0x000001b816ec1000 Uncommon trap: trap_request=0xffffff4d fr.pc=0x000001b807af38ec relative=0x00000000000000cc
Event: 14.389 Thread 0x000001b816ec1000 Uncommon trap: reason=unstable_if action=reinterpret pc=0x000001b807af38ec method=java.lang.String.getBytes([BIB)V @ 5 c2
Event: 14.389 Thread 0x000001b816ec1000 DEOPT PACKING pc=0x000001b807af38ec sp=0x000000b4023f6770
Event: 14.389 Thread 0x000001b816ec1000 DEOPT UNPACKING pc=0x000001b80004a1af sp=0x000000b4023f6738 mode 2

Classes redefined (0 events):
No events

Internal exceptions (20 events):
Event: 10.293 Thread 0x000001b816ec1000 Exception <a 'java/lang/NoSuchMethodError'{0x00000000872709b8}: 'java.lang.Object java.lang.invoke.DirectMethodHandle$Holder.invokeSpecial(java.lang.Object, java.lang.Object, java.lang.Object, java.lang.Object, java.lang.Object, int)'> (0x00000000872709b8) thrown at [./src/hotspot/share/interpreter/linkResolver.cpp, line 773]
Event: 10.293 Thread 0x000001b816ec1000 Exception <a 'java/lang/NoSuchMethodError'{0x0000000087274ff8}: 'java.lang.Object java.lang.invoke.Invokers$Holder.linkToTargetMethod(java.lang.Object, java.lang.Object, java.lang.Object, int, java.lang.Object)'> (0x0000000087274ff8) thrown at [./src/hotspot/share/interpreter/linkResolver.cpp, line 773]
Event: 10.543 Thread 0x000001b816ec1000 Exception <a 'java/lang/NoSuchMethodError'{0x00000000863ab940}: 'java.lang.Object java.lang.invoke.DirectMethodHandle$Holder.invokeSpecial(java.lang.Object, java.lang.Object, int, int, java.lang.Object, java.lang.Object, java.lang.Object)'> (0x00000000863ab940) thrown at [./src/hotspot/share/interpreter/linkResolver.cpp, line 773]
Event: 10.543 Thread 0x000001b816ec1000 Exception <a 'java/lang/NoSuchMethodError'{0x00000000863afec0}: 'java.lang.Object java.lang.invoke.DelegatingMethodHandle$Holder.reinvoke_L(java.lang.Object, int, int, java.lang.Object, java.lang.Object, java.lang.Object)'> (0x00000000863afec0) thrown at [./src/hotspot/share/interpreter/linkResolver.cpp, line 773]
Event: 10.898 Thread 0x000001b816ec1000 Exception <a 'java/lang/NoSuchMethodError'{0x000000008561c7c8}: 'int java.lang.invoke.DirectMethodHandle$Holder.invokeInterface(java.lang.Object, java.lang.Object, java.lang.Object, java.lang.Object)'> (0x000000008561c7c8) thrown at [./src/hotspot/share/interpreter/linkResolver.cpp, line 773]
Event: 12.126 Thread 0x000001b816ec1000 Exception <a 'java/lang/NoSuchMethodError'{0x000000008921dc48}: 'void java.lang.invoke.DirectMethodHandle$Holder.invokeInterface(java.lang.Object, java.lang.Object, java.lang.Object, java.lang.Object)'> (0x000000008921dc48) thrown at [./src/hotspot/share/interpreter/linkResolver.cpp, line 773]
Event: 12.501 Thread 0x000001b816ec1000 Exception <a 'java/lang/IncompatibleClassChangeError'{0x000000008b22d878}: Found class java.lang.Object, but interface was expected> (0x000000008b22d878) thrown at [./src/hotspot/share/interpreter/linkResolver.cpp, line 839]
Event: 12.600 Thread 0x000001b816ec1000 Implicit null exception at 0x000001b807dca8d4 to 0x000001b807dcaab8
Event: 12.771 Thread 0x000001b816ec1000 Implicit null exception at 0x000001b807c4a80b to 0x000001b807c4a8e4
Event: 12.886 Thread 0x000001b816ec1000 Implicit null exception at 0x000001b807c3f22c to 0x000001b807c3f3da
Event: 13.141 Thread 0x000001b816ec1000 Exception <a 'sun/nio/fs/WindowsException'{0x0000000089c27998}> (0x0000000089c27998) thrown at [./src/hotspot/share/prims/jni.cpp, line 615]
Event: 13.751 Thread 0x000001b816ec1000 Exception <a 'java/lang/ClassNotFoundException'{0x0000000088307810}: org/gradle/api/plugins/internal/DefaultBasePluginConventionBeanInfo> (0x0000000088307810) thrown at [./src/hotspot/share/classfile/systemDictionary.cpp, line 231]
Event: 13.753 Thread 0x000001b816ec1000 Exception <a 'java/lang/ClassNotFoundException'{0x0000000088342e90}: org/gradle/api/plugins/BasePluginConventionBeanInfo> (0x0000000088342e90) thrown at [./src/hotspot/share/classfile/systemDictionary.cpp, line 231]
Event: 13.755 Thread 0x000001b816ec1000 Exception <a 'java/lang/ClassNotFoundException'{0x000000008837e708}: org/gradle/api/plugins/BasePluginConventionCustomizer> (0x000000008837e708) thrown at [./src/hotspot/share/classfile/systemDictionary.cpp, line 231]
Event: 13.757 Thread 0x000001b816ec1000 Exception <a 'java/lang/ClassNotFoundException'{0x00000000883cb670}: org/gradle/api/plugins/internal/DefaultBasePluginConventionCustomizer> (0x00000000883cb670) thrown at [./src/hotspot/share/classfile/systemDictionary.cpp, line 231]
Event: 13.763 Thread 0x000001b816ec1000 Exception <a 'java/lang/ClassNotFoundException'{0x000000008824b300}: org/gradle/api/plugins/internal/DefaultJavaPluginConventionBeanInfo> (0x000000008824b300) thrown at [./src/hotspot/share/classfile/systemDictionary.cpp, line 231]
Event: 13.764 Thread 0x000001b816ec1000 Exception <a 'java/lang/ClassNotFoundException'{0x0000000088286c08}: org/gradle/api/plugins/JavaPluginConventionBeanInfo> (0x0000000088286c08) thrown at [./src/hotspot/share/classfile/systemDictionary.cpp, line 231]
Event: 13.766 Thread 0x000001b816ec1000 Exception <a 'java/lang/ClassNotFoundException'{0x00000000882c2480}: org/gradle/api/plugins/JavaPluginConventionCustomizer> (0x00000000882c2480) thrown at [./src/hotspot/share/classfile/systemDictionary.cpp, line 231]
Event: 13.767 Thread 0x000001b816ec1000 Exception <a 'java/lang/ClassNotFoundException'{0x00000000881192f0}: org/gradle/api/plugins/internal/DefaultJavaPluginConventionCustomizer> (0x00000000881192f0) thrown at [./src/hotspot/share/classfile/systemDictionary.cpp, line 231]
Event: 14.042 Thread 0x000001b816ec1000 Implicit null exception at 0x000001b807e65566 to 0x000001b807e65630

Events (20 events):
Event: 14.401 loading class com/android/tools/build/jetifier/processor/transform/proguard/ProGuardClassFilterParser$Companion
Event: 14.401 loading class com/android/tools/build/jetifier/processor/transform/proguard/ProGuardClassFilterParser$Companion done
Event: 14.402 loading class com/android/tools/build/jetifier/processor/transform/proguard/ProGuardClassFilterParser$replacer$1
Event: 14.402 loading class com/android/tools/build/jetifier/processor/transform/proguard/ProGuardClassFilterParser$replacer$1 done
Event: 14.403 loading class com/android/tools/build/jetifier/processor/com/android/tools/build/jetifier/processor/transform/java/JavaTransformer
Event: 14.403 loading class com/android/tools/build/jetifier/processor/com/android/tools/build/jetifier/processor/transform/java/JavaTransformer done
Event: 14.403 Executing VM operation: G1CollectForAllocation
Event: 14.413 Executing VM operation: G1CollectForAllocation done
Event: 14.422 loading class kotlin/collections/MapWithDefault
Event: 14.422 loading class kotlin/collections/MapWithDefault done
Event: 14.423 loading class com/android/build/gradle/internal/tasks/factory/TaskFactoryImpl
Event: 14.423 loading class com/android/build/gradle/internal/tasks/factory/TaskFactoryImpl done
Event: 14.423 loading class com/android/build/gradle/internal/tasks/factory/TaskFactory
Event: 14.423 loading class com/android/build/gradle/internal/tasks/factory/TaskFactory done
Event: 14.424 loading class com/android/build/gradle/internal/TaskManager$Companion$createTasksBeforeEvaluate$1
Event: 14.424 loading class com/android/build/gradle/internal/TaskManager$Companion$createTasksBeforeEvaluate$1 done
Event: 14.425 loading class com/android/build/gradle/internal/TaskManager$Companion$createTasksBeforeEvaluate$2
Event: 14.425 loading class com/android/build/gradle/internal/TaskManager$Companion$createTasksBeforeEvaluate$2 done
Event: 14.426 loading class com/android/build/gradle/internal/tasks/DeviceSerialTestTask
Event: 14.426 loading class com/android/build/gradle/internal/tasks/DeviceSerialTestTask done


Dynamic libraries:
0x00007ff6364b0000 - 0x00007ff6364ba000 	C:\Program Files\Android\Android Studio\jre\bin\java.exe
0x00007ffe8dac0000 - 0x00007ffe8dcc9000 	C:\Windows\SYSTEM32\ntdll.dll
0x00007ffe8cf70000 - 0x00007ffe8d02d000 	C:\Windows\System32\KERNEL32.DLL
0x00007ffe8b1f0000 - 0x00007ffe8b564000 	C:\Windows\System32\KERNELBASE.dll
0x00007ffe8b0d0000 - 0x00007ffe8b1e1000 	C:\Windows\System32\ucrtbase.dll
0x00007ffe67ef0000 - 0x00007ffe67f07000 	C:\Program Files\Android\Android Studio\jre\bin\VCRUNTIME140.dll
0x00007ffe670e0000 - 0x00007ffe670f9000 	C:\Program Files\Android\Android Studio\jre\bin\jli.dll
0x00007ffe8cdc0000 - 0x00007ffe8cf6c000 	C:\Windows\System32\USER32.dll
0x00007ffe8b6a0000 - 0x00007ffe8b6c6000 	C:\Windows\System32\win32u.dll
0x00007ffe63f60000 - 0x00007ffe64205000 	C:\Windows\WinSxS\amd64_microsoft.windows.common-controls_6595b64144ccf1df_6.0.22000.120_none_9d947278b86cc467\COMCTL32.dll
0x00007ffe8c5c0000 - 0x00007ffe8c5e9000 	C:\Windows\System32\GDI32.dll
0x00007ffe8c110000 - 0x00007ffe8c1b3000 	C:\Windows\System32\msvcrt.dll
0x00007ffe8b840000 - 0x00007ffe8b952000 	C:\Windows\System32\gdi32full.dll
0x00007ffe8b030000 - 0x00007ffe8b0cd000 	C:\Windows\System32\msvcp_win.dll
0x00007ffe8ccb0000 - 0x00007ffe8cce1000 	C:\Windows\System32\IMM32.DLL
0x00007ffe51e90000 - 0x00007ffe51f2d000 	C:\Program Files\Android\Android Studio\jre\bin\msvcp140.dll
0x00007ffe19340000 - 0x00007ffe19e25000 	C:\Program Files\Android\Android Studio\jre\bin\server\jvm.dll
0x00007ffe8d040000 - 0x00007ffe8d0ee000 	C:\Windows\System32\ADVAPI32.dll
0x00007ffe8d7a0000 - 0x00007ffe8d83e000 	C:\Windows\System32\sechost.dll
0x00007ffe8d2f0000 - 0x00007ffe8d410000 	C:\Windows\System32\RPCRT4.dll
0x00007ffe8d030000 - 0x00007ffe8d038000 	C:\Windows\System32\PSAPI.DLL
0x00007ffe64c80000 - 0x00007ffe64c89000 	C:\Windows\SYSTEM32\WSOCK32.dll
0x00007ffe81d10000 - 0x00007ffe81d43000 	C:\Windows\SYSTEM32\WINMM.dll
0x00007ffe8c550000 - 0x00007ffe8c5bf000 	C:\Windows\System32\WS2_32.dll
0x00007ffe7cc00000 - 0x00007ffe7cc0a000 	C:\Windows\SYSTEM32\VERSION.dll
0x00007ffe89aa0000 - 0x00007ffe89ab8000 	C:\Windows\SYSTEM32\kernel.appcore.dll
0x00007ffe64b40000 - 0x00007ffe64b51000 	C:\Program Files\Android\Android Studio\jre\bin\verify.dll
0x00007ffe833b0000 - 0x00007ffe835d1000 	C:\Windows\SYSTEM32\DBGHELP.DLL
0x00007ffe76eb0000 - 0x00007ffe76ee1000 	C:\Windows\SYSTEM32\dbgcore.DLL
0x00007ffe8afb0000 - 0x00007ffe8b02f000 	C:\Windows\System32\bcryptPrimitives.dll
0x00007ffe56580000 - 0x00007ffe565a9000 	C:\Program Files\Android\Android Studio\jre\bin\java.dll
0x00007ffe64c70000 - 0x00007ffe64c7b000 	C:\Program Files\Android\Android Studio\jre\bin\jimage.dll
0x00007ffe56560000 - 0x00007ffe56578000 	C:\Program Files\Android\Android Studio\jre\bin\zip.dll
0x00007ffe8b960000 - 0x00007ffe8c10e000 	C:\Windows\System32\SHELL32.dll
0x00007ffe89220000 - 0x00007ffe89a87000 	C:\Windows\SYSTEM32\windows.storage.dll
0x00007ffe8c1c0000 - 0x00007ffe8c538000 	C:\Windows\System32\combase.dll
0x00007ffe890b0000 - 0x00007ffe89216000 	C:\Windows\SYSTEM32\wintypes.dll
0x00007ffe8cbc0000 - 0x00007ffe8ccaa000 	C:\Windows\System32\SHCORE.dll
0x00007ffe8d0f0000 - 0x00007ffe8d14d000 	C:\Windows\System32\shlwapi.dll
0x00007ffe8aee0000 - 0x00007ffe8af01000 	C:\Windows\SYSTEM32\profapi.dll
0x00007ffe55be0000 - 0x00007ffe55bfa000 	C:\Program Files\Android\Android Studio\jre\bin\net.dll
0x00007ffe7fcb0000 - 0x00007ffe7fdbc000 	C:\Windows\SYSTEM32\WINHTTP.dll
0x00007ffe8a5d0000 - 0x00007ffe8a637000 	C:\Windows\system32\mswsock.dll
0x00007ffe55480000 - 0x00007ffe55494000 	C:\Program Files\Android\Android Studio\jre\bin\nio.dll
0x00007ffe61de0000 - 0x00007ffe61e07000 	C:\Users\Admin\.gradle\native\e1d6ef7f7dcc3fd88c89a11ec53ec762bb8ba0a96d01ffa2cd45eb1d1d8dd5c5\windows-amd64\native-platform.dll
0x00007ffe515e0000 - 0x00007ffe51724000 	C:\Users\Admin\.gradle\native\5664cfc778a61ccfe75a443a1ab52a65af34e5dc3c78e0209fed803814484fcb\windows-amd64\native-platform-file-events.dll
0x00007ffe62190000 - 0x00007ffe6219a000 	C:\Program Files\Android\Android Studio\jre\bin\management.dll
0x00007ffe57fd0000 - 0x00007ffe57fdd000 	C:\Program Files\Android\Android Studio\jre\bin\management_ext.dll
0x00007ffe8a810000 - 0x00007ffe8a828000 	C:\Windows\SYSTEM32\CRYPTSP.dll
0x00007ffe8a220000 - 0x00007ffe8a255000 	C:\Windows\system32\rsaenh.dll
0x00007ffe8a6c0000 - 0x00007ffe8a6e9000 	C:\Windows\SYSTEM32\USERENV.dll
0x00007ffe8a990000 - 0x00007ffe8a9b7000 	C:\Windows\SYSTEM32\bcrypt.dll
0x00007ffe8a830000 - 0x00007ffe8a83c000 	C:\Windows\SYSTEM32\CRYPTBASE.dll
0x00007ffe89d00000 - 0x00007ffe89d2d000 	C:\Windows\SYSTEM32\IPHLPAPI.DLL
0x00007ffe8d410000 - 0x00007ffe8d419000 	C:\Windows\System32\NSI.dll
0x00007ffe81be0000 - 0x00007ffe81bf9000 	C:\Windows\SYSTEM32\dhcpcsvc6.DLL
0x00007ffe81cc0000 - 0x00007ffe81cde000 	C:\Windows\SYSTEM32\dhcpcsvc.DLL
0x00007ffe89d30000 - 0x00007ffe89e17000 	C:\Windows\SYSTEM32\DNSAPI.dll

dbghelp: loaded successfully - version: 4.0.5 - missing functions: none
symbol engine: initialized successfully - sym options: 0x614 - pdb path: .;C:\Program Files\Android\Android Studio\jre\bin;C:\Windows\SYSTEM32;C:\Windows\WinSxS\amd64_microsoft.windows.common-controls_6595b64144ccf1df_6.0.22000.120_none_9d947278b86cc467;C:\Program Files\Android\Android Studio\jre\bin\server;C:\Users\Admin\.gradle\native\e1d6ef7f7dcc3fd88c89a11ec53ec762bb8ba0a96d01ffa2cd45eb1d1d8dd5c5\windows-amd64;C:\Users\Admin\.gradle\native\5664cfc778a61ccfe75a443a1ab52a65af34e5dc3c78e0209fed803814484fcb\windows-amd64

VM Arguments:
jvm_args: --add-opens=java.base/java.util=ALL-UNNAMED --add-opens=java.base/java.lang=ALL-UNNAMED --add-opens=java.base/java.lang.invoke=ALL-UNNAMED --add-opens=java.base/java.util=ALL-UNNAMED --add-opens=java.prefs/java.util.prefs=ALL-UNNAMED --add-opens=java.prefs/java.util.prefs=ALL-UNNAMED --add-opens=java.base/java.nio.charset=ALL-UNNAMED --add-opens=java.base/java.net=ALL-UNNAMED --add-opens=java.base/java.util.concurrent.atomic=ALL-UNNAMED -Xmx2048m -Dfile.encoding=UTF-8 -Duser.country=US -Duser.language=en -Duser.variant 
java_command: org.gradle.launcher.daemon.bootstrap.GradleDaemon 7.3.3
java_class_path (initial): C:\Users\Admin\.gradle\wrapper\dists\gradle-7.3.3-bin\6a41zxkdtcxs8rphpq6y0069z\gradle-7.3.3\lib\gradle-launcher-7.3.3.jar
Launcher Type: SUN_STANDARD

[Global flags]
     intx CICompilerCount                          = 3                                         {product} {ergonomic}
     uint ConcGCThreads                            = 1                                         {product} {ergonomic}
     uint G1ConcRefinementThreads                  = 4                                         {product} {ergonomic}
   size_t G1HeapRegionSize                         = 1048576                                   {product} {ergonomic}
    uintx GCDrainStackTargetSize                   = 64                                        {product} {ergonomic}
   size_t InitialHeapSize                          = 134217728                                 {product} {ergonomic}
   size_t MarkStackSize                            = 4194304                                   {product} {ergonomic}
   size_t MaxHeapSize                              = 2147483648                                {product} {command line}
   size_t MaxNewSize                               = 1287651328                                {product} {ergonomic}
   size_t MinHeapDeltaBytes                        = 1048576                                   {product} {ergonomic}
    uintx NonNMethodCodeHeapSize                   = 5830732                                {pd product} {ergonomic}
    uintx NonProfiledCodeHeapSize                  = 122913754                              {pd product} {ergonomic}
    uintx ProfiledCodeHeapSize                     = 122913754                              {pd product} {ergonomic}
    uintx ReservedCodeCacheSize                    = 251658240                              {pd product} {ergonomic}
     bool SegmentedCodeCache                       = true                                      {product} {ergonomic}
     bool UseCompressedClassPointers               = true                                 {lp64_product} {ergonomic}
     bool UseCompressedOops                        = true                                 {lp64_product} {ergonomic}
     bool UseG1GC                                  = true                                      {product} {ergonomic}
     bool UseLargePagesIndividualAllocation        = false                                  {pd product} {ergonomic}

Logging:
Log output configuration:
 #0: stdout all=warning uptime,level,tags
 #1: stderr all=off uptime,level,tags

Environment Variables:
PATH=C:\Program Files\Common Files\Oracle\Java\javapath;C:\Program Files (x86)\Common Files\Oracle\Java\javapath;C:\Windows\system32;C:\Windows;C:\Windows\System32\Wbem;C:\Windows\System32\WindowsPowerShell\v1.0\;C:\Windows\System32\OpenSSH\;C:\Program Files (x86)\Intel\Intel(R) Management Engine Components\DAL;C:\Program Files\Intel\Intel(R) Management Engine Components\DAL;C:\Program Files\Git\cmd;C:\Users\Admin\AppData\Local\Microsoft\WindowsApps;C:\Users\Admin\AppData\Local\Programs\Microsoft VS Code\bin;C:\Users\Admin\AppData\Local\atom\bin;C:\Users\Admin\AppData\Local\GitHubDesktop\bin
USERNAME=Admin
OS=Windows_NT
PROCESSOR_IDENTIFIER=Intel64 Family 6 Model 78 Stepping 3, GenuineIntel



---------------  S Y S T E M  ---------------

OS: Windows 10 , 64 bit Build 22000 (10.0.22000.434)
OS uptime: 0 days 0:14 hours

CPU:total 4 (initial active 4) (2 cores per cpu, 2 threads per core) family 6 model 78 stepping 3 microcode 0xd6, cmov, cx8, fxsr, mmx, sse, sse2, sse3, ssse3, sse4.1, sse4.2, popcnt, avx, avx2, aes, clmul, erms, rtm, 3dnowpref, lzcnt, ht, tsc, tscinvbit, bmi1, bmi2, adx, fma

Memory: 4k page, system-wide physical 8072M (1038M free)
TotalPageFile size 8072M (AvailPageFile size 0M)
current process WorkingSet (physical memory assigned to process): 400M, peak: 405M
current process commit charge ("private bytes"): 438M, peak: 440M

vm_info: OpenJDK 64-Bit Server VM (11.0.12+7-b1504.28-7817840) for windows-amd64 JRE (11.0.12+7-b1504.28-7817840), built on Oct 13 2021 22:12:33 by "builder" with MS VC++ 14.0 (VS2015)

END.
