#
# There is insufficient memory for the Java Runtime Environment to continue.
# Native memory allocation (malloc) failed to allocate 1456976 bytes for Chunk::new
# Possible reasons:
#   The system is out of physical RAM or swap space
#   The process is running with CompressedOops enabled, and the Java Heap may be blocking the growth of the native heap
# Possible solutions:
#   Reduce memory load on the system
#   Increase physical memory or swap space
#   Check if swap backing store is full
#   Decrease Java heap size (-Xmx/-Xms)
#   Decrease number of Java threads
#   Decrease Java thread stack sizes (-Xss)
#   Set larger code cache with -XX:ReservedCodeCacheSize=
#   JVM is running with Unscaled Compressed Oops mode in which the Java heap is
#     placed in the first 4GB address space. The Java Heap base address is the
#     maximum limit for the native heap growth. Please use -XX:HeapBaseMinAddress
#     to set the Java Heap base and to place the Java Heap above 4GB virtual address.
# This output file may be truncated or incomplete.
#
#  Out of Memory Error (./src/hotspot/share/memory/arena.cpp:197), pid=6888, tid=5552
#
# JRE version: OpenJDK Runtime Environment (11.0.12+7) (build 11.0.12+7-b1504.28-7817840)
# Java VM: OpenJDK 64-Bit Server VM (11.0.12+7-b1504.28-7817840, mixed mode, tiered, compressed oops, g1 gc, windows-amd64)
# No core dump will be written. Minidumps are not enabled by default on client versions of Windows
#

---------------  S U M M A R Y ------------

Command Line: --add-opens=java.base/java.util=ALL-UNNAMED --add-opens=java.base/java.lang=ALL-UNNAMED --add-opens=java.base/java.lang.invoke=ALL-UNNAMED --add-opens=java.base/java.util=ALL-UNNAMED --add-opens=java.prefs/java.util.prefs=ALL-UNNAMED --add-opens=java.prefs/java.util.prefs=ALL-UNNAMED --add-opens=java.base/java.nio.charset=ALL-UNNAMED --add-opens=java.base/java.net=ALL-UNNAMED --add-opens=java.base/java.util.concurrent.atomic=ALL-UNNAMED -Xmx2048m -Dfile.encoding=UTF-8 -Duser.country=US -Duser.language=en -Duser.variant org.gradle.launcher.daemon.bootstrap.GradleDaemon 7.3.3

Host: Intel(R) Core(TM) i7-6600U CPU @ 2.60GHz, 4 cores, 7G,  Windows 10 , 64 bit Build 22000 (10.0.22000.434)
Time: Fri Aug 12 23:43:45 2022 Egypt Standard Time elapsed time: 4.309467 seconds (0d 0h 0m 4s)

---------------  T H R E A D  ---------------

Current thread (0x000002987cca6800):  JavaThread "C2 CompilerThread0" daemon [_thread_in_native, id=5552, stack(0x000000eaf0100000,0x000000eaf0200000)]


Current CompileTask:
C2:   4309 2154   !   4       java.net.URLClassLoader$1::run (63 bytes)

Stack: [0x000000eaf0100000,0x000000eaf0200000]
Native frames: (J=compiled Java code, j=interpreted, Vv=VM code, C=native code)
V  [jvm.dll+0x5fbcea]
V  [jvm.dll+0x731905]
V  [jvm.dll+0x732f1d]
V  [jvm.dll+0x7335d3]
V  [jvm.dll+0x247bf8]
V  [jvm.dll+0xc018c]
V  [jvm.dll+0xc06cc]
V  [jvm.dll+0x35b2db]
V  [jvm.dll+0x19d0bc]
V  [jvm.dll+0x20070e]
V  [jvm.dll+0x1ff794]
V  [jvm.dll+0x18868c]
V  [jvm.dll+0x20e0d7]
V  [jvm.dll+0x20c901]
V  [jvm.dll+0x6f9b7f]
V  [jvm.dll+0x6f26a5]
V  [jvm.dll+0x5fabf6]
C  [ucrtbase.dll+0x26c0c]
C  [KERNEL32.DLL+0x154e0]
C  [ntdll.dll+0x485b]


---------------  P R O C E S S  ---------------

Threads class SMR info:
_java_thread_list=0x0000029802a449b0, length=27, elements={
0x0000029863082800, 0x000002987cc83800, 0x000002987cc8e000, 0x000002987d612800,
0x000002987cca3000, 0x000002987cca3800, 0x000002987cca6800, 0x000002987cca8000,
0x000002987ccab000, 0x000002987d757800, 0x00000298014c1000, 0x0000029800927800,
0x000002987eb17000, 0x00000298005e8000, 0x000002987ec6b000, 0x000002987d86b000,
0x000002980085a800, 0x000002987ec78000, 0x0000029800bb4000, 0x0000029800d9a000,
0x000002987ec76800, 0x000002987ec74000, 0x000002987ec76000, 0x000002987ec75000,
0x0000029800ea7000, 0x0000029800eab800, 0x0000029800ea6000
}

Java Threads: ( => current thread )
  0x0000029863082800 JavaThread "main" [_thread_blocked, id=3144, stack(0x000000eaef500000,0x000000eaef600000)]
  0x000002987cc83800 JavaThread "Reference Handler" daemon [_thread_blocked, id=8704, stack(0x000000eaefc00000,0x000000eaefd00000)]
  0x000002987cc8e000 JavaThread "Finalizer" daemon [_thread_blocked, id=4608, stack(0x000000eaefd00000,0x000000eaefe00000)]
  0x000002987d612800 JavaThread "Signal Dispatcher" daemon [_thread_blocked, id=5908, stack(0x000000eaefe00000,0x000000eaeff00000)]
  0x000002987cca3000 JavaThread "Attach Listener" daemon [_thread_blocked, id=9112, stack(0x000000eaeff00000,0x000000eaf0000000)]
  0x000002987cca3800 JavaThread "Service Thread" daemon [_thread_blocked, id=9212, stack(0x000000eaf0000000,0x000000eaf0100000)]
=>0x000002987cca6800 JavaThread "C2 CompilerThread0" daemon [_thread_in_native, id=5552, stack(0x000000eaf0100000,0x000000eaf0200000)]
  0x000002987cca8000 JavaThread "C1 CompilerThread0" daemon [_thread_in_vm, id=5060, stack(0x000000eaf0200000,0x000000eaf0300000)]
  0x000002987ccab000 JavaThread "Sweeper thread" daemon [_thread_blocked, id=2192, stack(0x000000eaf0300000,0x000000eaf0400000)]
  0x000002987d757800 JavaThread "Common-Cleaner" daemon [_thread_blocked, id=3256, stack(0x000000eaf0400000,0x000000eaf0500000)]
  0x00000298014c1000 JavaThread "Daemon health stats" [_thread_blocked, id=6956, stack(0x000000eaf0900000,0x000000eaf0a00000)]
  0x0000029800927800 JavaThread "Incoming local TCP Connector on port 58092" [_thread_in_native, id=7092, stack(0x000000eaf0600000,0x000000eaf0700000)]
  0x000002987eb17000 JavaThread "C2 CompilerThread1" daemon [_thread_blocked, id=8692, stack(0x000000eaf0a00000,0x000000eaf0b00000)]
  0x00000298005e8000 JavaThread "Daemon periodic checks" [_thread_blocked, id=5264, stack(0x000000eaf0b00000,0x000000eaf0c00000)]
  0x000002987ec6b000 JavaThread "Daemon" [_thread_blocked, id=6000, stack(0x000000eaf0c00000,0x000000eaf0d00000)]
  0x000002987d86b000 JavaThread "Handler for socket connection from /127.0.0.1:58092 to /127.0.0.1:58093" [_thread_in_native, id=2268, stack(0x000000eaf0d00000,0x000000eaf0e00000)]
  0x000002980085a800 JavaThread "Cancel handler" [_thread_blocked, id=4236, stack(0x000000eaf0e00000,0x000000eaf0f00000)]
  0x000002987ec78000 JavaThread "Daemon worker" [_thread_in_vm, id=5256, stack(0x000000eaf0f00000,0x000000eaf1000000)]
  0x0000029800bb4000 JavaThread "Asynchronous log dispatcher for DefaultDaemonConnection: socket connection from /127.0.0.1:58092 to /127.0.0.1:58093" [_thread_blocked, id=4624, stack(0x000000eaf1000000,0x000000eaf1100000)]
  0x0000029800d9a000 JavaThread "Stdin handler" [_thread_blocked, id=9564, stack(0x000000eaf1100000,0x000000eaf1200000)]
  0x000002987ec76800 JavaThread "Daemon client event forwarder" [_thread_blocked, id=8468, stack(0x000000eaf1200000,0x000000eaf1300000)]
  0x000002987ec74000 JavaThread "Cache worker for journal cache (C:\Users\Admin\.gradle\caches\journal-1)" [_thread_blocked, id=3340, stack(0x000000eaf1400000,0x000000eaf1500000)]
  0x000002987ec76000 JavaThread "File lock request listener" [_thread_in_native, id=5008, stack(0x000000eaf1500000,0x000000eaf1600000)]
  0x000002987ec75000 JavaThread "Cache worker for file hash cache (C:\Users\Admin\.gradle\caches\7.3.3\fileHashes)" [_thread_blocked, id=5180, stack(0x000000eaf1600000,0x000000eaf1700000)]
  0x0000029800ea7000 JavaThread "Cache worker for file hash cache (C:\Users\Admin\Desktop\jana\hw1\.gradle\7.3.3\fileHashes)" [_thread_blocked, id=3724, stack(0x000000eaf1700000,0x000000eaf1800000)]
  0x0000029800eab800 JavaThread "File watcher server" daemon [_thread_in_native, id=8844, stack(0x000000eaf1800000,0x000000eaf1900000)]
  0x0000029800ea6000 JavaThread "File watcher consumer" daemon [_thread_blocked, id=9356, stack(0x000000eaf1900000,0x000000eaf1a00000)]

Other Threads:
  0x000002987cc7d800 VMThread "VM Thread" [stack: 0x000000eaefb00000,0x000000eaefc00000] [id=5808]
  0x000002987d7b9800 WatcherThread [stack: 0x000000eaf0500000,0x000000eaf0600000] [id=6120]
  0x0000029860e9c800 GCTaskThread "GC Thread#0" [stack: 0x000000eaef600000,0x000000eaef700000] [id=4444]
  0x000002987e2fc800 GCTaskThread "GC Thread#1" [stack: 0x000000eaf0700000,0x000000eaf0800000] [id=3632]
  0x000002987e1ce800 GCTaskThread "GC Thread#2" [stack: 0x000000eaf0800000,0x000000eaf0900000] [id=5212]
  0x000002987f157000 GCTaskThread "GC Thread#3" [stack: 0x000000eaf1300000,0x000000eaf1400000] [id=4380]
  0x00000298630c8800 ConcurrentGCThread "G1 Main Marker" [stack: 0x000000eaef700000,0x000000eaef800000] [id=2840]
  0x00000298630c9800 ConcurrentGCThread "G1 Conc#0" [stack: 0x000000eaef800000,0x000000eaef900000] [id=10144]
  0x000002986315a000 ConcurrentGCThread "G1 Refine#0" [stack: 0x000000eaef900000,0x000000eaefa00000] [id=8512]
  0x000002986315b000 ConcurrentGCThread "G1 Young RemSet Sampling" [stack: 0x000000eaefa00000,0x000000eaefb00000] [id=4192]

Threads with active compile tasks:
C2 CompilerThread0   4332 2154   !   4       java.net.URLClassLoader$1::run (63 bytes)

VM state:not at safepoint (normal execution)

VM Mutex/Monitor currently owned by a thread: None

Heap address: 0x0000000080000000, size: 2048 MB, Compressed Oops mode: 32-bit
Narrow klass base: 0x0000000000000000, Narrow klass shift: 3
Compressed class space size: 1073741824 Address: 0x0000000100000000

Heap:
 garbage-first heap   total 131072K, used 23520K [0x0000000080000000, 0x0000000100000000)
  region size 1024K, 8 young (8192K), 3 survivors (3072K)
 Metaspace       used 26645K, capacity 27201K, committed 27264K, reserved 1073152K
  class space    used 3468K, capacity 3701K, committed 3712K, reserved 1048576K
Heap Regions: E=young(eden), S=young(survivor), O=old, HS=humongous(starts), HC=humongous(continues), CS=collection set, F=free, A=archive, TAMS=top-at-mark-start (previous, next)
|   0|0x0000000080000000, 0x0000000080100000, 0x0000000080100000|100%| O|  |TAMS 0x0000000080100000, 0x0000000080000000| Untracked 
|   1|0x0000000080100000, 0x0000000080200000, 0x0000000080200000|100%| O|  |TAMS 0x0000000080200000, 0x0000000080100000| Untracked 
|   2|0x0000000080200000, 0x0000000080300000, 0x0000000080300000|100%| O|  |TAMS 0x0000000080300000, 0x0000000080200000| Untracked 
|   3|0x0000000080300000, 0x0000000080400000, 0x0000000080400000|100%|HS|  |TAMS 0x0000000080400000, 0x0000000080300000| Complete 
|   4|0x0000000080400000, 0x0000000080500000, 0x0000000080500000|100%|HC|  |TAMS 0x0000000080500000, 0x0000000080400000| Complete 
|   5|0x0000000080500000, 0x0000000080600000, 0x0000000080600000|100%|HC|  |TAMS 0x0000000080600000, 0x0000000080500000| Complete 
|   6|0x0000000080600000, 0x0000000080700000, 0x0000000080700000|100%| O|  |TAMS 0x0000000080700000, 0x0000000080600000| Untracked 
|   7|0x0000000080700000, 0x0000000080800000, 0x0000000080800000|100%| O|  |TAMS 0x0000000080800000, 0x0000000080700000| Untracked 
|   8|0x0000000080800000, 0x0000000080900000, 0x0000000080900000|100%| O|  |TAMS 0x0000000080900000, 0x0000000080800000| Untracked 
|   9|0x0000000080900000, 0x0000000080a00000, 0x0000000080a00000|100%| O|  |TAMS 0x0000000080a00000, 0x0000000080900000| Untracked 
|  10|0x0000000080a00000, 0x0000000080b00000, 0x0000000080b00000|100%| O|  |TAMS 0x0000000080b00000, 0x0000000080a00000| Untracked 
|  11|0x0000000080b00000, 0x0000000080c00000, 0x0000000080c00000|100%| O|  |TAMS 0x0000000080c00000, 0x0000000080b00000| Untracked 
|  12|0x0000000080c00000, 0x0000000080d00000, 0x0000000080d00000|100%| O|  |TAMS 0x0000000080c88e00, 0x0000000080c00000| Untracked 
|  13|0x0000000080d00000, 0x0000000080e00000, 0x0000000080e00000|100%| O|  |TAMS 0x0000000080d00000, 0x0000000080d00000| Untracked 
|  14|0x0000000080e00000, 0x0000000080f00000, 0x0000000080f00000|100%| O|  |TAMS 0x0000000080e00000, 0x0000000080e00000| Untracked 
|  15|0x0000000080f00000, 0x0000000081000000, 0x0000000081000000|100%| O|  |TAMS 0x0000000080f00000, 0x0000000080f00000| Untracked 
|  16|0x0000000081000000, 0x000000008104d400, 0x0000000081100000| 30%| O|  |TAMS 0x0000000081000000, 0x0000000081000000| Untracked 
|  17|0x0000000081100000, 0x0000000081100000, 0x0000000081200000|  0%| F|  |TAMS 0x0000000081100000, 0x0000000081100000| Untracked 
|  18|0x0000000081200000, 0x0000000081200000, 0x0000000081300000|  0%| F|  |TAMS 0x0000000081200000, 0x0000000081200000| Untracked 
|  19|0x0000000081300000, 0x0000000081300000, 0x0000000081400000|  0%| F|  |TAMS 0x0000000081300000, 0x0000000081300000| Untracked 
|  20|0x0000000081400000, 0x0000000081400000, 0x0000000081500000|  0%| F|  |TAMS 0x0000000081400000, 0x0000000081400000| Untracked 
|  21|0x0000000081500000, 0x0000000081500000, 0x0000000081600000|  0%| F|  |TAMS 0x0000000081500000, 0x0000000081500000| Untracked 
|  22|0x0000000081600000, 0x0000000081600000, 0x0000000081700000|  0%| F|  |TAMS 0x0000000081600000, 0x0000000081600000| Untracked 
|  23|0x0000000081700000, 0x0000000081700000, 0x0000000081800000|  0%| F|  |TAMS 0x0000000081700000, 0x0000000081700000| Untracked 
|  24|0x0000000081800000, 0x0000000081800000, 0x0000000081900000|  0%| F|  |TAMS 0x0000000081800000, 0x0000000081800000| Untracked 
|  25|0x0000000081900000, 0x0000000081900000, 0x0000000081a00000|  0%| F|  |TAMS 0x0000000081900000, 0x0000000081900000| Untracked 
|  26|0x0000000081a00000, 0x0000000081a00000, 0x0000000081b00000|  0%| F|  |TAMS 0x0000000081a00000, 0x0000000081a00000| Untracked 
|  27|0x0000000081b00000, 0x0000000081b00000, 0x0000000081c00000|  0%| F|  |TAMS 0x0000000081b00000, 0x0000000081b00000| Untracked 
|  28|0x0000000081c00000, 0x0000000081c00000, 0x0000000081d00000|  0%| F|  |TAMS 0x0000000081c00000, 0x0000000081c00000| Untracked 
|  29|0x0000000081d00000, 0x0000000081d00000, 0x0000000081e00000|  0%| F|  |TAMS 0x0000000081d00000, 0x0000000081d00000| Untracked 
|  30|0x0000000081e00000, 0x0000000081e00000, 0x0000000081f00000|  0%| F|  |TAMS 0x0000000081e00000, 0x0000000081e00000| Untracked 
|  31|0x0000000081f00000, 0x0000000081f00000, 0x0000000082000000|  0%| F|  |TAMS 0x0000000081f00000, 0x0000000081f00000| Untracked 
|  32|0x0000000082000000, 0x0000000082000000, 0x0000000082100000|  0%| F|  |TAMS 0x0000000082000000, 0x0000000082000000| Untracked 
|  33|0x0000000082100000, 0x0000000082100000, 0x0000000082200000|  0%| F|  |TAMS 0x0000000082100000, 0x0000000082100000| Untracked 
|  34|0x0000000082200000, 0x0000000082200000, 0x0000000082300000|  0%| F|  |TAMS 0x0000000082200000, 0x0000000082200000| Untracked 
|  35|0x0000000082300000, 0x0000000082300000, 0x0000000082400000|  0%| F|  |TAMS 0x0000000082300000, 0x0000000082300000| Untracked 
|  36|0x0000000082400000, 0x0000000082400000, 0x0000000082500000|  0%| F|  |TAMS 0x0000000082400000, 0x0000000082400000| Untracked 
|  37|0x0000000082500000, 0x0000000082500000, 0x0000000082600000|  0%| F|  |TAMS 0x0000000082500000, 0x0000000082500000| Untracked 
|  38|0x0000000082600000, 0x0000000082600000, 0x0000000082700000|  0%| F|  |TAMS 0x0000000082600000, 0x0000000082600000| Untracked 
|  39|0x0000000082700000, 0x0000000082700000, 0x0000000082800000|  0%| F|  |TAMS 0x0000000082700000, 0x0000000082700000| Untracked 
|  40|0x0000000082800000, 0x0000000082800000, 0x0000000082900000|  0%| F|  |TAMS 0x0000000082800000, 0x0000000082800000| Untracked 
|  41|0x0000000082900000, 0x0000000082900000, 0x0000000082a00000|  0%| F|  |TAMS 0x0000000082900000, 0x0000000082900000| Untracked 
|  42|0x0000000082a00000, 0x0000000082a00000, 0x0000000082b00000|  0%| F|  |TAMS 0x0000000082a00000, 0x0000000082a00000| Untracked 
|  43|0x0000000082b00000, 0x0000000082b00000, 0x0000000082c00000|  0%| F|  |TAMS 0x0000000082b00000, 0x0000000082b00000| Untracked 
|  44|0x0000000082c00000, 0x0000000082c00000, 0x0000000082d00000|  0%| F|  |TAMS 0x0000000082c00000, 0x0000000082c00000| Untracked 
|  45|0x0000000082d00000, 0x0000000082d00000, 0x0000000082e00000|  0%| F|  |TAMS 0x0000000082d00000, 0x0000000082d00000| Untracked 
|  46|0x0000000082e00000, 0x0000000082e00000, 0x0000000082f00000|  0%| F|  |TAMS 0x0000000082e00000, 0x0000000082e00000| Untracked 
|  47|0x0000000082f00000, 0x0000000082f00000, 0x0000000083000000|  0%| F|  |TAMS 0x0000000082f00000, 0x0000000082f00000| Untracked 
|  48|0x0000000083000000, 0x0000000083000000, 0x0000000083100000|  0%| F|  |TAMS 0x0000000083000000, 0x0000000083000000| Untracked 
|  49|0x0000000083100000, 0x0000000083100000, 0x0000000083200000|  0%| F|  |TAMS 0x0000000083100000, 0x0000000083100000| Untracked 
|  50|0x0000000083200000, 0x0000000083200000, 0x0000000083300000|  0%| F|  |TAMS 0x0000000083200000, 0x0000000083200000| Untracked 
|  51|0x0000000083300000, 0x0000000083300000, 0x0000000083400000|  0%| F|  |TAMS 0x0000000083300000, 0x0000000083300000| Untracked 
|  52|0x0000000083400000, 0x0000000083400000, 0x0000000083500000|  0%| F|  |TAMS 0x0000000083400000, 0x0000000083400000| Untracked 
|  53|0x0000000083500000, 0x0000000083500000, 0x0000000083600000|  0%| F|  |TAMS 0x0000000083500000, 0x0000000083500000| Untracked 
|  54|0x0000000083600000, 0x0000000083600000, 0x0000000083700000|  0%| F|  |TAMS 0x0000000083600000, 0x0000000083600000| Untracked 
|  55|0x0000000083700000, 0x0000000083700000, 0x0000000083800000|  0%| F|  |TAMS 0x0000000083700000, 0x0000000083700000| Untracked 
|  56|0x0000000083800000, 0x0000000083800000, 0x0000000083900000|  0%| F|  |TAMS 0x0000000083800000, 0x0000000083800000| Untracked 
|  57|0x0000000083900000, 0x0000000083900000, 0x0000000083a00000|  0%| F|  |TAMS 0x0000000083900000, 0x0000000083900000| Untracked 
|  58|0x0000000083a00000, 0x0000000083a00000, 0x0000000083b00000|  0%| F|  |TAMS 0x0000000083a00000, 0x0000000083a00000| Untracked 
|  59|0x0000000083b00000, 0x0000000083b00000, 0x0000000083c00000|  0%| F|  |TAMS 0x0000000083b00000, 0x0000000083b00000| Untracked 
|  60|0x0000000083c00000, 0x0000000083c00000, 0x0000000083d00000|  0%| F|  |TAMS 0x0000000083c00000, 0x0000000083c00000| Untracked 
|  61|0x0000000083d00000, 0x0000000083d00000, 0x0000000083e00000|  0%| F|  |TAMS 0x0000000083d00000, 0x0000000083d00000| Untracked 
|  62|0x0000000083e00000, 0x0000000083e00000, 0x0000000083f00000|  0%| F|  |TAMS 0x0000000083e00000, 0x0000000083e00000| Untracked 
|  63|0x0000000083f00000, 0x0000000083f00000, 0x0000000084000000|  0%| F|  |TAMS 0x0000000083f00000, 0x0000000083f00000| Untracked 
|  64|0x0000000084000000, 0x0000000084000000, 0x0000000084100000|  0%| F|  |TAMS 0x0000000084000000, 0x0000000084000000| Untracked 
|  65|0x0000000084100000, 0x0000000084100000, 0x0000000084200000|  0%| F|  |TAMS 0x0000000084100000, 0x0000000084100000| Untracked 
|  66|0x0000000084200000, 0x0000000084200000, 0x0000000084300000|  0%| F|  |TAMS 0x0000000084200000, 0x0000000084200000| Untracked 
|  67|0x0000000084300000, 0x0000000084300000, 0x0000000084400000|  0%| F|  |TAMS 0x0000000084300000, 0x0000000084300000| Untracked 
|  68|0x0000000084400000, 0x0000000084400000, 0x0000000084500000|  0%| F|  |TAMS 0x0000000084400000, 0x0000000084400000| Untracked 
|  69|0x0000000084500000, 0x0000000084500000, 0x0000000084600000|  0%| F|  |TAMS 0x0000000084500000, 0x0000000084500000| Untracked 
|  70|0x0000000084600000, 0x0000000084600000, 0x0000000084700000|  0%| F|  |TAMS 0x0000000084600000, 0x0000000084600000| Untracked 
|  71|0x0000000084700000, 0x0000000084700000, 0x0000000084800000|  0%| F|  |TAMS 0x0000000084700000, 0x0000000084700000| Untracked 
|  72|0x0000000084800000, 0x00000000848aad00, 0x0000000084900000| 66%| S|CS|TAMS 0x0000000084800000, 0x0000000084800000| Complete 
|  73|0x0000000084900000, 0x0000000084a00000, 0x0000000084a00000|100%| S|CS|TAMS 0x0000000084900000, 0x0000000084900000| Complete 
|  74|0x0000000084a00000, 0x0000000084b00000, 0x0000000084b00000|100%| S|CS|TAMS 0x0000000084a00000, 0x0000000084a00000| Complete 
|  75|0x0000000084b00000, 0x0000000084b00000, 0x0000000084c00000|  0%| F|  |TAMS 0x0000000084b00000, 0x0000000084b00000| Untracked 
|  76|0x0000000084c00000, 0x0000000084c00000, 0x0000000084d00000|  0%| F|  |TAMS 0x0000000084c00000, 0x0000000084c00000| Untracked 
|  77|0x0000000084d00000, 0x0000000084d00000, 0x0000000084e00000|  0%| F|  |TAMS 0x0000000084d00000, 0x0000000084d00000| Untracked 
|  78|0x0000000084e00000, 0x0000000084e00000, 0x0000000084f00000|  0%| F|  |TAMS 0x0000000084e00000, 0x0000000084e00000| Untracked 
|  79|0x0000000084f00000, 0x0000000084f00000, 0x0000000085000000|  0%| F|  |TAMS 0x0000000084f00000, 0x0000000084f00000| Untracked 
|  80|0x0000000085000000, 0x0000000085000000, 0x0000000085100000|  0%| F|  |TAMS 0x0000000085000000, 0x0000000085000000| Untracked 
|  81|0x0000000085100000, 0x0000000085100000, 0x0000000085200000|  0%| F|  |TAMS 0x0000000085100000, 0x0000000085100000| Untracked 
|  82|0x0000000085200000, 0x0000000085200000, 0x0000000085300000|  0%| F|  |TAMS 0x0000000085200000, 0x0000000085200000| Untracked 
|  83|0x0000000085300000, 0x0000000085300000, 0x0000000085400000|  0%| F|  |TAMS 0x0000000085300000, 0x0000000085300000| Untracked 
|  84|0x0000000085400000, 0x0000000085400000, 0x0000000085500000|  0%| F|  |TAMS 0x0000000085400000, 0x0000000085400000| Untracked 
|  85|0x0000000085500000, 0x0000000085500000, 0x0000000085600000|  0%| F|  |TAMS 0x0000000085500000, 0x0000000085500000| Untracked 
|  86|0x0000000085600000, 0x0000000085600000, 0x0000000085700000|  0%| F|  |TAMS 0x0000000085600000, 0x0000000085600000| Untracked 
|  87|0x0000000085700000, 0x0000000085700000, 0x0000000085800000|  0%| F|  |TAMS 0x0000000085700000, 0x0000000085700000| Untracked 
|  88|0x0000000085800000, 0x0000000085800000, 0x0000000085900000|  0%| F|  |TAMS 0x0000000085800000, 0x0000000085800000| Untracked 
|  89|0x0000000085900000, 0x0000000085900000, 0x0000000085a00000|  0%| F|  |TAMS 0x0000000085900000, 0x0000000085900000| Untracked 
|  90|0x0000000085a00000, 0x0000000085a00000, 0x0000000085b00000|  0%| F|  |TAMS 0x0000000085a00000, 0x0000000085a00000| Untracked 
|  91|0x0000000085b00000, 0x0000000085b00000, 0x0000000085c00000|  0%| F|  |TAMS 0x0000000085b00000, 0x0000000085b00000| Untracked 
|  92|0x0000000085c00000, 0x0000000085c00000, 0x0000000085d00000|  0%| F|  |TAMS 0x0000000085c00000, 0x0000000085c00000| Untracked 
|  93|0x0000000085d00000, 0x0000000085d00000, 0x0000000085e00000|  0%| F|  |TAMS 0x0000000085d00000, 0x0000000085d00000| Untracked 
|  94|0x0000000085e00000, 0x0000000085e00000, 0x0000000085f00000|  0%| F|  |TAMS 0x0000000085e00000, 0x0000000085e00000| Untracked 
|  95|0x0000000085f00000, 0x0000000085f00000, 0x0000000086000000|  0%| F|  |TAMS 0x0000000085f00000, 0x0000000085f00000| Untracked 
|  96|0x0000000086000000, 0x0000000086000000, 0x0000000086100000|  0%| F|  |TAMS 0x0000000086000000, 0x0000000086000000| Untracked 
|  97|0x0000000086100000, 0x0000000086100000, 0x0000000086200000|  0%| F|  |TAMS 0x0000000086100000, 0x0000000086100000| Untracked 
|  98|0x0000000086200000, 0x0000000086200000, 0x0000000086300000|  0%| F|  |TAMS 0x0000000086200000, 0x0000000086200000| Untracked 
|  99|0x0000000086300000, 0x0000000086300000, 0x0000000086400000|  0%| F|  |TAMS 0x0000000086300000, 0x0000000086300000| Untracked 
| 100|0x0000000086400000, 0x0000000086400000, 0x0000000086500000|  0%| F|  |TAMS 0x0000000086400000, 0x0000000086400000| Untracked 
| 101|0x0000000086500000, 0x0000000086500000, 0x0000000086600000|  0%| F|  |TAMS 0x0000000086500000, 0x0000000086500000| Untracked 
| 102|0x0000000086600000, 0x0000000086600000, 0x0000000086700000|  0%| F|  |TAMS 0x0000000086600000, 0x0000000086600000| Untracked 
| 103|0x0000000086700000, 0x0000000086700000, 0x0000000086800000|  0%| F|  |TAMS 0x0000000086700000, 0x0000000086700000| Untracked 
| 104|0x0000000086800000, 0x0000000086800000, 0x0000000086900000|  0%| F|  |TAMS 0x0000000086800000, 0x0000000086800000| Untracked 
| 105|0x0000000086900000, 0x0000000086900000, 0x0000000086a00000|  0%| F|  |TAMS 0x0000000086900000, 0x0000000086900000| Untracked 
| 106|0x0000000086a00000, 0x0000000086a00000, 0x0000000086b00000|  0%| F|  |TAMS 0x0000000086a00000, 0x0000000086a00000| Untracked 
| 107|0x0000000086b00000, 0x0000000086b00000, 0x0000000086c00000|  0%| F|  |TAMS 0x0000000086b00000, 0x0000000086b00000| Untracked 
| 108|0x0000000086c00000, 0x0000000086c00000, 0x0000000086d00000|  0%| F|  |TAMS 0x0000000086c00000, 0x0000000086c00000| Untracked 
| 109|0x0000000086d00000, 0x0000000086d00000, 0x0000000086e00000|  0%| F|  |TAMS 0x0000000086d00000, 0x0000000086d00000| Untracked 
| 110|0x0000000086e00000, 0x0000000086e00000, 0x0000000086f00000|  0%| F|  |TAMS 0x0000000086e00000, 0x0000000086e00000| Untracked 
| 111|0x0000000086f00000, 0x0000000086f00000, 0x0000000087000000|  0%| F|  |TAMS 0x0000000086f00000, 0x0000000086f00000| Untracked 
| 112|0x0000000087000000, 0x0000000087000000, 0x0000000087100000|  0%| F|  |TAMS 0x0000000087000000, 0x0000000087000000| Untracked 
| 113|0x0000000087100000, 0x0000000087100000, 0x0000000087200000|  0%| F|  |TAMS 0x0000000087100000, 0x0000000087100000| Untracked 
| 114|0x0000000087200000, 0x0000000087200000, 0x0000000087300000|  0%| F|  |TAMS 0x0000000087200000, 0x0000000087200000| Untracked 
| 115|0x0000000087300000, 0x0000000087300000, 0x0000000087400000|  0%| F|  |TAMS 0x0000000087300000, 0x0000000087300000| Untracked 
| 116|0x0000000087400000, 0x0000000087400000, 0x0000000087500000|  0%| F|  |TAMS 0x0000000087400000, 0x0000000087400000| Untracked 
| 117|0x0000000087500000, 0x0000000087500000, 0x0000000087600000|  0%| F|  |TAMS 0x0000000087500000, 0x0000000087500000| Untracked 
| 118|0x0000000087600000, 0x0000000087600000, 0x0000000087700000|  0%| F|  |TAMS 0x0000000087600000, 0x0000000087600000| Untracked 
| 119|0x0000000087700000, 0x0000000087700000, 0x0000000087800000|  0%| F|  |TAMS 0x0000000087700000, 0x0000000087700000| Untracked 
| 120|0x0000000087800000, 0x0000000087800000, 0x0000000087900000|  0%| F|  |TAMS 0x0000000087800000, 0x0000000087800000| Untracked 
| 121|0x0000000087900000, 0x0000000087900000, 0x0000000087a00000|  0%| F|  |TAMS 0x0000000087900000, 0x0000000087900000| Untracked 
| 122|0x0000000087a00000, 0x0000000087a00000, 0x0000000087b00000|  0%| F|  |TAMS 0x0000000087a00000, 0x0000000087a00000| Untracked 
| 123|0x0000000087b00000, 0x0000000087c00000, 0x0000000087c00000|100%| E|  |TAMS 0x0000000087b00000, 0x0000000087b00000| Complete 
| 124|0x0000000087c00000, 0x0000000087d00000, 0x0000000087d00000|100%| E|CS|TAMS 0x0000000087c00000, 0x0000000087c00000| Complete 
| 125|0x0000000087d00000, 0x0000000087e00000, 0x0000000087e00000|100%| E|CS|TAMS 0x0000000087d00000, 0x0000000087d00000| Complete 
| 126|0x0000000087e00000, 0x0000000087f00000, 0x0000000087f00000|100%| E|CS|TAMS 0x0000000087e00000, 0x0000000087e00000| Complete 
| 127|0x0000000087f00000, 0x0000000088000000, 0x0000000088000000|100%| E|CS|TAMS 0x0000000087f00000, 0x0000000087f00000| Complete 

Card table byte_map: [0x0000029875f90000,0x0000029876390000] _byte_map_base: 0x0000029875b90000

Marking Bits (Prev, Next): (CMBitMap*) 0x00000298630bfc60, (CMBitMap*) 0x00000298630bfc28
 Prev Bits: [0x0000029878790000, 0x000002987a790000)
 Next Bits: [0x0000029876790000, 0x0000029878790000)

Polling page: 0x0000029860fe0000

Metaspace:

Usage:
  Non-class:     23.01 MB capacity,    22.65 MB ( 98%) used,   316.18 KB (  1%) free+waste,    51.31 KB ( <1%) overhead. 
      Class:      3.61 MB capacity,     3.39 MB ( 94%) used,   202.70 KB (  5%) free+waste,    25.88 KB ( <1%) overhead. 
       Both:     26.63 MB capacity,    26.04 MB ( 98%) used,   518.88 KB (  2%) free+waste,    77.19 KB ( <1%) overhead. 

Virtual space:
  Non-class space:       24.00 MB reserved,      23.25 MB ( 97%) committed 
      Class space:        1.00 GB reserved,       3.63 MB ( <1%) committed 
             Both:        1.02 GB reserved,      26.88 MB (  3%) committed 

Chunk freelists:
   Non-Class:  52.00 KB
       Class:  11.00 KB
        Both:  63.00 KB

MaxMetaspaceSize: 17179869184.00 GB
CompressedClassSpaceSize: 1.00 GB
Initial GC threshold: 20.80 MB
Current GC threshold: 35.00 MB
CDS: off

CodeHeap 'non-profiled nmethods': size=120064Kb used=1250Kb max_used=1250Kb free=118813Kb
 bounds [0x000002986e650000, 0x000002986e8c0000, 0x0000029875b90000]
CodeHeap 'profiled nmethods': size=120000Kb used=4899Kb max_used=4899Kb free=115100Kb
 bounds [0x0000029867120000, 0x00000298675f0000, 0x000002986e650000]
CodeHeap 'non-nmethods': size=5696Kb used=1230Kb max_used=1271Kb free=4465Kb
 bounds [0x0000029866b90000, 0x0000029866e00000, 0x0000029867120000]
 total_blobs=2801 nmethods=2299 adapters=414
 compilation: enabled
              stopped_count=0, restarted_count=0
 full_count=0

Compilation events (20 events):
Event: 4.292 Thread 0x000002987cca8000 2285       3       java.lang.Byte::hashCode (8 bytes)
Event: 4.292 Thread 0x000002987cca8000 nmethod 2285 0x00000298675d6a90 code [0x00000298675d6c40, 0x00000298675d6d98]
Event: 4.292 Thread 0x000002987cca8000 2286       3       java.lang.Byte::hashCode (2 bytes)
Event: 4.292 Thread 0x000002987cca8000 nmethod 2286 0x00000298675d6e90 code [0x00000298675d7040, 0x00000298675d7118]
Event: 4.297 Thread 0x000002987cca8000 2289       3       jdk.internal.org.objectweb.asm.ClassWriter::<init> (117 bytes)
Event: 4.297 Thread 0x000002987cca8000 nmethod 2289 0x00000298675d7190 code [0x00000298675d7420, 0x00000298675d8048]
Event: 4.297 Thread 0x000002987cca8000 2291       3       jdk.internal.org.objectweb.asm.ClassWriter::visit (121 bytes)
Event: 4.298 Thread 0x000002987cca8000 nmethod 2291 0x00000298675d8310 code [0x00000298675d8540, 0x00000298675d8c98]
Event: 4.298 Thread 0x000002987cca8000 2290       3       jdk.internal.org.objectweb.asm.ClassVisitor::<init> (7 bytes)
Event: 4.298 Thread 0x000002987cca8000 nmethod 2290 0x00000298675d9010 code [0x00000298675d91e0, 0x00000298675d9508]
Event: 4.298 Thread 0x000002987cca8000 2292       3       java.lang.invoke.AbstractValidatingLambdaMetafactory::isAdaptableTo (126 bytes)
Event: 4.299 Thread 0x000002987cca8000 nmethod 2292 0x00000298675d9610 code [0x00000298675d98a0, 0x00000298675da248]
Event: 4.299 Thread 0x000002987cca8000 2293       3       jdk.internal.org.objectweb.asm.MethodWriter::put (1602 bytes)
Event: 4.303 Thread 0x000002987cca8000 nmethod 2293 0x00000298675da610 code [0x00000298675daee0, 0x00000298675de178]
Event: 4.304 Thread 0x000002987cca8000 2294   !   3       java.lang.invoke.MethodHandleNatives::linkMethodHandleConstant (50 bytes)
Event: 4.304 Thread 0x000002987cca8000 nmethod 2294 0x00000298675df790 code [0x00000298675df960, 0x00000298675dfb48]
Event: 4.304 Thread 0x000002987cca8000 2295       3       java.lang.invoke.MethodHandles$Lookup::linkMethodHandleConstant (220 bytes)
Event: 4.306 Thread 0x000002987cca8000 nmethod 2295 0x00000298675dfd10 code [0x00000298675e0100, 0x00000298675e1c98]
Event: 4.307 Thread 0x000002987eb17000 2297       4       jdk.internal.org.objectweb.asm.ByteVector::put12 (64 bytes)
Event: 4.308 Thread 0x000002987cca8000 2298       3       sun.invoke.util.BytecodeDescriptor::unparseMethod (66 bytes)

GC Heap History (12 events):
Event: 0.797 GC heap before
{Heap before GC invocations=0 (full 0):
 garbage-first heap   total 131072K, used 20480K [0x0000000080000000, 0x0000000100000000)
  region size 1024K, 14 young (14336K), 0 survivors (0K)
 Metaspace       used 6740K, capacity 6921K, committed 7168K, reserved 1056768K
  class space    used 582K, capacity 650K, committed 768K, reserved 1048576K
}
Event: 0.810 GC heap after
{Heap after GC invocations=1 (full 0):
 garbage-first heap   total 131072K, used 7877K [0x0000000080000000, 0x0000000100000000)
  region size 1024K, 2 young (2048K), 2 survivors (2048K)
 Metaspace       used 6740K, capacity 6921K, committed 7168K, reserved 1056768K
  class space    used 582K, capacity 650K, committed 768K, reserved 1048576K
}
Event: 1.298 GC heap before
{Heap before GC invocations=1 (full 0):
 garbage-first heap   total 131072K, used 20165K [0x0000000080000000, 0x0000000100000000)
  region size 1024K, 14 young (14336K), 2 survivors (2048K)
 Metaspace       used 9921K, capacity 10178K, committed 10368K, reserved 1058816K
  class space    used 1027K, capacity 1102K, committed 1152K, reserved 1048576K
}
Event: 1.302 GC heap after
{Heap after GC invocations=2 (full 0):
 garbage-first heap   total 131072K, used 9452K [0x0000000080000000, 0x0000000100000000)
  region size 1024K, 2 young (2048K), 2 survivors (2048K)
 Metaspace       used 9921K, capacity 10178K, committed 10368K, reserved 1058816K
  class space    used 1027K, capacity 1102K, committed 1152K, reserved 1048576K
}
Event: 1.749 GC heap before
{Heap before GC invocations=2 (full 0):
 garbage-first heap   total 131072K, used 40172K [0x0000000080000000, 0x0000000100000000)
  region size 1024K, 32 young (32768K), 2 survivors (2048K)
 Metaspace       used 10855K, capacity 11069K, committed 11264K, reserved 1058816K
  class space    used 1130K, capacity 1207K, committed 1280K, reserved 1048576K
}
Event: 1.753 GC heap after
{Heap after GC invocations=3 (full 0):
 garbage-first heap   total 131072K, used 11549K [0x0000000080000000, 0x0000000100000000)
  region size 1024K, 4 young (4096K), 4 survivors (4096K)
 Metaspace       used 10855K, capacity 11069K, committed 11264K, reserved 1058816K
  class space    used 1130K, capacity 1207K, committed 1280K, reserved 1048576K
}
Event: 3.076 GC heap before
{Heap before GC invocations=3 (full 0):
 garbage-first heap   total 131072K, used 59677K [0x0000000080000000, 0x0000000100000000)
  region size 1024K, 51 young (52224K), 4 survivors (4096K)
 Metaspace       used 18684K, capacity 19036K, committed 19328K, reserved 1067008K
  class space    used 2237K, capacity 2374K, committed 2432K, reserved 1048576K
}
Event: 3.085 GC heap after
{Heap after GC invocations=4 (full 0):
 garbage-first heap   total 131072K, used 16627K [0x0000000080000000, 0x0000000100000000)
  region size 1024K, 7 young (7168K), 7 survivors (7168K)
 Metaspace       used 18684K, capacity 19036K, committed 19328K, reserved 1067008K
  class space    used 2237K, capacity 2374K, committed 2432K, reserved 1048576K
}
Event: 3.303 GC heap before
{Heap before GC invocations=4 (full 0):
 garbage-first heap   total 131072K, used 37107K [0x0000000080000000, 0x0000000100000000)
  region size 1024K, 28 young (28672K), 7 survivors (7168K)
 Metaspace       used 20758K, capacity 21134K, committed 21248K, reserved 1067008K
  class space    used 2549K, capacity 2711K, committed 2816K, reserved 1048576K
}
Event: 3.309 GC heap after
{Heap after GC invocations=5 (full 0):
 garbage-first heap   total 131072K, used 17654K [0x0000000080000000, 0x0000000100000000)
  region size 1024K, 5 young (5120K), 5 survivors (5120K)
 Metaspace       used 20758K, capacity 21134K, committed 21248K, reserved 1067008K
  class space    used 2549K, capacity 2711K, committed 2816K, reserved 1048576K
}
Event: 4.219 GC heap before
{Heap before GC invocations=6 (full 0):
 garbage-first heap   total 131072K, used 66806K [0x0000000080000000, 0x0000000100000000)
  region size 1024K, 53 young (54272K), 5 survivors (5120K)
 Metaspace       used 26031K, capacity 26517K, committed 26624K, reserved 1073152K
  class space    used 3364K, capacity 3553K, committed 3584K, reserved 1048576K
}
Event: 4.228 GC heap after
{Heap after GC invocations=7 (full 0):
 garbage-first heap   total 131072K, used 19424K [0x0000000080000000, 0x0000000100000000)
  region size 1024K, 3 young (3072K), 3 survivors (3072K)
 Metaspace       used 26031K, capacity 26517K, committed 26624K, reserved 1073152K
  class space    used 3364K, capacity 3553K, committed 3584K, reserved 1048576K
}

Deoptimization events (20 events):
Event: 3.405 Thread 0x000002987ec78000 Uncommon trap: trap_request=0xffffff4d fr.pc=0x000002986e741c98 relative=0x0000000000000398
Event: 3.405 Thread 0x000002987ec78000 Uncommon trap: reason=unstable_if action=reinterpret pc=0x000002986e741c98 method=jdk.internal.org.objectweb.asm.Type.getArgumentsAndReturnSizes(Ljava/lang/String;)I @ 88 c2
Event: 3.405 Thread 0x000002987ec78000 DEOPT PACKING pc=0x000002986e741c98 sp=0x000000eaf0ff9a50
Event: 3.405 Thread 0x000002987ec78000 DEOPT UNPACKING pc=0x0000029866bda1af sp=0x000000eaf0ff99d8 mode 2
Event: 3.415 Thread 0x000002987ec78000 Uncommon trap: trap_request=0xffffffcc fr.pc=0x000002986e74b1f8 relative=0x00000000000002b8
Event: 3.415 Thread 0x000002987ec78000 Uncommon trap: reason=intrinsic_or_type_checked_inlining action=make_not_entrant pc=0x000002986e74b1f8 method=java.util.Arrays.copyOf([Ljava/lang/Object;ILjava/lang/Class;)[Ljava/lang/Object; @ 35 c2
Event: 3.415 Thread 0x000002987ec78000 DEOPT PACKING pc=0x000002986e74b1f8 sp=0x000000eaf0ffbb40
Event: 3.415 Thread 0x000002987ec78000 DEOPT UNPACKING pc=0x0000029866bda1af sp=0x000000eaf0ffbad0 mode 2
Event: 3.719 Thread 0x000002987ec78000 Uncommon trap: trap_request=0xffffff4d fr.pc=0x000002986e6a5efc relative=0x000000000000023c
Event: 3.719 Thread 0x000002987ec78000 Uncommon trap: reason=unstable_if action=reinterpret pc=0x000002986e6a5efc method=java.util.concurrent.ConcurrentHashMap.get(Ljava/lang/Object;)Ljava/lang/Object; @ 76 c2
Event: 3.719 Thread 0x000002987ec78000 DEOPT PACKING pc=0x000002986e6a5efc sp=0x000000eaf0ff9ba0
Event: 3.719 Thread 0x000002987ec78000 DEOPT UNPACKING pc=0x0000029866bda1af sp=0x000000eaf0ff9b08 mode 2
Event: 4.235 Thread 0x000002987ec78000 Uncommon trap: trap_request=0xffffff7e fr.pc=0x000002986e780310 relative=0x0000000000000150
Event: 4.235 Thread 0x000002987ec78000 Uncommon trap: reason=predicate action=maybe_recompile pc=0x000002986e780310 method=com.google.common.base.CharMatcher.indexIn(Ljava/lang/CharSequence;I)I @ 19 c2
Event: 4.235 Thread 0x000002987ec78000 DEOPT PACKING pc=0x000002986e780310 sp=0x000000eaf0ffb890
Event: 4.235 Thread 0x000002987ec78000 DEOPT UNPACKING pc=0x0000029866bda1af sp=0x000000eaf0ffb820 mode 2
Event: 4.256 Thread 0x000002987ec78000 Uncommon trap: trap_request=0xffffff4d fr.pc=0x000002986e7046ac relative=0x00000000000013ec
Event: 4.256 Thread 0x000002987ec78000 Uncommon trap: reason=unstable_if action=reinterpret pc=0x000002986e7046ac method=java.util.concurrent.ConcurrentHashMap.putVal(Ljava/lang/Object;Ljava/lang/Object;Z)Ljava/lang/Object; @ 231 c2
Event: 4.256 Thread 0x000002987ec78000 DEOPT PACKING pc=0x000002986e7046ac sp=0x000000eaf0ffcb10
Event: 4.256 Thread 0x000002987ec78000 DEOPT UNPACKING pc=0x0000029866bda1af sp=0x000000eaf0ffca90 mode 2

Classes redefined (0 events):
No events

Internal exceptions (20 events):
Event: 2.914 Thread 0x000002987ec78000 Exception <a 'java/lang/NoSuchMethodError'{0x00000000859dbed0}: 'long java.lang.invoke.DirectMethodHandle$Holder.invokeInterface(java.lang.Object, java.lang.Object)'> (0x00000000859dbed0) thrown at [./src/hotspot/share/interpreter/linkResolver.cpp, line 773]
Event: 2.916 Thread 0x000002987ec78000 Exception <a 'java/lang/NoSuchMethodError'{0x00000000859e8f70}: 'void java.lang.invoke.DelegatingMethodHandle$Holder.reinvoke_L(java.lang.Object, java.lang.Object, java.lang.Object, java.lang.Object, java.lang.Object, java.lang.Object, java.lang.Object)'> (0x00000000859e8f70) thrown at [./src/hotspot/share/interpreter/linkResolver.cpp, line 773]
Event: 3.226 Thread 0x000002987ec78000 Exception <a 'java/lang/NoSuchMethodError'{0x00000000871c0b88}: 'void java.lang.invoke.DirectMethodHandle$Holder.invokeStaticInit(java.lang.Object)'> (0x00000000871c0b88) thrown at [./src/hotspot/share/interpreter/linkResolver.cpp, line 773]
Event: 3.236 Thread 0x000002987ec78000 Exception <a 'java/lang/NoSuchMethodError'{0x000000008706e440}: 'java.lang.Object java.lang.invoke.DirectMethodHandle$Holder.invokeStatic(java.lang.Object, java.lang.Object, java.lang.Object, int)'> (0x000000008706e440) thrown at [./src/hotspot/share/interpreter/linkResolver.cpp, line 773]
Event: 3.236 Thread 0x000002987ec78000 Exception <a 'java/lang/NoSuchMethodError'{0x00000000870ab2d8}: 'java.lang.Object java.lang.invoke.DirectMethodHandle$Holder.invokeSpecial(java.lang.Object, java.lang.Object, java.lang.Object, java.lang.Object, int)'> (0x00000000870ab2d8) thrown at [./src/hotspot/share/interpreter/linkResolver.cpp, line 773]
Event: 3.236 Thread 0x000002987ec78000 Exception <a 'java/lang/NoSuchMethodError'{0x00000000870af210}: 'java.lang.Object java.lang.invoke.Invokers$Holder.linkToTargetMethod(java.lang.Object, java.lang.Object, int, java.lang.Object)'> (0x00000000870af210) thrown at [./src/hotspot/share/interpreter/linkResolver.cpp, line 773]
Event: 3.343 Thread 0x000002987ec78000 Exception <a 'java/lang/NoSuchMethodError'{0x0000000087ecdd70}: 'int java.lang.invoke.DirectMethodHandle$Holder.invokeSpecialIFC(java.lang.Object, java.lang.Object, java.lang.Object, java.lang.Object)'> (0x0000000087ecdd70) thrown at [./src/hotspot/share/interpreter/linkResolver.cpp, line 773]
Event: 3.346 Thread 0x000002987ec78000 Exception <a 'java/lang/NoSuchMethodError'{0x0000000087edbfb8}: 'java.lang.Object java.lang.invoke.DirectMethodHandle$Holder.invokeInterface(java.lang.Object, java.lang.Object, java.lang.Object)'> (0x0000000087edbfb8) thrown at [./src/hotspot/share/interpreter/linkResolver.cpp, line 773]
Event: 3.346 Thread 0x000002987ec78000 Exception <a 'java/lang/IncompatibleClassChangeError'{0x0000000087edf490}: Found class java.lang.Object, but interface was expected> (0x0000000087edf490) thrown at [./src/hotspot/share/interpreter/linkResolver.cpp, line 839]
Event: 3.508 Thread 0x000002987ec78000 Exception <a 'java/lang/NoSuchMethodError'{0x000000008722c6e8}: 'java.lang.Object java.lang.invoke.DirectMethodHandle$Holder.invokeSpecial(java.lang.Object, java.lang.Object, java.lang.Object, java.lang.Object, java.lang.Object, java.lang.Object, java.lang.Object, java.lang.Object, java.lang.Object)'> (0x000000008722c6e8) thrown at [./src/hotspot/share/interpreter/linkResolver.cpp, line 773]
Event: 3.630 Thread 0x000002987ec78000 Exception <a 'java/lang/NoSuchMethodError'{0x0000000086484e10}: 'java.lang.Object java.lang.invoke.DirectMethodHandle$Holder.invokeVirtual(java.lang.Object, java.lang.Object, java.lang.Object, java.lang.Object)'> (0x0000000086484e10) thrown at [./src/hotspot/share/interpreter/linkResolver.cpp, line 773]
Event: 3.766 Thread 0x000002987ec78000 Exception <a 'java/lang/NoSuchMethodError'{0x0000000085d28e40}: 'void java.lang.invoke.DirectMethodHandle$Holder.invokeSpecial(java.lang.Object, java.lang.Object, java.lang.Object, java.lang.Object, java.lang.Object, java.lang.Object)'> (0x0000000085d28e40) thrown at [./src/hotspot/share/interpreter/linkResolver.cpp, line 773]
Event: 3.781 Thread 0x000002987ec78000 Exception <a 'java/lang/NoSuchMethodError'{0x0000000085d977b0}: 'void java.lang.invoke.DirectMethodHandle$Holder.invokeSpecial(java.lang.Object, java.lang.Object, java.lang.Object, java.lang.Object, java.lang.Object, java.lang.Object, java.lang.Object)'> (0x0000000085d977b0) thrown at [./src/hotspot/share/interpreter/linkResolver.cpp, line 773]
Event: 3.781 Thread 0x000002987ec78000 Exception <a 'java/lang/NoSuchMethodError'{0x0000000085d9fca0}: 'java.lang.Object java.lang.invoke.Invokers$Holder.linkToTargetMethod(java.lang.Object, java.lang.Object, java.lang.Object, java.lang.Object, java.lang.Object, java.lang.Object)'> (0x0000000085d9fca0) thrown at [./src/hotspot/share/interpreter/linkResolver.cpp, line 773]
Event: 3.919 Thread 0x000002987ec78000 Exception <a 'java/lang/NoSuchMethodError'{0x00000000854c1ec0}: 'int java.lang.invoke.DirectMethodHandle$Holder.invokeStaticInit(java.lang.Object, java.lang.Object, java.lang.Object)'> (0x00000000854c1ec0) thrown at [./src/hotspot/share/interpreter/linkResolver.cpp, line 773]
Event: 4.031 Thread 0x000002987ec78000 Exception <a 'java/lang/NoSuchMethodError'{0x0000000084fe50b0}: 'void java.lang.invoke.DirectMethodHandle$Holder.invokeStaticInit(java.lang.Object, java.lang.Object)'> (0x0000000084fe50b0) thrown at [./src/hotspot/share/interpreter/linkResolver.cpp, line 773]
Event: 4.283 Thread 0x000002987ec78000 Exception <a 'java/lang/NoSuchMethodError'{0x0000000087efc0b0}: 'void java.lang.invoke.DirectMethodHandle$Holder.invokeStatic(java.lang.Object, java.lang.Object, java.lang.Object, java.lang.Object)'> (0x0000000087efc0b0) thrown at [./src/hotspot/share/interpreter/linkResolver.cpp, line 773]
Event: 4.292 Thread 0x000002987ec78000 Exception <a 'java/lang/NoSuchMethodError'{0x0000000087d2bb58}: 'java.lang.Object java.lang.invoke.DirectMethodHandle$Holder.invokeVirtual(java.lang.Object, java.lang.Object, java.lang.Object)'> (0x0000000087d2bb58) thrown at [./src/hotspot/share/interpreter/linkResolver.cpp, line 773]
Event: 4.296 Thread 0x000002987ec78000 Exception <a 'java/lang/NoSuchMethodError'{0x0000000087d53fd0}: 'int java.lang.invoke.DirectMethodHandle$Holder.invokeVirtual(java.lang.Object, java.lang.Object)'> (0x0000000087d53fd0) thrown at [./src/hotspot/share/interpreter/linkResolver.cpp, line 773]
Event: 4.304 Thread 0x000002987ec78000 Exception <a 'java/lang/NoSuchMethodError'{0x0000000087dbc560}: 'int java.lang.invoke.DirectMethodHandle$Holder.invokeVirtual(java.lang.Object, java.lang.Object, java.lang.Object)'> (0x0000000087dbc560) thrown at [./src/hotspot/share/interpreter/linkResolver.cpp, line 773]

Events (20 events):
Event: 4.307 loading class com/google/common/collect/ImmutableList$Builder
Event: 4.307 loading class com/google/common/collect/ImmutableList$Builder done
Event: 4.307 loading class com/google/common/collect/ImmutableSet$Builder
Event: 4.307 loading class com/google/common/collect/ImmutableSet$Builder done
Event: 4.307 loading class com/google/common/collect/ImmutableSet$Builder
Event: 4.307 loading class com/google/common/collect/ImmutableSet$Builder done
Event: 4.307 loading class com/google/common/collect/ImmutableSet$Builder
Event: 4.307 loading class com/google/common/collect/ImmutableSet$Builder done
Event: 4.307 loading class com/google/common/collect/ImmutableSet$Builder
Event: 4.307 loading class com/google/common/collect/ImmutableSet$Builder done
Event: 4.307 loading class com/google/common/collect/ImmutableSet$Builder
Event: 4.307 loading class com/google/common/collect/ImmutableSet$Builder done
Event: 4.307 loading class com/google/common/collect/ImmutableSet$Builder
Event: 4.307 loading class com/google/common/collect/ImmutableSet$Builder done
Event: 4.308 loading class com/google/common/collect/ImmutableSet
Event: 4.308 loading class com/google/common/collect/ImmutableSet done
Event: 4.308 loading class com/google/common/collect/ImmutableSet$Builder
Event: 4.308 loading class com/google/common/collect/ImmutableSet$Builder done
Event: 4.308 loading class com/google/common/collect/ImmutableRangeSet
Event: 4.308 loading class com/google/common/collect/ImmutableRangeSet done


Dynamic libraries:
0x00007ff683b50000 - 0x00007ff683b5a000 	C:\Program Files\Android\Android Studio\jre\bin\java.exe
0x00007ffbbdce0000 - 0x00007ffbbdee9000 	C:\Windows\SYSTEM32\ntdll.dll
0x00007ffbbcd60000 - 0x00007ffbbce1d000 	C:\Windows\System32\KERNEL32.DLL
0x00007ffbbb270000 - 0x00007ffbbb5e4000 	C:\Windows\System32\KERNELBASE.dll
0x00007ffbbb7a0000 - 0x00007ffbbb8b1000 	C:\Windows\System32\ucrtbase.dll
0x00007ffb98240000 - 0x00007ffb98257000 	C:\Program Files\Android\Android Studio\jre\bin\VCRUNTIME140.dll
0x00007ffb980d0000 - 0x00007ffb980e9000 	C:\Program Files\Android\Android Studio\jre\bin\jli.dll
0x00007ffbbc530000 - 0x00007ffbbc6dc000 	C:\Windows\System32\USER32.dll
0x00007ffbbba30000 - 0x00007ffbbba56000 	C:\Windows\System32\win32u.dll
0x00007ffb94630000 - 0x00007ffb948d5000 	C:\Windows\WinSxS\amd64_microsoft.windows.common-controls_6595b64144ccf1df_6.0.22000.120_none_9d947278b86cc467\COMCTL32.dll
0x00007ffbbc8d0000 - 0x00007ffbbc8f9000 	C:\Windows\System32\GDI32.dll
0x00007ffbbda50000 - 0x00007ffbbdaf3000 	C:\Windows\System32\msvcrt.dll
0x00007ffbbba60000 - 0x00007ffbbbb72000 	C:\Windows\System32\gdi32full.dll
0x00007ffbbb1d0000 - 0x00007ffbbb26d000 	C:\Windows\System32\msvcp_win.dll
0x00007ffbbdb00000 - 0x00007ffbbdb31000 	C:\Windows\System32\IMM32.DLL
0x00007ffb3aaf0000 - 0x00007ffb3ab8d000 	C:\Program Files\Android\Android Studio\jre\bin\msvcp140.dll
0x00007ffb75430000 - 0x00007ffb75f15000 	C:\Program Files\Android\Android Studio\jre\bin\server\jvm.dll
0x00007ffbbc6e0000 - 0x00007ffbbc78e000 	C:\Windows\System32\ADVAPI32.dll
0x00007ffbbd7e0000 - 0x00007ffbbd87e000 	C:\Windows\System32\sechost.dll
0x00007ffbbcc30000 - 0x00007ffbbcd50000 	C:\Windows\System32\RPCRT4.dll
0x00007ffbbcfc0000 - 0x00007ffbbcfc8000 	C:\Windows\System32\PSAPI.DLL
0x00007ffbb8190000 - 0x00007ffbb8199000 	C:\Windows\SYSTEM32\WSOCK32.dll
0x00007ffbb1460000 - 0x00007ffbb1493000 	C:\Windows\SYSTEM32\WINMM.dll
0x00007ffbbcb30000 - 0x00007ffbbcb9f000 	C:\Windows\System32\WS2_32.dll
0x00007ffba8f90000 - 0x00007ffba8f9a000 	C:\Windows\SYSTEM32\VERSION.dll
0x00007ffbb9cb0000 - 0x00007ffbb9cc8000 	C:\Windows\SYSTEM32\kernel.appcore.dll
0x00007ffbb8170000 - 0x00007ffbb8181000 	C:\Program Files\Android\Android Studio\jre\bin\verify.dll
0x00007ffbb2a90000 - 0x00007ffbb2cb1000 	C:\Windows\SYSTEM32\DBGHELP.DLL
0x00007ffba70a0000 - 0x00007ffba70d1000 	C:\Windows\SYSTEM32\dbgcore.DLL
0x00007ffbbb660000 - 0x00007ffbbb6df000 	C:\Windows\System32\bcryptPrimitives.dll
0x00007ffbb8140000 - 0x00007ffbb8169000 	C:\Program Files\Android\Android Studio\jre\bin\java.dll
0x00007ffbb7470000 - 0x00007ffbb747b000 	C:\Program Files\Android\Android Studio\jre\bin\jimage.dll
0x00007ffbb7450000 - 0x00007ffbb7468000 	C:\Program Files\Android\Android Studio\jre\bin\zip.dll
0x00007ffbbd030000 - 0x00007ffbbd7de000 	C:\Windows\System32\SHELL32.dll
0x00007ffbb9440000 - 0x00007ffbb9ca7000 	C:\Windows\SYSTEM32\windows.storage.dll
0x00007ffbbbb80000 - 0x00007ffbbbef8000 	C:\Windows\System32\combase.dll
0x00007ffbb92d0000 - 0x00007ffbb9436000 	C:\Windows\SYSTEM32\wintypes.dll
0x00007ffbbc900000 - 0x00007ffbbc9ea000 	C:\Windows\System32\SHCORE.dll
0x00007ffbbc790000 - 0x00007ffbbc7ed000 	C:\Windows\System32\shlwapi.dll
0x00007ffbbb100000 - 0x00007ffbbb121000 	C:\Windows\SYSTEM32\profapi.dll
0x00007ffb9a9b0000 - 0x00007ffb9a9ca000 	C:\Program Files\Android\Android Studio\jre\bin\net.dll
0x00007ffbafcb0000 - 0x00007ffbafdbc000 	C:\Windows\SYSTEM32\WINHTTP.dll
0x00007ffbba7f0000 - 0x00007ffbba857000 	C:\Windows\system32\mswsock.dll
0x00007ffb9a990000 - 0x00007ffb9a9a4000 	C:\Program Files\Android\Android Studio\jre\bin\nio.dll
0x00007ffb98100000 - 0x00007ffb98127000 	C:\Users\Admin\.gradle\native\e1d6ef7f7dcc3fd88c89a11ec53ec762bb8ba0a96d01ffa2cd45eb1d1d8dd5c5\windows-amd64\native-platform.dll
0x00007ffb35960000 - 0x00007ffb35aa4000 	C:\Users\Admin\.gradle\native\5664cfc778a61ccfe75a443a1ab52a65af34e5dc3c78e0209fed803814484fcb\windows-amd64\native-platform-file-events.dll
0x00007ffb9a980000 - 0x00007ffb9a98a000 	C:\Program Files\Android\Android Studio\jre\bin\management.dll
0x00007ffb9a970000 - 0x00007ffb9a97d000 	C:\Program Files\Android\Android Studio\jre\bin\management_ext.dll
0x00007ffbbaa30000 - 0x00007ffbbaa48000 	C:\Windows\SYSTEM32\CRYPTSP.dll
0x00007ffbba3d0000 - 0x00007ffbba405000 	C:\Windows\system32\rsaenh.dll
0x00007ffbba8e0000 - 0x00007ffbba909000 	C:\Windows\SYSTEM32\USERENV.dll
0x00007ffbbabb0000 - 0x00007ffbbabd7000 	C:\Windows\SYSTEM32\bcrypt.dll
0x00007ffbbaa50000 - 0x00007ffbbaa5c000 	C:\Windows\SYSTEM32\CRYPTBASE.dll
0x00007ffbb9f20000 - 0x00007ffbb9f4d000 	C:\Windows\SYSTEM32\IPHLPAPI.DLL
0x00007ffbbc7f0000 - 0x00007ffbbc7f9000 	C:\Windows\System32\NSI.dll
0x00007ffbaff20000 - 0x00007ffbaff39000 	C:\Windows\SYSTEM32\dhcpcsvc6.DLL
0x00007ffbb0200000 - 0x00007ffbb021e000 	C:\Windows\SYSTEM32\dhcpcsvc.DLL
0x00007ffbb9f90000 - 0x00007ffbba077000 	C:\Windows\SYSTEM32\DNSAPI.dll

dbghelp: loaded successfully - version: 4.0.5 - missing functions: none
symbol engine: initialized successfully - sym options: 0x614 - pdb path: .;C:\Program Files\Android\Android Studio\jre\bin;C:\Windows\SYSTEM32;C:\Windows\WinSxS\amd64_microsoft.windows.common-controls_6595b64144ccf1df_6.0.22000.120_none_9d947278b86cc467;C:\Program Files\Android\Android Studio\jre\bin\server;C:\Users\Admin\.gradle\native\e1d6ef7f7dcc3fd88c89a11ec53ec762bb8ba0a96d01ffa2cd45eb1d1d8dd5c5\windows-amd64;C:\Users\Admin\.gradle\native\5664cfc778a61ccfe75a443a1ab52a65af34e5dc3c78e0209fed803814484fcb\windows-amd64

VM Arguments:
jvm_args: --add-opens=java.base/java.util=ALL-UNNAMED --add-opens=java.base/java.lang=ALL-UNNAMED --add-opens=java.base/java.lang.invoke=ALL-UNNAMED --add-opens=java.base/java.util=ALL-UNNAMED --add-opens=java.prefs/java.util.prefs=ALL-UNNAMED --add-opens=java.prefs/java.util.prefs=ALL-UNNAMED --add-opens=java.base/java.nio.charset=ALL-UNNAMED --add-opens=java.base/java.net=ALL-UNNAMED --add-opens=java.base/java.util.concurrent.atomic=ALL-UNNAMED -Xmx2048m -Dfile.encoding=UTF-8 -Duser.country=US -Duser.language=en -Duser.variant 
java_command: org.gradle.launcher.daemon.bootstrap.GradleDaemon 7.3.3
java_class_path (initial): C:\Users\Admin\.gradle\wrapper\dists\gradle-7.3.3-bin\6a41zxkdtcxs8rphpq6y0069z\gradle-7.3.3\lib\gradle-launcher-7.3.3.jar
Launcher Type: SUN_STANDARD

[Global flags]
     intx CICompilerCount                          = 3                                         {product} {ergonomic}
     uint ConcGCThreads                            = 1                                         {product} {ergonomic}
     uint G1ConcRefinementThreads                  = 4                                         {product} {ergonomic}
   size_t G1HeapRegionSize                         = 1048576                                   {product} {ergonomic}
    uintx GCDrainStackTargetSize                   = 64                                        {product} {ergonomic}
   size_t InitialHeapSize                          = 134217728                                 {product} {ergonomic}
   size_t MarkStackSize                            = 4194304                                   {product} {ergonomic}
   size_t MaxHeapSize                              = 2147483648                                {product} {command line}
   size_t MaxNewSize                               = 1287651328                                {product} {ergonomic}
   size_t MinHeapDeltaBytes                        = 1048576                                   {product} {ergonomic}
    uintx NonNMethodCodeHeapSize                   = 5830732                                {pd product} {ergonomic}
    uintx NonProfiledCodeHeapSize                  = 122913754                              {pd product} {ergonomic}
    uintx ProfiledCodeHeapSize                     = 122913754                              {pd product} {ergonomic}
    uintx ReservedCodeCacheSize                    = 251658240                              {pd product} {ergonomic}
     bool SegmentedCodeCache                       = true                                      {product} {ergonomic}
     bool UseCompressedClassPointers               = true                                 {lp64_product} {ergonomic}
     bool UseCompressedOops                        = true                                 {lp64_product} {ergonomic}
     bool UseG1GC                                  = true                                      {product} {ergonomic}
     bool UseLargePagesIndividualAllocation        = false                                  {pd product} {ergonomic}

Logging:
Log output configuration:
 #0: stdout all=warning uptime,level,tags
 #1: stderr all=off uptime,level,tags

Environment Variables:
PATH=C:\Program Files\Common Files\Oracle\Java\javapath;C:\Program Files (x86)\Common Files\Oracle\Java\javapath;C:\Windows\system32;C:\Windows;C:\Windows\System32\Wbem;C:\Windows\System32\WindowsPowerShell\v1.0\;C:\Windows\System32\OpenSSH\;C:\Program Files (x86)\Intel\Intel(R) Management Engine Components\DAL;C:\Program Files\Intel\Intel(R) Management Engine Components\DAL;C:\Program Files\Git\cmd;C:\Users\Admin\AppData\Local\Microsoft\WindowsApps;C:\Users\Admin\AppData\Local\Programs\Microsoft VS Code\bin;C:\Users\Admin\AppData\Local\atom\bin;C:\Users\Admin\AppData\Local\GitHubDesktop\bin
USERNAME=Admin
OS=Windows_NT
PROCESSOR_IDENTIFIER=Intel64 Family 6 Model 78 Stepping 3, GenuineIntel



---------------  S Y S T E M  ---------------

OS: Windows 10 , 64 bit Build 22000 (10.0.22000.434)
OS uptime: 0 days 0:34 hours

CPU:total 4 (initial active 4) (2 cores per cpu, 2 threads per core) family 6 model 78 stepping 3 microcode 0xd6, cmov, cx8, fxsr, mmx, sse, sse2, sse3, ssse3, sse4.1, sse4.2, popcnt, avx, avx2, aes, clmul, erms, rtm, 3dnowpref, lzcnt, ht, tsc, tscinvbit, bmi1, bmi2, adx, fma

Memory: 4k page, system-wide physical 8072M (911M free)
TotalPageFile size 8072M (AvailPageFile size 5M)
current process WorkingSet (physical memory assigned to process): 200M, peak: 201M
current process commit charge ("private bytes"): 282M, peak: 285M

vm_info: OpenJDK 64-Bit Server VM (11.0.12+7-b1504.28-7817840) for windows-amd64 JRE (11.0.12+7-b1504.28-7817840), built on Oct 13 2021 22:12:33 by "builder" with MS VC++ 14.0 (VS2015)

END.
